Log file open, 04/25/20 19:10:03
LogWindows: Failed to load 'aqProf.dll' (GetLastError=126)
LogWindows: File 'aqProf.dll' does not exist
LogWindows: Failed to load 'VtuneApi.dll' (GetLastError=126)
LogWindows: File 'VtuneApi.dll' does not exist
LogWindows: Failed to load 'VtuneApi32e.dll' (GetLastError=126)
LogWindows: File 'VtuneApi32e.dll' does not exist
LogConsoleResponse: Display: Failed to find resolution value strings in scalability ini. Falling back to default.
LogInit: Display: Running engine for game: VRDebugging
LogPlatformFile: Not using cached read wrapper
LogTaskGraph: Started task graph with 5 named threads and 20 total threads with 3 sets of task threads.
LogStats: Stats thread started at 0.249687
LogD3D11RHI: Loaded GFSDK_Aftermath_Lib.x64.dll
LogICUInternationalization: ICU TimeZone Detection - Raw Offset: -5:00, Platform Override: ''
LogPluginManager: Mounting plugin Paper2D
LogPluginManager: Mounting plugin AISupport
LogPluginManager: Mounting plugin LightPropagationVolume
LogPluginManager: Mounting plugin ActorLayerUtilities
LogPluginManager: Mounting plugin AnimationSharing
LogPluginManager: Mounting plugin CLionSourceCodeAccess
LogPluginManager: Mounting plugin CodeLiteSourceCodeAccess
LogPluginManager: Mounting plugin GitSourceControl
LogPluginManager: Mounting plugin KDevelopSourceCodeAccess
LogPluginManager: Mounting plugin NullSourceCodeAccess
LogPluginManager: Mounting plugin PerforceSourceControl
LogPluginManager: Mounting plugin SubversionSourceControl
LogPluginManager: Mounting plugin UObjectPlugin
LogPluginManager: Mounting plugin VisualStudioCodeSourceCodeAccess
LogPluginManager: Mounting plugin VisualStudioSourceCodeAccess
LogPluginManager: Mounting plugin XCodeSourceCodeAccess
LogPluginManager: Mounting plugin AssetManagerEditor
LogPluginManager: Mounting plugin CryptoKeys
LogPluginManager: Mounting plugin CurveEditorTools
LogPluginManager: Mounting plugin DataValidation
LogPluginManager: Mounting plugin FacialAnimation
LogPluginManager: Mounting plugin GameplayTagsEditor
LogPluginManager: Mounting plugin MacGraphicsSwitching
LogPluginManager: Mounting plugin MaterialAnalyzer
LogPluginManager: Mounting plugin MobileLauncherProfileWizard
LogPluginManager: Mounting plugin PluginBrowser
LogPluginManager: Mounting plugin SpeedTreeImporter
LogPluginManager: Mounting plugin DatasmithContent
LogPluginManager: Mounting plugin VariantManagerContent
LogPluginManager: Mounting plugin AlembicImporter
LogPluginManager: Mounting plugin AutomationUtils
LogPluginManager: Mounting plugin BackChannel
LogPluginManager: Mounting plugin CharacterAI
LogPluginManager: Mounting plugin GeometryCache
LogPluginManager: Mounting plugin HTML5Networking
LogPluginManager: Mounting plugin PlatformCrypto
LogPluginManager: Mounting plugin ProxyLODPlugin
LogPluginManager: Mounting plugin SkeletalReduction
LogPluginManager: Mounting plugin MagicLeap
LogPluginManager: Mounting plugin MagicLeapMedia
LogPluginManager: Mounting plugin AndroidMedia
LogPluginManager: Mounting plugin AvfMedia
LogPluginManager: Mounting plugin ImgMedia
LogPluginManager: Mounting plugin MediaCompositing
LogPluginManager: Mounting plugin MediaPlayerEditor
LogPluginManager: Mounting plugin WebMMedia
LogPluginManager: Mounting plugin WmfMedia
LogPluginManager: Mounting plugin TcpMessaging
LogPluginManager: Mounting plugin UdpMessaging
LogPluginManager: Mounting plugin ActorSequence
LogPluginManager: Mounting plugin LevelSequenceEditor
LogPluginManager: Mounting plugin MatineeToLevelSequence
LogPluginManager: Mounting plugin NetcodeUnitTest
LogPluginManager: Mounting plugin NUTUnrealEngine4
LogPluginManager: Mounting plugin OnlineSubsystemGooglePlay
LogPluginManager: Mounting plugin OnlineSubsystemIOS
LogPluginManager: Mounting plugin OnlineSubsystem
LogPluginManager: Mounting plugin OnlineSubsystemNull
LogPluginManager: Mounting plugin OnlineSubsystemUtils
LogPluginManager: Mounting plugin LauncherChunkInstaller
LogPluginManager: Mounting plugin AndroidDeviceProfileSelector
LogPluginManager: Mounting plugin AndroidMoviePlayer
LogPluginManager: Mounting plugin AndroidPermission
LogPluginManager: Mounting plugin AppleImageUtils
LogPluginManager: Mounting plugin AppleMoviePlayer
LogPluginManager: Mounting plugin ArchVisCharacter
LogPluginManager: Mounting plugin AudioCapture
LogPluginManager: Mounting plugin CableComponent
LogPluginManager: Mounting plugin CustomMeshComponent
LogPluginManager: Mounting plugin EditableMesh
LogPluginManager: Mounting plugin ExampleDeviceProfileSelector
LogPluginManager: Mounting plugin GoogleCloudMessaging
LogPluginManager: Mounting plugin IOSDeviceProfileSelector
LogPluginManager: Mounting plugin LinuxDeviceProfileSelector
LogPluginManager: Mounting plugin LocationServicesBPLibrary
LogPluginManager: Mounting plugin MobilePatchingUtils
LogPluginManager: Mounting plugin OculusVR
LogPluginManager: Mounting plugin PhysXVehicles
LogPluginManager: Mounting plugin ProceduralMeshComponent
LogPluginManager: Mounting plugin RuntimePhysXCooking
LogPluginManager: Mounting plugin SignificanceManager
LogPluginManager: Mounting plugin SteamVR
LogPluginManager: Mounting plugin WebMMoviePlayer
LogPluginManager: Mounting plugin WindowsMoviePlayer
LogPluginManager: Mounting plugin ScreenshotTools
LogInit: Using libcurl 7.55.1-DEV
LogInit:  - built for x86_64-pc-win32
LogInit:  - supports SSL with OpenSSL/1.1.1
LogInit:  - supports HTTP deflate (compression) using libz 1.2.8
LogInit:  - other features:
LogInit:      CURL_VERSION_SSL
LogInit:      CURL_VERSION_LIBZ
LogInit:      CURL_VERSION_IPV6
LogInit:      CURL_VERSION_ASYNCHDNS
LogInit:      CURL_VERSION_LARGEFILE
LogInit:      CURL_VERSION_IDN
LogInit:  CurlRequestOptions (configurable via config and command line):
LogInit:  - bVerifyPeer = true  - Libcurl will verify peer certificate
LogInit:  - bUseHttpProxy = false  - Libcurl will NOT use HTTP proxy
LogInit:  - bDontReuseConnections = false  - Libcurl will reuse connections
LogInit:  - MaxHostConnections = 16  - Libcurl will limit the number of connections to a host
LogInit:  - LocalHostAddr = Default
LogInit:  - BufferSize = 65536
LogOnline: OSS: Creating online subsystem instance for: NULL
LogInit: WinSock: version 1.1 (2.2), MaxSocks=32767, MaxUdp=65467
LogHMD: Failed initializing OVRPlugin 1.37.0
LogInit: Build: ++UE4+Release-4.23-CL-9631420
LogInit: Engine Version: 4.23.1-9631420+++UE4+Release-4.23
LogInit: Compatible Engine Version: 4.23.0-8386587+++UE4+Release-4.23
LogInit: Net CL: 8386587
LogInit: OS: Windows 10 (Release 1803) (), CPU: Intel(R) Core(TM) i5-8600K CPU @ 3.60GHz, GPU: NVIDIA GeForce GTX 1080
LogInit: Compiled (64-bit): Oct 18 2019 02:07:44
LogInit: Compiled with Visual C++: 19.16.27030.01
LogInit: Build Configuration: Development
LogInit: Branch Name: ++UE4+Release-4.23
LogInit: Command Line:  -skipcompile
LogInit: Base Directory: C:/Program Files/Epic Games/UE_4.23/Engine/Binaries/Win64/
LogInit: Installed Engine Build: 1
LogDevObjectVersion: Number of dev versions registered: 23
LogDevObjectVersion:   Dev-Blueprints (B0D832E4-1F89-4F0D-ACCF-7EB736FD4AA2): 10
LogDevObjectVersion:   Dev-Build (E1C64328-A22C-4D53-A36C-8E866417BD8C): 0
LogDevObjectVersion:   Dev-Core (375EC13C-06E4-48FB-B500-84F0262A717E): 3
LogDevObjectVersion:   Dev-Editor (E4B068ED-F494-42E9-A231-DA0B2E46BB41): 34
LogDevObjectVersion:   Dev-Framework (CFFC743F-43B0-4480-9391-14DF171D2073): 35
LogDevObjectVersion:   Dev-Mobile (B02B49B5-BB20-44E9-A304-32B752E40360): 2
LogDevObjectVersion:   Dev-Networking (A4E4105C-59A1-49B5-A7C5-40C4547EDFEE): 0
LogDevObjectVersion:   Dev-Online (39C831C9-5AE6-47DC-9A44-9C173E1C8E7C): 0
LogDevObjectVersion:   Dev-Physics (78F01B33-EBEA-4F98-B9B4-84EACCB95AA2): 0
LogDevObjectVersion:   Dev-Platform (6631380F-2D4D-43E0-8009-CF276956A95A): 0
LogDevObjectVersion:   Dev-Rendering (12F88B9F-8875-4AFC-A67C-D90C383ABD29): 31
LogDevObjectVersion:   Dev-Sequencer (7B5AE74C-D270-4C10-A958-57980B212A5A): 11
LogDevObjectVersion:   Dev-VR (D7296918-1DD6-4BDD-9DE2-64A83CC13884): 2
LogDevObjectVersion:   Dev-LoadTimes (C2A15278-BFE7-4AFE-6C17-90FF531DF755): 1
LogDevObjectVersion:   Private-Geometry (6EACA3D4-40EC-4CC1-B786-8BED09428FC5): 3
LogDevObjectVersion:   Dev-AnimPhys (29E575DD-E0A3-4627-9D10-D276232CDCEA): 17
LogDevObjectVersion:   Dev-Anim (AF43A65D-7FD3-4947-9873-3E8ED9C1BB05): 2
LogDevObjectVersion:   Dev-ReflectionCapture (6B266CEC-1EC7-4B8F-A30B-E4D90942FC07): 1
LogDevObjectVersion:   Dev-Automation (0DF73D61-A23F-47EA-B727-89E90C41499A): 1
LogDevObjectVersion:   FortniteMain (601D1886-AC64-4F84-AA16-D3DE0DEAC7D6): 27
LogDevObjectVersion:   Dev-Enterprise (9DFFBCD6-494F-0158-E221-12823C92A888): 6
LogDevObjectVersion:   Dev-Niagara (F2AED0AC-9AFE-416F-8664-AA7FFA26D6FC): 1
LogDevObjectVersion:   Dev-Destruction (174F1F0B-B4C6-45A5-B13F-2EE8D0FB917D): 9
LogInit: Presizing for max 16777216 objects, including 0 objects not considered by GC, pre-allocating 0 bytes for permanent pool.
LogInit: Object subsystem initialized
LogConfig: Setting CVar [[con.DebugEarlyDefault:1]]
LogConfig: Setting CVar [[r.setres:1280x720]]
[2020.04.25-23.10.04:679][  0]LogConfig: Setting CVar [[r.VSync:0]]
[2020.04.25-23.10.04:680][  0]LogConfig: Setting CVar [[r.RHICmdBypass:0]]
[2020.04.25-23.10.04:680][  0]LogConfig: Applying CVar settings from Section [/Script/Engine.RendererSettings] File [D:/1SCHOOL/Year 4/S2/Debugging/Final/VRDebugging/Saved/Config/Windows/Engine.ini]
[2020.04.25-23.10.04:680][  0]LogConfig: Setting CVar [[r.GPUCrashDebugging:0]]
[2020.04.25-23.10.04:680][  0]LogConfig: Setting CVar [[r.DefaultFeature.AmbientOcclusion:0]]
[2020.04.25-23.10.04:680][  0]LogConfig: Setting CVar [[r.DefaultFeature.AmbientOcclusionStaticFraction:0]]
[2020.04.25-23.10.04:680][  0]LogConfig: Setting CVar [[vr.InstancedStereo:1]]
[2020.04.25-23.10.04:680][  0]LogConfig: Setting CVar [[r.SeparateTranslucency:0]]
[2020.04.25-23.10.04:680][  0]LogConfig: Setting CVar [[r.HZBOcclusion:0]]
[2020.04.25-23.10.04:680][  0]LogConfig: Setting CVar [[r.SSR.MaxRoughness:0]]
[2020.04.25-23.10.04:680][  0]LogConfig: Setting CVar [[r.rhicmdbypass:0]]
[2020.04.25-23.10.04:680][  0]LogConfig: Applying CVar settings from Section [/Script/Engine.RendererOverrideSettings] File [D:/1SCHOOL/Year 4/S2/Debugging/Final/VRDebugging/Saved/Config/Windows/Engine.ini]
[2020.04.25-23.10.04:680][  0]LogConfig: Applying CVar settings from Section [/Script/Engine.StreamingSettings] File [D:/1SCHOOL/Year 4/S2/Debugging/Final/VRDebugging/Saved/Config/Windows/Engine.ini]
[2020.04.25-23.10.04:680][  0]LogConfig: Setting CVar [[s.MinBulkDataSizeForAsyncLoading:131072]]
[2020.04.25-23.10.04:680][  0]LogConfig: Setting CVar [[s.AsyncLoadingThreadEnabled:0]]
[2020.04.25-23.10.04:680][  0]LogConfig: Setting CVar [[s.EventDrivenLoaderEnabled:1]]
[2020.04.25-23.10.04:680][  0]LogConfig: Setting CVar [[s.WarnIfTimeLimitExceeded:0]]
[2020.04.25-23.10.04:680][  0]LogConfig: Setting CVar [[s.TimeLimitExceededMultiplier:1.5]]
[2020.04.25-23.10.04:680][  0]LogConfig: Setting CVar [[s.TimeLimitExceededMinTime:0.005]]
[2020.04.25-23.10.04:681][  0]LogConfig: Setting CVar [[s.UseBackgroundLevelStreaming:1]]
[2020.04.25-23.10.04:681][  0]LogConfig: Setting CVar [[s.PriorityAsyncLoadingExtraTime:15.0]]
[2020.04.25-23.10.04:681][  0]LogConfig: Setting CVar [[s.LevelStreamingActorsUpdateTimeLimit:5.0]]
[2020.04.25-23.10.04:681][  0]LogConfig: Setting CVar [[s.PriorityLevelStreamingActorsUpdateExtraTime:5.0]]
[2020.04.25-23.10.04:681][  0]LogConfig: Setting CVar [[s.LevelStreamingComponentsRegistrationGranularity:10]]
[2020.04.25-23.10.04:681][  0]LogConfig: Setting CVar [[s.UnregisterComponentsTimeLimit:1.0]]
[2020.04.25-23.10.04:681][  0]LogConfig: Setting CVar [[s.LevelStreamingComponentsUnregistrationGranularity:5]]
[2020.04.25-23.10.04:681][  0]LogConfig: Applying CVar settings from Section [/Script/Engine.GarbageCollectionSettings] File [D:/1SCHOOL/Year 4/S2/Debugging/Final/VRDebugging/Saved/Config/Windows/Engine.ini]
[2020.04.25-23.10.04:681][  0]LogConfig: Setting CVar [[gc.MaxObjectsNotConsideredByGC:1]]
[2020.04.25-23.10.04:681][  0]LogConfig: Setting CVar [[gc.SizeOfPermanentObjectPool:0]]
[2020.04.25-23.10.04:681][  0]LogConfig: Setting CVar [[gc.FlushStreamingOnGC:0]]
[2020.04.25-23.10.04:681][  0]LogConfig: Setting CVar [[gc.NumRetriesBeforeForcingGC:10]]
[2020.04.25-23.10.04:681][  0]LogConfig: Setting CVar [[gc.AllowParallelGC:1]]
[2020.04.25-23.10.04:681][  0]LogConfig: Setting CVar [[gc.TimeBetweenPurgingPendingKillObjects:61.1]]
[2020.04.25-23.10.04:681][  0]LogConfig: Setting CVar [[gc.MaxObjectsInEditor:16777216]]
[2020.04.25-23.10.04:681][  0]LogConfig: Setting CVar [[gc.IncrementalBeginDestroyEnabled:1]]
[2020.04.25-23.10.04:681][  0]LogConfig: Setting CVar [[gc.CreateGCClusters:1]]
[2020.04.25-23.10.04:681][  0]LogConfig: Setting CVar [[gc.MinGCClusterSize:5]]
[2020.04.25-23.10.04:682][  0]LogConfig: Setting CVar [[gc.ActorClusteringEnabled:0]]
[2020.04.25-23.10.04:682][  0]LogConfig: Setting CVar [[gc.BlueprintClusteringEnabled:0]]
[2020.04.25-23.10.04:682][  0]LogConfig: Setting CVar [[gc.UseDisregardForGCOnDedicatedServers:0]]
[2020.04.25-23.10.04:682][  0]LogConfig: Applying CVar settings from Section [/Script/Engine.NetworkSettings] File [D:/1SCHOOL/Year 4/S2/Debugging/Final/VRDebugging/Saved/Config/Windows/Engine.ini]
[2020.04.25-23.10.04:682][  0]LogConfig: Applying CVar settings from Section [/Script/UnrealEd.CookerSettings] File [D:/1SCHOOL/Year 4/S2/Debugging/Final/VRDebugging/Saved/Config/Windows/Engine.ini]
[2020.04.25-23.10.04:690][  0]LogConfig: Applying CVar settings from Section [ViewDistanceQuality@3] File [D:/1SCHOOL/Year 4/S2/Debugging/Final/VRDebugging/Saved/Config/Windows/Scalability.ini]
[2020.04.25-23.10.04:690][  0]LogConfig: Setting CVar [[r.SkeletalMeshLODBias:0]]
[2020.04.25-23.10.04:690][  0]LogConfig: Setting CVar [[r.ViewDistanceScale:1.0]]
[2020.04.25-23.10.04:691][  0]LogConfig: Applying CVar settings from Section [AntiAliasingQuality@3] File [D:/1SCHOOL/Year 4/S2/Debugging/Final/VRDebugging/Saved/Config/Windows/Scalability.ini]
[2020.04.25-23.10.04:691][  0]LogConfig: Setting CVar [[r.PostProcessAAQuality:3]]
[2020.04.25-23.10.04:691][  0]LogConfig: Applying CVar settings from Section [ShadowQuality@3] File [D:/1SCHOOL/Year 4/S2/Debugging/Final/VRDebugging/Saved/Config/Windows/Scalability.ini]
[2020.04.25-23.10.04:691][  0]LogConfig: Setting CVar [[r.LightFunctionQuality:1]]
[2020.04.25-23.10.04:691][  0]LogConfig: Setting CVar [[r.ShadowQuality:5]]
[2020.04.25-23.10.04:691][  0]LogConfig: Setting CVar [[r.Shadow.CSM.MaxCascades:10]]
[2020.04.25-23.10.04:691][  0]LogConfig: Setting CVar [[r.Shadow.MaxResolution:2048]]
[2020.04.25-23.10.04:691][  0]LogConfig: Setting CVar [[r.Shadow.MaxCSMResolution:2048]]
[2020.04.25-23.10.04:691][  0]LogConfig: Setting CVar [[r.Shadow.RadiusThreshold:0.01]]
[2020.04.25-23.10.04:691][  0]LogConfig: Setting CVar [[r.Shadow.DistanceScale:1.0]]
[2020.04.25-23.10.04:691][  0]LogConfig: Setting CVar [[r.Shadow.CSM.TransitionScale:1.0]]
[2020.04.25-23.10.04:691][  0]LogConfig: Setting CVar [[r.Shadow.PreShadowResolutionFactor:1.0]]
[2020.04.25-23.10.04:691][  0]LogConfig: Setting CVar [[r.DistanceFieldShadowing:1]]
[2020.04.25-23.10.04:691][  0]LogConfig: Setting CVar [[r.DistanceFieldAO:1]]
[2020.04.25-23.10.04:691][  0]LogConfig: Setting CVar [[r.AOQuality:2]]
[2020.04.25-23.10.04:691][  0]LogConfig: Setting CVar [[r.VolumetricFog:1]]
[2020.04.25-23.10.04:691][  0]LogConfig: Setting CVar [[r.VolumetricFog.GridPixelSize:8]]
[2020.04.25-23.10.04:691][  0]LogConfig: Setting CVar [[r.VolumetricFog.GridSizeZ:128]]
[2020.04.25-23.10.04:691][  0]LogConfig: Setting CVar [[r.VolumetricFog.HistoryMissSupersampleCount:4]]
[2020.04.25-23.10.04:691][  0]LogConfig: Setting CVar [[r.LightMaxDrawDistanceScale:1]]
[2020.04.25-23.10.04:691][  0]LogConfig: Setting CVar [[r.CapsuleShadows:1]]
[2020.04.25-23.10.04:691][  0]LogConfig: Applying CVar settings from Section [PostProcessQuality@3] File [D:/1SCHOOL/Year 4/S2/Debugging/Final/VRDebugging/Saved/Config/Windows/Scalability.ini]
[2020.04.25-23.10.04:691][  0]LogConfig: Setting CVar [[r.MotionBlurQuality:0]]
[2020.04.25-23.10.04:691][  0]LogConfig: Setting CVar [[r.AmbientOcclusionMipLevelFactor:0.4]]
[2020.04.25-23.10.04:691][  0]LogConfig: Setting CVar [[r.AmbientOcclusionMaxQuality:100]]
[2020.04.25-23.10.04:692][  0]LogConfig: Setting CVar [[r.AmbientOcclusionLevels:0]]
[2020.04.25-23.10.04:692][  0]LogConfig: Setting CVar [[r.AmbientOcclusionRadiusScale:1.0]]
[2020.04.25-23.10.04:692][  0]LogConfig: Setting CVar [[r.DepthOfFieldQuality:0]]
[2020.04.25-23.10.04:692][  0]LogConfig: Setting CVar [[r.RenderTargetPoolMin:400]]
[2020.04.25-23.10.04:692][  0]LogConfig: Setting CVar [[r.LensFlareQuality:0]]
[2020.04.25-23.10.04:692][  0]LogConfig: Setting CVar [[r.SceneColorFringeQuality:0]]
[2020.04.25-23.10.04:692][  0]LogConfig: Setting CVar [[r.EyeAdaptationQuality:2]]
[2020.04.25-23.10.04:692][  0]LogConfig: Setting CVar [[r.BloomQuality:1]]
[2020.04.25-23.10.04:693][  0]LogConfig: Setting CVar [[r.FastBlurThreshold:0]]
[2020.04.25-23.10.04:693][  0]LogConfig: Setting CVar [[r.Upscale.Quality:3]]
[2020.04.25-23.10.04:693][  0]LogConfig: Setting CVar [[r.Tonemapper.GrainQuantization:1]]
[2020.04.25-23.10.04:693][  0]LogConfig: Setting CVar [[r.LightShaftQuality:1]]
[2020.04.25-23.10.04:693][  0]LogConfig: Setting CVar [[r.Filter.SizeScale:1]]
[2020.04.25-23.10.04:693][  0]LogConfig: Setting CVar [[r.Tonemapper.Quality:5]]
[2020.04.25-23.10.04:693][  0]LogConfig: Setting CVar [[r.DOF.Gather.AccumulatorQuality:1        ; higher gathering accumulator quality]]
[2020.04.25-23.10.04:693][  0]LogConfig: Setting CVar [[r.DOF.Gather.PostfilterMethod:1          ; Median3x3 postfilering method]]
[2020.04.25-23.10.04:693][  0]LogConfig: Setting CVar [[r.DOF.Gather.EnableBokehSettings:0       ; no bokeh simulation when gathering]]
[2020.04.25-23.10.04:693][  0]LogConfig: Setting CVar [[r.DOF.Gather.RingCount:4                 ; medium number of samples when gathering]]
[2020.04.25-23.10.04:693][  0]LogConfig: Setting CVar [[r.DOF.Scatter.ForegroundCompositing:1    ; additive foreground scattering]]
[2020.04.25-23.10.04:693][  0]LogConfig: Setting CVar [[r.DOF.Scatter.BackgroundCompositing:2    ; additive background scattering]]
[2020.04.25-23.10.04:693][  0]LogConfig: Setting CVar [[r.DOF.Scatter.EnableBokehSettings:1      ; bokeh simulation when scattering]]
[2020.04.25-23.10.04:693][  0]LogConfig: Setting CVar [[r.DOF.Scatter.MaxSpriteRatio:0.1         ; only a maximum of 10% of scattered bokeh]]
[2020.04.25-23.10.04:693][  0]LogConfig: Setting CVar [[r.DOF.Recombine.Quality:1                ; cheap slight out of focus]]
[2020.04.25-23.10.04:693][  0]LogConfig: Setting CVar [[r.DOF.Recombine.EnableBokehSettings:0    ; no bokeh simulation on slight out of focus]]
[2020.04.25-23.10.04:693][  0]LogConfig: Setting CVar [[r.DOF.TemporalAAQuality:1                ; more stable temporal accumulation]]
[2020.04.25-23.10.04:694][  0]LogConfig: Setting CVar [[r.DOF.Kernel.MaxForegroundRadius:0.025]]
[2020.04.25-23.10.04:694][  0]LogConfig: Setting CVar [[r.DOF.Kernel.MaxBackgroundRadius:0.025]]
[2020.04.25-23.10.04:694][  0]LogConfig: Applying CVar settings from Section [TextureQuality@3] File [D:/1SCHOOL/Year 4/S2/Debugging/Final/VRDebugging/Saved/Config/Windows/Scalability.ini]
[2020.04.25-23.10.04:694][  0]LogConfig: Setting CVar [[r.Streaming.MipBias:0]]
[2020.04.25-23.10.04:694][  0]LogConfig: Setting CVar [[r.Streaming.AmortizeCPUToGPUCopy:0]]
[2020.04.25-23.10.04:694][  0]LogConfig: Setting CVar [[r.Streaming.MaxNumTexturesToStreamPerFrame:0]]
[2020.04.25-23.10.04:694][  0]LogConfig: Setting CVar [[r.Streaming.Boost:1]]
[2020.04.25-23.10.04:694][  0]LogConfig: Setting CVar [[r.MaxAnisotropy:8]]
[2020.04.25-23.10.04:694][  0]LogConfig: Setting CVar [[r.Streaming.LimitPoolSizeToVRAM:0]]
[2020.04.25-23.10.04:694][  0]LogConfig: Setting CVar [[r.Streaming.PoolSize:1000]]
[2020.04.25-23.10.04:694][  0]LogConfig: Setting CVar [[r.Streaming.MaxEffectiveScreenSize:0]]
[2020.04.25-23.10.04:694][  0]LogConfig: Applying CVar settings from Section [EffectsQuality@3] File [D:/1SCHOOL/Year 4/S2/Debugging/Final/VRDebugging/Saved/Config/Windows/Scalability.ini]
[2020.04.25-23.10.04:694][  0]LogConfig: Setting CVar [[r.TranslucencyLightingVolumeDim:4]]
[2020.04.25-23.10.04:694][  0]LogConfig: Setting CVar [[r.RefractionQuality:2]]
[2020.04.25-23.10.04:694][  0]LogConfig: Setting CVar [[r.SSR.Quality:0]]
[2020.04.25-23.10.04:694][  0]LogConfig: Setting CVar [[r.SceneColorFormat:2]]
[2020.04.25-23.10.04:694][  0]LogConfig: Setting CVar [[r.DetailMode:2]]
[2020.04.25-23.10.04:694][  0]LogConfig: Setting CVar [[r.TranslucencyVolumeBlur:0]]
[2020.04.25-23.10.04:694][  0]LogConfig: Setting CVar [[r.MaterialQualityLevel:1 ; High quality]]
[2020.04.25-23.10.04:694][  0]LogConfig: Setting CVar [[r.SSS.Scale:1]]
[2020.04.25-23.10.04:694][  0]LogConfig: Setting CVar [[r.SSS.SampleSet:2]]
[2020.04.25-23.10.04:694][  0]LogConfig: Setting CVar [[r.SSS.Quality:1]]
[2020.04.25-23.10.04:694][  0]LogConfig: Setting CVar [[r.SSS.HalfRes:1]]
[2020.04.25-23.10.04:694][  0]LogConfig: Setting CVar [[r.EmitterSpawnRateScale:1.0]]
[2020.04.25-23.10.04:695][  0]LogConfig: Setting CVar [[r.ParticleLightQuality:2]]
[2020.04.25-23.10.04:695][  0]LogConfig: Applying CVar settings from Section [FoliageQuality@3] File [D:/1SCHOOL/Year 4/S2/Debugging/Final/VRDebugging/Saved/Config/Windows/Scalability.ini]
[2020.04.25-23.10.04:696][  0]LogConfig: Setting CVar [[foliage.DensityScale:1.0]]
[2020.04.25-23.10.04:696][  0]LogConfig: Setting CVar [[grass.DensityScale:1.0]]
[2020.04.25-23.10.04:696][  0]LogInit: Selected Device Profile: [Windows]
[2020.04.25-23.10.04:696][  0]LogInit: Applying CVar settings loaded from the selected device profile: [Windows]
[2020.04.25-23.10.04:698][  0]LogHAL: Display: Platform has ~ 16 GB [17110634496 / 17179869184 / 16], which maps to Larger [LargestMinGB=32, LargerMinGB=12, DefaultMinGB=8, SmallerMinGB=6, SmallestMinGB=0)
[2020.04.25-23.10.04:698][  0]LogInit: Going up to parent DeviceProfile []
[2020.04.25-23.10.04:699][  0]LogConfig: Applying CVar settings from Section [ViewDistanceQuality@3] File [D:/1SCHOOL/Year 4/S2/Debugging/Final/VRDebugging/Saved/Config/Windows/Scalability.ini]
[2020.04.25-23.10.04:699][  0]LogConfig: Setting CVar [[r.SkeletalMeshLODBias:0]]
[2020.04.25-23.10.04:699][  0]LogConfig: Setting CVar [[r.ViewDistanceScale:1.0]]
[2020.04.25-23.10.04:699][  0]LogConfig: Applying CVar settings from Section [AntiAliasingQuality@3] File [D:/1SCHOOL/Year 4/S2/Debugging/Final/VRDebugging/Saved/Config/Windows/Scalability.ini]
[2020.04.25-23.10.04:699][  0]LogConfig: Setting CVar [[r.PostProcessAAQuality:3]]
[2020.04.25-23.10.04:699][  0]LogConfig: Applying CVar settings from Section [ShadowQuality@3] File [D:/1SCHOOL/Year 4/S2/Debugging/Final/VRDebugging/Saved/Config/Windows/Scalability.ini]
[2020.04.25-23.10.04:699][  0]LogConfig: Setting CVar [[r.LightFunctionQuality:1]]
[2020.04.25-23.10.04:699][  0]LogConfig: Setting CVar [[r.ShadowQuality:5]]
[2020.04.25-23.10.04:699][  0]LogConfig: Setting CVar [[r.Shadow.CSM.MaxCascades:10]]
[2020.04.25-23.10.04:699][  0]LogConfig: Setting CVar [[r.Shadow.MaxResolution:2048]]
[2020.04.25-23.10.04:699][  0]LogConfig: Setting CVar [[r.Shadow.MaxCSMResolution:2048]]
[2020.04.25-23.10.04:699][  0]LogConfig: Setting CVar [[r.Shadow.RadiusThreshold:0.01]]
[2020.04.25-23.10.04:699][  0]LogConfig: Setting CVar [[r.Shadow.DistanceScale:1.0]]
[2020.04.25-23.10.04:699][  0]LogConfig: Setting CVar [[r.Shadow.CSM.TransitionScale:1.0]]
[2020.04.25-23.10.04:699][  0]LogConfig: Setting CVar [[r.Shadow.PreShadowResolutionFactor:1.0]]
[2020.04.25-23.10.04:699][  0]LogConfig: Setting CVar [[r.DistanceFieldShadowing:1]]
[2020.04.25-23.10.04:699][  0]LogConfig: Setting CVar [[r.DistanceFieldAO:1]]
[2020.04.25-23.10.04:699][  0]LogConfig: Setting CVar [[r.AOQuality:2]]
[2020.04.25-23.10.04:699][  0]LogConfig: Setting CVar [[r.VolumetricFog:1]]
[2020.04.25-23.10.04:699][  0]LogConfig: Setting CVar [[r.VolumetricFog.GridPixelSize:8]]
[2020.04.25-23.10.04:699][  0]LogConfig: Setting CVar [[r.VolumetricFog.GridSizeZ:128]]
[2020.04.25-23.10.04:700][  0]LogConfig: Setting CVar [[r.VolumetricFog.HistoryMissSupersampleCount:4]]
[2020.04.25-23.10.04:700][  0]LogConfig: Setting CVar [[r.LightMaxDrawDistanceScale:1]]
[2020.04.25-23.10.04:700][  0]LogConfig: Setting CVar [[r.CapsuleShadows:1]]
[2020.04.25-23.10.04:700][  0]LogConfig: Applying CVar settings from Section [PostProcessQuality@3] File [D:/1SCHOOL/Year 4/S2/Debugging/Final/VRDebugging/Saved/Config/Windows/Scalability.ini]
[2020.04.25-23.10.04:700][  0]LogConfig: Setting CVar [[r.MotionBlurQuality:0]]
[2020.04.25-23.10.04:700][  0]LogConfig: Setting CVar [[r.AmbientOcclusionMipLevelFactor:0.4]]
[2020.04.25-23.10.04:700][  0]LogConfig: Setting CVar [[r.AmbientOcclusionMaxQuality:100]]
[2020.04.25-23.10.04:700][  0]LogConfig: Setting CVar [[r.AmbientOcclusionLevels:0]]
[2020.04.25-23.10.04:700][  0]LogConfig: Setting CVar [[r.AmbientOcclusionRadiusScale:1.0]]
[2020.04.25-23.10.04:700][  0]LogConfig: Setting CVar [[r.DepthOfFieldQuality:0]]
[2020.04.25-23.10.04:700][  0]LogConfig: Setting CVar [[r.RenderTargetPoolMin:400]]
[2020.04.25-23.10.04:700][  0]LogConfig: Setting CVar [[r.LensFlareQuality:0]]
[2020.04.25-23.10.04:700][  0]LogConfig: Setting CVar [[r.SceneColorFringeQuality:0]]
[2020.04.25-23.10.04:700][  0]LogConfig: Setting CVar [[r.EyeAdaptationQuality:2]]
[2020.04.25-23.10.04:700][  0]LogConfig: Setting CVar [[r.BloomQuality:1]]
[2020.04.25-23.10.04:700][  0]LogConfig: Setting CVar [[r.FastBlurThreshold:0]]
[2020.04.25-23.10.04:700][  0]LogConfig: Setting CVar [[r.Upscale.Quality:3]]
[2020.04.25-23.10.04:700][  0]LogConfig: Setting CVar [[r.Tonemapper.GrainQuantization:1]]
[2020.04.25-23.10.04:700][  0]LogConfig: Setting CVar [[r.LightShaftQuality:1]]
[2020.04.25-23.10.04:700][  0]LogConfig: Setting CVar [[r.Filter.SizeScale:1]]
[2020.04.25-23.10.04:700][  0]LogConfig: Setting CVar [[r.Tonemapper.Quality:5]]
[2020.04.25-23.10.04:700][  0]LogConfig: Setting CVar [[r.DOF.Gather.AccumulatorQuality:1        ; higher gathering accumulator quality]]
[2020.04.25-23.10.04:700][  0]LogConfig: Setting CVar [[r.DOF.Gather.PostfilterMethod:1          ; Median3x3 postfilering method]]
[2020.04.25-23.10.04:701][  0]LogConfig: Setting CVar [[r.DOF.Gather.EnableBokehSettings:0       ; no bokeh simulation when gathering]]
[2020.04.25-23.10.04:701][  0]LogConfig: Setting CVar [[r.DOF.Gather.RingCount:4                 ; medium number of samples when gathering]]
[2020.04.25-23.10.04:701][  0]LogConfig: Setting CVar [[r.DOF.Scatter.ForegroundCompositing:1    ; additive foreground scattering]]
[2020.04.25-23.10.04:701][  0]LogConfig: Setting CVar [[r.DOF.Scatter.BackgroundCompositing:2    ; additive background scattering]]
[2020.04.25-23.10.04:701][  0]LogConfig: Setting CVar [[r.DOF.Scatter.EnableBokehSettings:1      ; bokeh simulation when scattering]]
[2020.04.25-23.10.04:701][  0]LogConfig: Setting CVar [[r.DOF.Scatter.MaxSpriteRatio:0.1         ; only a maximum of 10% of scattered bokeh]]
[2020.04.25-23.10.04:701][  0]LogConfig: Setting CVar [[r.DOF.Recombine.Quality:1                ; cheap slight out of focus]]
[2020.04.25-23.10.04:701][  0]LogConfig: Setting CVar [[r.DOF.Recombine.EnableBokehSettings:0    ; no bokeh simulation on slight out of focus]]
[2020.04.25-23.10.04:701][  0]LogConfig: Setting CVar [[r.DOF.TemporalAAQuality:1                ; more stable temporal accumulation]]
[2020.04.25-23.10.04:701][  0]LogConfig: Setting CVar [[r.DOF.Kernel.MaxForegroundRadius:0.025]]
[2020.04.25-23.10.04:701][  0]LogConfig: Setting CVar [[r.DOF.Kernel.MaxBackgroundRadius:0.025]]
[2020.04.25-23.10.04:701][  0]LogConfig: Applying CVar settings from Section [TextureQuality@3] File [D:/1SCHOOL/Year 4/S2/Debugging/Final/VRDebugging/Saved/Config/Windows/Scalability.ini]
[2020.04.25-23.10.04:701][  0]LogConfig: Setting CVar [[r.Streaming.MipBias:0]]
[2020.04.25-23.10.04:701][  0]LogConfig: Setting CVar [[r.Streaming.AmortizeCPUToGPUCopy:0]]
[2020.04.25-23.10.04:701][  0]LogConfig: Setting CVar [[r.Streaming.MaxNumTexturesToStreamPerFrame:0]]
[2020.04.25-23.10.04:701][  0]LogConfig: Setting CVar [[r.Streaming.Boost:1]]
[2020.04.25-23.10.04:701][  0]LogConfig: Setting CVar [[r.MaxAnisotropy:8]]
[2020.04.25-23.10.04:701][  0]LogConfig: Setting CVar [[r.Streaming.LimitPoolSizeToVRAM:0]]
[2020.04.25-23.10.04:701][  0]LogConfig: Setting CVar [[r.Streaming.PoolSize:1000]]
[2020.04.25-23.10.04:701][  0]LogConfig: Setting CVar [[r.Streaming.MaxEffectiveScreenSize:0]]
[2020.04.25-23.10.04:702][  0]LogConfig: Applying CVar settings from Section [EffectsQuality@3] File [D:/1SCHOOL/Year 4/S2/Debugging/Final/VRDebugging/Saved/Config/Windows/Scalability.ini]
[2020.04.25-23.10.04:702][  0]LogConfig: Setting CVar [[r.TranslucencyLightingVolumeDim:4]]
[2020.04.25-23.10.04:702][  0]LogConfig: Setting CVar [[r.RefractionQuality:2]]
[2020.04.25-23.10.04:702][  0]LogConfig: Setting CVar [[r.SSR.Quality:0]]
[2020.04.25-23.10.04:702][  0]LogConfig: Setting CVar [[r.SceneColorFormat:2]]
[2020.04.25-23.10.04:702][  0]LogConfig: Setting CVar [[r.DetailMode:2]]
[2020.04.25-23.10.04:702][  0]LogConfig: Setting CVar [[r.TranslucencyVolumeBlur:0]]
[2020.04.25-23.10.04:702][  0]LogConfig: Setting CVar [[r.MaterialQualityLevel:1 ; High quality]]
[2020.04.25-23.10.04:702][  0]LogConfig: Setting CVar [[r.SSS.Scale:1]]
[2020.04.25-23.10.04:702][  0]LogConfig: Setting CVar [[r.SSS.SampleSet:2]]
[2020.04.25-23.10.04:702][  0]LogConfig: Setting CVar [[r.SSS.Quality:1]]
[2020.04.25-23.10.04:702][  0]LogConfig: Setting CVar [[r.SSS.HalfRes:1]]
[2020.04.25-23.10.04:702][  0]LogConfig: Setting CVar [[r.EmitterSpawnRateScale:1.0]]
[2020.04.25-23.10.04:702][  0]LogConfig: Setting CVar [[r.ParticleLightQuality:2]]
[2020.04.25-23.10.04:702][  0]LogConfig: Applying CVar settings from Section [FoliageQuality@3] File [D:/1SCHOOL/Year 4/S2/Debugging/Final/VRDebugging/Saved/Config/Windows/Scalability.ini]
[2020.04.25-23.10.04:702][  0]LogConfig: Setting CVar [[foliage.DensityScale:1.0]]
[2020.04.25-23.10.04:702][  0]LogConfig: Setting CVar [[grass.DensityScale:1.0]]
[2020.04.25-23.10.04:702][  0]LogConfig: Applying CVar settings from Section [Startup] File [../../../Engine/Config/ConsoleVariables.ini]
[2020.04.25-23.10.04:703][  0]LogConfig: Setting CVar [[net.UseAdaptiveNetUpdateFrequency:0]]
[2020.04.25-23.10.04:703][  0]LogConfig: Setting CVar [[p.chaos.AllowCreatePhysxBodies:1]]
[2020.04.25-23.10.04:703][  0]LogConfig: Applying CVar settings from Section [ConsoleVariables] File [D:/1SCHOOL/Year 4/S2/Debugging/Final/VRDebugging/Saved/Config/Windows/Engine.ini]
[2020.04.25-23.10.04:703][  0]LogInit: Computer: DESKTOP-4MBKR71
[2020.04.25-23.10.04:703][  0]LogInit: User: Alex
[2020.04.25-23.10.04:703][  0]LogInit: CPU Page size=4096, Cores=6
[2020.04.25-23.10.04:703][  0]LogInit: High frequency timer resolution =3.515621 MHz
[2020.04.25-23.10.04:703][  0]LogMemory: Memory total: Physical=15.9GB (16GB approx)
[2020.04.25-23.10.04:703][  0]LogMemory: Platform Memory Stats for Windows
[2020.04.25-23.10.04:703][  0]LogMemory: Process Physical Memory: 103.23 MB used, 103.23 MB peak
[2020.04.25-23.10.04:703][  0]LogMemory: Process Virtual Memory: 92.19 MB used, 92.19 MB peak
[2020.04.25-23.10.04:703][  0]LogMemory: Physical Memory: 9555.84 MB used,  6762.13 MB free, 16317.97 MB total
[2020.04.25-23.10.04:703][  0]LogMemory: Virtual Memory: 4685.11 MB used,  134213040.00 MB free, 134217728.00 MB total
[2020.04.25-23.10.04:711][  0]LogWindows: WindowsPlatformFeatures enabled
[2020.04.25-23.10.05:025][  0]LogInit: Using OS detected language (en-US).
[2020.04.25-23.10.05:025][  0]LogInit: Using OS detected locale (en-US).
[2020.04.25-23.10.05:026][  0]LogTextLocalizationManager: No specific localization for 'en-US' exists, so the 'en' localization will be used.
[2020.04.25-23.10.05:184][  0]LogInit: Setting process to per monitor DPI aware
[2020.04.25-23.10.05:262][  0]LogSlate: New Slate User Created.  User Index 0, Is Virtual User: 0
[2020.04.25-23.10.05:262][  0]LogSlate: Slate User Registered.  User Index 0, Is Virtual User: 0
[2020.04.25-23.10.09:510][  0]LogD3D11RHI: D3D11 adapters:
[2020.04.25-23.10.09:592][  0]LogD3D11RHI:    0. 'NVIDIA GeForce GTX 1080' (Feature Level 11_0)
[2020.04.25-23.10.09:592][  0]LogD3D11RHI:       8079/0/8158 MB DedicatedVideo/DedicatedSystem/SharedSystem, Outputs:2, VendorId:0x10de
[2020.04.25-23.10.09:600][  0]LogD3D11RHI:    1. 'Microsoft Basic Render Driver' (Feature Level 11_0)
[2020.04.25-23.10.09:600][  0]LogD3D11RHI:       0/0/8158 MB DedicatedVideo/DedicatedSystem/SharedSystem, Outputs:0, VendorId:0x1414
[2020.04.25-23.10.09:600][  0]LogD3D11RHI: Chosen D3D11 Adapter: 0
[2020.04.25-23.10.09:611][  0]LogD3D11RHI: Creating new Direct3DDevice
[2020.04.25-23.10.09:613][  0]LogD3D11RHI:     GPU DeviceId: 0x1b80 (for the marketing name, search the web for "GPU Device Id")
[2020.04.25-23.10.09:613][  0]LogWindows: EnumDisplayDevices:
[2020.04.25-23.10.09:614][  0]LogWindows:    0. 'NVIDIA GeForce GTX 1080' (P:1 D:1)
[2020.04.25-23.10.09:614][  0]LogWindows:    1. 'NVIDIA GeForce GTX 1080' (P:0 D:1)
[2020.04.25-23.10.09:614][  0]LogWindows:    2. 'NVIDIA GeForce GTX 1080' (P:0 D:0)
[2020.04.25-23.10.09:614][  0]LogWindows:    3. 'NVIDIA GeForce GTX 1080' (P:0 D:0)
[2020.04.25-23.10.09:615][  0]LogWindows: DebugString: FoundDriverCount:4 
[2020.04.25-23.10.09:615][  0]LogD3D11RHI:     Adapter Name: NVIDIA GeForce GTX 1080
[2020.04.25-23.10.09:615][  0]LogD3D11RHI:   Driver Version: 442.74 (internal:26.21.14.4274, unified:442.74)
[2020.04.25-23.10.09:615][  0]LogD3D11RHI:      Driver Date: 3-13-2020
[2020.04.25-23.10.09:615][  0]LogRHI: Texture pool is 5655 MB (70% of 8079 MB)
[2020.04.25-23.10.09:664][  0]LogD3D11RHI: Async texture creation enabled
[2020.04.25-23.10.09:676][  0]LogD3D11RHI: GPU Timing Frequency: 1000.000000 (Debug: 2 1)
[2020.04.25-23.10.09:971][  0]LogTemp: Display: Module 'AllDesktopTargetPlatform' loaded TargetPlatform 'AllDesktop'
[2020.04.25-23.10.09:981][  0]LogTemp: Display: Module 'MacClientTargetPlatform' loaded TargetPlatform 'MacClient'
[2020.04.25-23.10.09:991][  0]LogTemp: Display: Module 'MacNoEditorTargetPlatform' loaded TargetPlatform 'MacNoEditor'
[2020.04.25-23.10.10:001][  0]LogTemp: Display: Module 'MacServerTargetPlatform' loaded TargetPlatform 'MacServer'
[2020.04.25-23.10.10:011][  0]LogTemp: Display: Module 'MacTargetPlatform' loaded TargetPlatform 'Mac'
[2020.04.25-23.10.10:021][  0]LogTemp: Display: Module 'WindowsClientTargetPlatform' loaded TargetPlatform 'WindowsClient'
[2020.04.25-23.10.10:032][  0]LogTemp: Display: Module 'WindowsNoEditorTargetPlatform' loaded TargetPlatform 'WindowsNoEditor'
[2020.04.25-23.10.10:042][  0]LogTemp: Display: Module 'WindowsServerTargetPlatform' loaded TargetPlatform 'WindowsServer'
[2020.04.25-23.10.10:050][  0]LogTemp: Display: Module 'WindowsTargetPlatform' loaded TargetPlatform 'Windows'
[2020.04.25-23.10.10:085][  0]LogTemp: Display: Module 'AndroidTargetPlatform' loaded TargetPlatform 'Android'
[2020.04.25-23.10.10:085][  0]LogTemp: Display: Module 'AndroidTargetPlatform' loaded TargetPlatform 'Android_ASTC'
[2020.04.25-23.10.10:085][  0]LogTemp: Display: Module 'AndroidTargetPlatform' loaded TargetPlatform 'Android_ATC'
[2020.04.25-23.10.10:085][  0]LogTemp: Display: Module 'AndroidTargetPlatform' loaded TargetPlatform 'Android_DXT'
[2020.04.25-23.10.10:085][  0]LogTemp: Display: Module 'AndroidTargetPlatform' loaded TargetPlatform 'Android_ETC1'
[2020.04.25-23.10.10:085][  0]LogTemp: Display: Module 'AndroidTargetPlatform' loaded TargetPlatform 'Android_ETC1a'
[2020.04.25-23.10.10:085][  0]LogTemp: Display: Module 'AndroidTargetPlatform' loaded TargetPlatform 'Android_ETC2'
[2020.04.25-23.10.10:085][  0]LogTemp: Display: Module 'AndroidTargetPlatform' loaded TargetPlatform 'Android_PVRTC'
[2020.04.25-23.10.10:085][  0]LogTemp: Display: Module 'AndroidTargetPlatform' loaded TargetPlatform 'AndroidClient'
[2020.04.25-23.10.10:085][  0]LogTemp: Display: Module 'AndroidTargetPlatform' loaded TargetPlatform 'Android_ASTCClient'
[2020.04.25-23.10.10:085][  0]LogTemp: Display: Module 'AndroidTargetPlatform' loaded TargetPlatform 'Android_ATCClient'
[2020.04.25-23.10.10:085][  0]LogTemp: Display: Module 'AndroidTargetPlatform' loaded TargetPlatform 'Android_DXTClient'
[2020.04.25-23.10.10:085][  0]LogTemp: Display: Module 'AndroidTargetPlatform' loaded TargetPlatform 'Android_ETC1Client'
[2020.04.25-23.10.10:085][  0]LogTemp: Display: Module 'AndroidTargetPlatform' loaded TargetPlatform 'Android_ETC1aClient'
[2020.04.25-23.10.10:085][  0]LogTemp: Display: Module 'AndroidTargetPlatform' loaded TargetPlatform 'Android_ETC2Client'
[2020.04.25-23.10.10:085][  0]LogTemp: Display: Module 'AndroidTargetPlatform' loaded TargetPlatform 'Android_PVRTCClient'
[2020.04.25-23.10.10:086][  0]LogTemp: Display: Module 'AndroidTargetPlatform' loaded TargetPlatform 'Android_Multi'
[2020.04.25-23.10.10:086][  0]LogTemp: Display: Module 'AndroidTargetPlatform' loaded TargetPlatform 'Android_MultiClient'
[2020.04.25-23.10.10:090][  0]LogTemp: Display: Module 'HTML5TargetPlatform' loaded TargetPlatform 'HTML5'
[2020.04.25-23.10.10:112][  0]LogTemp: Display: Module 'IOSTargetPlatform' loaded TargetPlatform 'IOSClient'
[2020.04.25-23.10.10:112][  0]LogTemp: Display: Module 'IOSTargetPlatform' loaded TargetPlatform 'IOS'
[2020.04.25-23.10.10:127][  0]LogTemp: Display: Module 'TVOSTargetPlatform' loaded TargetPlatform 'TVOSClient'
[2020.04.25-23.10.10:127][  0]LogTemp: Display: Module 'TVOSTargetPlatform' loaded TargetPlatform 'TVOS'
[2020.04.25-23.10.10:134][  0]LogTemp: Display: Module 'LinuxClientTargetPlatform' loaded TargetPlatform 'LinuxClient'
[2020.04.25-23.10.10:141][  0]LogTemp: Display: Module 'LinuxNoEditorTargetPlatform' loaded TargetPlatform 'LinuxNoEditor'
[2020.04.25-23.10.10:149][  0]LogTemp: Display: Module 'LinuxServerTargetPlatform' loaded TargetPlatform 'LinuxServer'
[2020.04.25-23.10.10:158][  0]LogTemp: Display: Module 'LinuxTargetPlatform' loaded TargetPlatform 'Linux'
[2020.04.25-23.10.10:184][  0]LogTemp: Display: Module 'LuminTargetPlatform' loaded TargetPlatform 'Lumin'
[2020.04.25-23.10.10:184][  0]LogTemp: Display: Module 'LuminTargetPlatform' loaded TargetPlatform 'LuminClient'
[2020.04.25-23.10.10:184][  0]LogTargetPlatformManager: Display: Building Assets For Windows
[2020.04.25-23.10.10:200][  0]LogAudioDebug: Display: Lib vorbis DLL was dynamically loaded.
[2020.04.25-23.10.10:288][  0]LogShaderCompilers: Guid format shader working directory is -3 characters bigger than the processId version (D:/1SCHOOL/Year 4/S2/Debugging/Final/VRDebugging/Intermediate/Shaders/WorkingDirectory/16740/).
[2020.04.25-23.10.10:288][  0]LogShaderCompilers: Cleaned the shader compiler working directory 'C:/Users/alexa/AppData/Local/Temp/UnrealShaderWorkingDir/88132A964A891E60A056C7B0DDB7DBB6/'.
[2020.04.25-23.10.10:291][  0]LogXGEController: Cannot use XGE Controller as Incredibuild is not installed on this machine.
[2020.04.25-23.10.10:291][  0]LogShaderCompilers: Cannot use XGE Shader Compiler as Incredibuild is not installed on this machine.
[2020.04.25-23.10.10:291][  0]LogShaderCompilers: Display: Using Local Shader Compiler.
[2020.04.25-23.10.10:892][  0]LogDerivedDataCache: Display: Max Cache Size: 512 MB
[2020.04.25-23.10.10:952][  0]LogDerivedDataCache: Loaded boot cache 0.06s 77MB C:/Users/alexa/AppData/Local/UnrealEngine/4.23/DerivedDataCache/Boot.ddc.
[2020.04.25-23.10.10:952][  0]LogDerivedDataCache: Display: Loaded Boot cache: C:/Users/alexa/AppData/Local/UnrealEngine/4.23/DerivedDataCache/Boot.ddc
[2020.04.25-23.10.10:952][  0]LogDerivedDataCache: FDerivedDataBackendGraph:  Pak pak cache file D:/1SCHOOL/Year 4/S2/Debugging/Final/VRDebugging/DerivedDataCache/DDC.ddp not found, will not use a pak cache.
[2020.04.25-23.10.10:952][  0]LogDerivedDataCache: Unable to find inner node Pak for hierarchical cache Hierarchy.
[2020.04.25-23.10.10:952][  0]LogDerivedDataCache: FDerivedDataBackendGraph:  CompressedPak pak cache file D:/1SCHOOL/Year 4/S2/Debugging/Final/VRDebugging/DerivedDataCache/Compressed.ddp not found, will not use a pak cache.
[2020.04.25-23.10.10:953][  0]LogDerivedDataCache: Unable to find inner node CompressedPak for hierarchical cache Hierarchy.
[2020.04.25-23.10.10:963][  0]LogDerivedDataCache: Display: Pak cache opened for reading ../../../Engine/DerivedDataCache/Compressed.ddp.
[2020.04.25-23.10.10:963][  0]LogDerivedDataCache: FDerivedDataBackendGraph:  EnterprisePak pak cache file ../../../Enterprise/DerivedDataCache/Compressed.ddp not found, will not use a pak cache.
[2020.04.25-23.10.10:963][  0]LogDerivedDataCache: Unable to find inner node EnterprisePak for hierarchical cache Hierarchy.
[2020.04.25-23.10.10:965][  0]LogDerivedDataCache: Using Local data cache path C:/Users/alexa/AppData/Local/UnrealEngine/Common/DerivedDataCache: Writable
[2020.04.25-23.10.10:965][  0]LogDerivedDataCache: Shared data cache path not found in *engine.ini, will not use an Shared cache.
[2020.04.25-23.10.10:965][  0]LogDerivedDataCache: Unable to find inner node Shared for hierarchical cache Hierarchy.
[2020.04.25-23.10.10:988][  0]LogMaterial: Verifying Global Shaders for PCD3D_SM5
[2020.04.25-23.10.10:992][  0]LogSlate: Using FreeType 2.6.0
[2020.04.25-23.10.10:992][  0]LogSlate: SlateFontServices - WITH_FREETYPE: 1, WITH_HARFBUZZ: 1
[2020.04.25-23.10.11:052][  0]LogAssetRegistry: FAssetRegistry took 0.0049 seconds to start up
[2020.04.25-23.10.11:324][  0]LogInit: Selected Device Profile: [Windows]
[2020.04.25-23.10.11:495][  0]LogMeshReduction: Using QuadricMeshReduction for automatic static mesh reduction
[2020.04.25-23.10.11:495][  0]LogMeshReduction: Using SimplygonMeshReduction for automatic skeletal mesh reduction
[2020.04.25-23.10.11:495][  0]LogMeshReduction: Using ProxyLODMeshReduction for automatic mesh merging
[2020.04.25-23.10.11:495][  0]LogMeshReduction: No distributed automatic mesh merging module available
[2020.04.25-23.10.11:495][  0]LogMeshMerging: No distributed automatic mesh merging module available
[2020.04.25-23.10.11:505][  0]LogNetVersion: VRDebugging 1.0.0, NetCL: 8386587, EngineNetVer: 11, GameNetVer: 0 (Checksum: 3060877490)
[2020.04.25-23.10.11:909][  0]LogPackageLocalizationCache: Processed 12 localized package path(s) for 1 prioritized culture(s) in 0.039539 seconds
[2020.04.25-23.10.11:919][  0]LogUObjectArray: 43444 objects as part of root set at end of initial load.
[2020.04.25-23.10.11:919][  0]LogUObjectAllocator: 7548648 out of 0 bytes used by permanent object pool.
[2020.04.25-23.10.11:919][  0]LogUObjectArray: CloseDisregardForGC: 0/0 objects in disregard for GC pool
[2020.04.25-23.10.12:795][  0]LogTcpMessaging: Initializing TcpMessaging bridge
[2020.04.25-23.10.12:800][  0]LogUdpMessaging: Initializing bridge on interface 0.0.0.0:0 to multicast group 230.0.0.1:6666.
[2020.04.25-23.10.13:012][  0]SourceControl: Source control is disabled
[2020.04.25-23.10.13:012][  0]SourceControl: Source control is disabled
[2020.04.25-23.10.13:014][  0]SourceControl: Source control is disabled
[2020.04.25-23.10.13:016][  0]SourceControl: Source control is disabled
[2020.04.25-23.10.13:126][  0]LogAndroidPermission: UAndroidPermissionCallbackProxy::GetInstance
[2020.04.25-23.10.13:438][  0]LogOcInput: OculusInput pre-init called
[2020.04.25-23.10.13:929][  0]LogEngine: Initializing Engine...
[2020.04.25-23.10.13:929][  0]LogHMD: SteamVR initialized.  Driver: lighthouse  Display: LHR-8A71E516
[2020.04.25-23.10.13:930][  0]LogStats: UGameplayTagsManager::InitializeManager -  0.000 s
[2020.04.25-23.10.14:120][  0]LogInit: Initializing FReadOnlyCVARCache
[2020.04.25-23.10.14:135][  0]LogAIModule: Creating AISystem for world Untitled
[2020.04.25-23.10.14:212][  0]LogInit: XAudio2 using 'Headphones (5- Arctis 7 Game)' : 2 channels at 48 kHz using 16 bits per sample (channel mask 0x3)
[2020.04.25-23.10.14:233][  0]LogInit: FAudioDevice initialized.
[2020.04.25-23.10.14:234][  0]LogNetVersion: Set ProjectVersion to 1.0.0.0. Version Checksum will be recalculated on next use.
[2020.04.25-23.10.14:300][  0]LogDerivedDataCache: Saved boot cache 0.07s 77MB C:/Users/alexa/AppData/Local/UnrealEngine/4.23/DerivedDataCache/Boot.ddc.
[2020.04.25-23.10.14:305][  0]LogInit: Texture streaming: Enabled
[2020.04.25-23.10.14:330][  0]LogEngineSessionManager: EngineSessionManager initialized
[2020.04.25-23.10.14:330][  0]LogEditorSessionSummary: Verbose: Initializing EditorSessionSummaryWriter for editor session tracking
[2020.04.25-23.10.14:332][  0]LogEditorSessionSummary: EditorSessionSummaryWriter initialized
[2020.04.25-23.10.14:363][  0]LogInit: Transaction tracking system initialized
[2020.04.25-23.10.14:403][  0]BlueprintLog: New page: Editor Load
[2020.04.25-23.10.14:490][  0]LocalizationService: Localization service is disabled
[2020.04.25-23.10.14:706][  0]LogFileCache: Scanning file cache for directory 'D:/1SCHOOL/Year 4/S2/Debugging/Final/VRDebugging/Content/' took 0.00s
[2020.04.25-23.10.14:706][  0]LogCook: Display: Max memory allowance for cook 16384mb min free memory 0mb
[2020.04.25-23.10.14:706][  0]LogCook: Display: Mobile HDR setting 1
[2020.04.25-23.10.14:892][  0]SourceControl: Source control is disabled
[2020.04.25-23.10.14:985][  0]LogWindowsTextInputMethodSystem: Display: IME system now deactivated.
[2020.04.25-23.10.14:987][  0]LogSlate: Took 0.000134 seconds to synchronously load lazily loaded font '../../../Engine/Content/Slate/Fonts/Roboto-Regular.ttf' (155K)
[2020.04.25-23.10.29:136][  0]LogSlate: Window 'Restore Packages' being destroyed
[2020.04.25-23.10.29:136][  0]LogWindowsTextInputMethodSystem: Display: IME system now deactivated.
[2020.04.25-23.10.29:139][  0]LogWindowsTextInputMethodSystem: Display: IME system now deactivated.
[2020.04.25-23.10.30:267][  0]LogSlate: Window 'Unable to Check Out From Source Control!' being destroyed
[2020.04.25-23.10.30:267][  0]LogWindowsTextInputMethodSystem: Display: IME system now deactivated.
[2020.04.25-23.10.30:270][  0]LogWindowsTextInputMethodSystem: Display: IME system now deactivated.
[2020.04.25-23.10.30:282][  0]Cmd: MAP LOAD FILE="D:/1SCHOOL/Year 4/S2/Debugging/Final/VRDebugging/Content/VirtualRealityBP/Maps/StartupMap.umap" TEMPLATE=0 SHOWPROGRESS=1 FEATURELEVEL=3
[2020.04.25-23.10.30:282][  0]LightingResults: New page: Lighting Build
[2020.04.25-23.10.30:288][  0]LogWorld: UWorld::CleanupWorld for Untitled, bSessionEnded=true, bCleanupResources=true
[2020.04.25-23.10.30:289][  0]MapCheck: New page: Map Check
[2020.04.25-23.10.30:289][  0]LightingResults: New page: Lighting Build
[2020.04.25-23.10.30:318][  0]LogUObjectHash: Compacting FUObjectHashTables data took   1.73ms
[2020.04.25-23.10.30:405][  0]LogAIModule: Creating AISystem for world StartupMap
[2020.04.25-23.10.30:410][  0]LogEditorServer: Finished looking for orphan Actors (0.000 secs)
[2020.04.25-23.10.30:446][  0]LogUObjectHash: Compacting FUObjectHashTables data took   1.68ms
[2020.04.25-23.10.30:448][  0]Cmd: MAP CHECKDEP NOCLEARLOG
[2020.04.25-23.10.30:450][  0]MapCheck: Map check complete: 0 Error(s), 0 Warning(s), took 0.177ms to complete.
[2020.04.25-23.10.30:451][  0]LogFileHelpers: Loading map 'StartupMap' took 0.169
[2020.04.25-23.10.30:511][  0]LogSlate: Updating window title bar state: overlay mode, drag disabled, window buttons hidden, title bar hidden
[2020.04.25-23.10.30:518][  0]LogSlate: Updating window title bar state: overlay mode, drag disabled, window buttons hidden, title bar hidden
[2020.04.25-23.10.30:524][  0]LogSlate: Updating window title bar state: overlay mode, drag disabled, window buttons hidden, title bar hidden
[2020.04.25-23.10.30:530][  0]LogSlate: Updating window title bar state: overlay mode, drag disabled, window buttons hidden, title bar hidden
[2020.04.25-23.10.30:537][  0]LogCollectionManager: Loaded 0 collections in 0.001699 seconds
[2020.04.25-23.10.30:543][  0]LogFileCache: Scanning file cache for directory 'D:/1SCHOOL/Year 4/S2/Debugging/Final/VRDebugging/Saved/Collections/' took 0.00s
[2020.04.25-23.10.30:543][  0]LogFileCache: Scanning file cache for directory 'D:/1SCHOOL/Year 4/S2/Debugging/Final/VRDebugging/Content/Developers/Alex/Collections/' took 0.00s
[2020.04.25-23.10.30:543][  0]LogFileCache: Scanning file cache for directory 'D:/1SCHOOL/Year 4/S2/Debugging/Final/VRDebugging/Content/Collections/' took 0.00s
[2020.04.25-23.10.30:543][  0]LogCollectionManager: Rebuilt the GUID cache for 0 collections in 0.000002 seconds
[2020.04.25-23.10.30:550][  0]LogContentBrowser: Native class hierarchy populated in 0.0068 seconds. Added 2867 classes and 682 folders.
[2020.04.25-23.10.30:557][  0]LogContentBrowser: Native class hierarchy updated for 'WidgetCarousel' in 0.0003 seconds. Added 0 classes and 0 folders.
[2020.04.25-23.10.30:584][  0]LogContentBrowser: Native class hierarchy updated for 'AddContentDialog' in 0.0002 seconds. Added 0 classes and 0 folders.
[2020.04.25-23.10.30:591][  0]LogContentBrowser: Native class hierarchy updated for 'SceneOutliner' in 0.0003 seconds. Added 1 classes and 2 folders.
[2020.04.25-23.10.30:602][  0]LogSlate: Took 0.000110 seconds to synchronously load lazily loaded font '../../../Engine/Content/Slate/Fonts/Roboto-Bold.ttf' (160K)
[2020.04.25-23.10.30:606][  0]LogSlate: Took 0.000169 seconds to synchronously load lazily loaded font '../../../Engine/Content/Editor/Slate/Fonts/FontAwesome.ttf' (139K)
[2020.04.25-23.10.30:636][  0]LogRenderer: Reallocating scene render targets to support 1616x808 Format 26 NumSamples 1 (Frame:1).
[2020.04.25-23.10.30:725][  0]LogContentBrowser: Native class hierarchy updated for 'HierarchicalLODOutliner' in 0.0003 seconds. Added 0 classes and 0 folders.
[2020.04.25-23.10.30:725][  0]LogLoad: (Engine Initialization) Total time: 27.94 seconds
[2020.04.25-23.10.30:725][  0]LogLoad: (Engine Initialization) Total Blueprint compile time: 0.00 seconds
[2020.04.25-23.10.30:769][  0]LogAssetRegistry: Asset discovery search completed in 19.7219 seconds
[2020.04.25-23.10.30:772][  0]LogCollectionManager: Rebuilt the object cache for 0 collections in 0.000004 seconds (found 0 objects)
[2020.04.25-23.10.30:773][  0]LogCollectionManager: Fixed up redirectors for 0 collections in 0.000154 seconds (updated 0 objects)
[2020.04.25-23.10.30:773][  0]LogHMD: SteamVR Shutting down.
[2020.04.25-23.10.30:778][  0]LogContentStreaming: Texture pool size now 1000 MB
[2020.04.25-23.10.31:746][108]LogSlate: Took 0.000125 seconds to synchronously load lazily loaded font '../../../Engine/Content/Slate/Fonts/Roboto-Light.ttf' (167K)
[2020.04.25-23.10.33:971][374]LogSlate: FSceneViewport::OnFocusLost() reason 0
[2020.04.25-23.10.34:843][470]LogBlueprint: Error: [Compiler BP_MotionController] In use pin  Grabbed Component  no longer exists on node  Test Func . Please refresh node or break links to remove pin.
[2020.04.25-23.10.34:891][470]LogBlueprint: Warning: [Compiler MotionControllerPawn] Could not find the function 'GrabActor' called from  Grab Actor
[2020.04.25-23.10.34:891][470]LogBlueprint: Warning: [Compiler MotionControllerPawn] Could not find the function 'GrabActor' called from  Grab Actor
[2020.04.25-23.10.34:916][470]LogAssetEditorManager: Opening Asset editor for Blueprint /Game/VirtualRealityBP/Blueprints/MotionControllerPawn.MotionControllerPawn
[2020.04.25-23.10.35:096][470]LogContentBrowser: Native class hierarchy updated for 'BlueprintGraph' in 0.0005 seconds. Added 121 classes and 0 folders.
[2020.04.25-23.10.35:757][470]LogBlueprint: Error: [Compiler BP_PickupCube] In use pin  Grabbed Component  no longer exists on node  Test Func . Please refresh node or break links to remove pin.
[2020.04.25-23.10.35:776][470]LogAssetEditorManager: Opening Asset editor for Blueprint /Game/VirtualRealityBP/Blueprints/BP_PickupCube.BP_PickupCube
[2020.04.25-23.10.36:012][470]LogAssetEditorManager: Opening Asset editor for Blueprint /Game/VirtualRealityBP/Blueprints/BP_MotionController.BP_MotionController
[2020.04.25-23.10.36:286][470]LogSlate: Took 0.000263 seconds to synchronously load lazily loaded font '../../../Engine/Content/Slate/Fonts/Roboto-BoldCondensed.ttf' (158K)
[2020.04.25-23.10.36:326][471]LogSlate: Took 0.000214 seconds to synchronously load lazily loaded font '../../../Engine/Content/Slate/Fonts/Roboto-Italic.ttf' (157K)
[2020.04.25-23.11.13:870][538]BlueprintLog: New page: Compile BP_MotionController
[2020.04.25-23.11.14:060][538]LogUObjectHash: Compacting FUObjectHashTables data took   2.94ms
[2020.04.25-23.11.16:178][759]LogTemp: Repeating last play command: VR Preview
[2020.04.25-23.11.16:208][759]LogBlueprintUserMessages: Early PlayInEditor Detection: Level '/Game/VirtualRealityBP/Maps/StartupMap.StartupMap:PersistentLevel' has LevelScriptBlueprint '/Game/VirtualRealityBP/Maps/StartupMap.StartupMap:PersistentLevel.StartupMap' with GeneratedClass '/Game/VirtualRealityBP/Maps/StartupMap.StartupMap_C' with ClassGeneratedBy '/Game/VirtualRealityBP/Maps/StartupMap.StartupMap:PersistentLevel.StartupMap'
[2020.04.25-23.11.16:208][759]LogPlayLevel: PlayLevel: No blueprints needed recompiling
[2020.04.25-23.11.16:208][759]BlueprintLog: Warning: Blueprint failed to compile:  BP_PickupCube
[2020.04.25-23.11.16:210][759]LogCustomDialog: Dialog displayed:
[2020.04.25-23.11.23:068][759]LogSlate: Window 'Blueprint Compilation Errors' being destroyed
[2020.04.25-23.11.23:078][759]LogSlate: FSceneViewport::OnFocusLost() reason 5
[2020.04.25-23.11.24:668][931]LogSlate: Window 'Message Log' being destroyed
[2020.04.25-23.11.24:674][931]LogSlate: Window 'Message Log' being destroyed
[2020.04.25-23.11.25:197][987]LogSlate: FSceneViewport::OnFocusLost() reason 0
[2020.04.25-23.11.31:586][804]BlueprintLog: New page: Compile BP_PickupCube
[2020.04.25-23.11.31:729][804]LogUObjectHash: Compacting FUObjectHashTables data took   2.67ms
[2020.04.25-23.11.34:025][ 59]Cmd: OBJ SAVEPACKAGE PACKAGE="/Game/VirtualRealityBP/Blueprints/BP_PickupCube" FILE="D:/1SCHOOL/Year 4/S2/Debugging/Final/VRDebugging/Content/VirtualRealityBP/Blueprints/BP_PickupCube.uasset" SILENT=true
[2020.04.25-23.11.34:041][ 59]LogSavePackage: Moving 'D:/1SCHOOL/Year 4/S2/Debugging/Final/VRDebugging/Saved/BP_PickupCubeB2A820DD4F2B2762244EFAA838A35D23.tmp' to 'D:/1SCHOOL/Year 4/S2/Debugging/Final/VRDebugging/Content/VirtualRealityBP/Blueprints/BP_PickupCube.uasset'
[2020.04.25-23.11.34:803][144]LogSlate: FSceneViewport::OnFocusLost() reason 0
[2020.04.25-23.11.37:186][373]LogSavePackage: Moving 'D:/1SCHOOL/Year 4/S2/Debugging/Final/VRDebugging/Saved/BP_MotionController9F624D714A97DB53C61979B5694B36F9.tmp' to 'D:/1SCHOOL/Year 4/S2/Debugging/Final/VRDebugging/Content/VirtualRealityBP/Blueprints/BP_MotionController.uasset'
[2020.04.25-23.11.38:183][489]LogSlate: FSceneViewport::OnFocusLost() reason 0
[2020.04.25-23.11.44:734][931]LogSlate: Window 'BP_MotionController' being destroyed
[2020.04.25-23.11.55:491][527]LogAIModule: Creating AISystem for world MotionControllerMap
[2020.04.25-23.11.55:501][527]LogAssetEditorManager: Opening Asset editor for World /Game/VirtualRealityBP/Maps/MotionControllerMap.MotionControllerMap
[2020.04.25-23.11.55:533][527]LogUObjectHash: Compacting FUObjectHashTables data took   2.81ms
[2020.04.25-23.11.55:534][527]Cmd: MAP LOAD FILE="D:/1SCHOOL/Year 4/S2/Debugging/Final/VRDebugging/Content/VirtualRealityBP/Maps/MotionControllerMap.umap" TEMPLATE=0 SHOWPROGRESS=1 FEATURELEVEL=3
[2020.04.25-23.11.55:534][527]LightingResults: New page: Lighting Build
[2020.04.25-23.11.55:535][527]LoadErrors: New page: Loading map: MotionControllerMap.umap
[2020.04.25-23.11.55:535][527]LogWorld: UWorld::CleanupWorld for StartupMap, bSessionEnded=true, bCleanupResources=true
[2020.04.25-23.11.55:536][527]MapCheck: New page: Map Check
[2020.04.25-23.11.55:536][527]LightingResults: New page: Lighting Build
[2020.04.25-23.11.55:571][527]LogUObjectHash: Compacting FUObjectHashTables data took   2.29ms
[2020.04.25-23.11.55:575][527]LogEditorServer: Finished looking for orphan Actors (0.000 secs)
[2020.04.25-23.11.55:609][527]LogUObjectHash: Compacting FUObjectHashTables data took   2.23ms
[2020.04.25-23.11.55:618][527]Cmd: MAP CHECKDEP NOCLEARLOG
[2020.04.25-23.11.55:618][527]MapCheck: Map check complete: 0 Error(s), 0 Warning(s), took 0.082ms to complete.
[2020.04.25-23.11.55:619][527]LogFileHelpers: Loading map 'MotionControllerMap' took 0.085
[2020.04.25-23.11.57:867][979]LogTemp: Repeating last play command: VR Preview
[2020.04.25-23.11.57:907][979]LogBlueprintUserMessages: Early PlayInEditor Detection: Level '/Game/VirtualRealityBP/Maps/MotionControllerMap.MotionControllerMap:PersistentLevel' has LevelScriptBlueprint '/Game/VirtualRealityBP/Maps/MotionControllerMap.MotionControllerMap:PersistentLevel.MotionControllerMap' with GeneratedClass '/Game/VirtualRealityBP/Maps/MotionControllerMap.MotionControllerMap_C' with ClassGeneratedBy '/Game/VirtualRealityBP/Maps/MotionControllerMap.MotionControllerMap:PersistentLevel.MotionControllerMap'
[2020.04.25-23.11.57:907][979]LogPlayLevel: PlayLevel: No blueprints needed recompiling
[2020.04.25-23.11.57:907][979]PIE: New page: PIE session: MotionControllerMap (Apr 25, 2020, 3:11:57 PM)
[2020.04.25-23.11.57:908][979]LogOnline: OSS: Creating online subsystem instance for: NULL
[2020.04.25-23.11.57:910][979]LogPlayLevel: Creating play world package: /Game/VirtualRealityBP/Maps/UEDPIE_0_MotionControllerMap
[2020.04.25-23.11.57:920][979]LogPlayLevel: PIE: StaticDuplicateObject took: (0.009888s)
[2020.04.25-23.11.57:921][979]LogAIModule: Creating AISystem for world MotionControllerMap
[2020.04.25-23.11.57:921][979]LogPlayLevel: PIE: World Init took: (0.000893s)
[2020.04.25-23.11.57:921][979]LogPlayLevel: PIE: Created PIE world by copying editor world from /Game/VirtualRealityBP/Maps/MotionControllerMap.MotionControllerMap to /Game/VirtualRealityBP/Maps/UEDPIE_0_MotionControllerMap.MotionControllerMap (0.011200s)
[2020.04.25-23.11.57:951][979]LogUObjectHash: Compacting FUObjectHashTables data took   1.78ms
[2020.04.25-23.11.58:015][979]LogInit: XAudio2 using 'Headphones (5- Arctis 7 Game)' : 2 channels at 48 kHz using 16 bits per sample (channel mask 0x3)
[2020.04.25-23.11.58:031][979]LogInit: FAudioDevice initialized.
[2020.04.25-23.11.58:038][979]LogSlate: Updating window title bar state: overlay mode, drag disabled, window buttons hidden, title bar hidden
[2020.04.25-23.12.02:609][979]LogHMD: SteamVR initialized.  Driver: lighthouse  Display: LHR-8A71E516
[2020.04.25-23.12.02:623][979]LogLoad: Game class is 'GameModeBase'
[2020.04.25-23.12.02:625][979]LogWorld: Bringing World /Game/VirtualRealityBP/Maps/UEDPIE_0_MotionControllerMap.MotionControllerMap up for play (max tick rate 0) at 2020.04.25-19.12.02
[2020.04.25-23.12.02:625][979]LogWorld: Bringing up level for play took: 0.001566
[2020.04.25-23.12.02:626][979]LogOnline: OSS: Creating online subsystem instance for: :Context_6
[2020.04.25-23.12.02:636][979]LogContentBrowser: Native class hierarchy updated for 'MovieSceneCapture' in 0.0003 seconds. Added 20 classes and 0 folders.
[2020.04.25-23.12.02:641][979]PIE: Play in editor start time for /Game/VirtualRealityBP/Maps/UEDPIE_0_MotionControllerMap 4.034
[2020.04.25-23.12.02:642][979]LogBlueprintUserMessages: Late PlayInEditor Detection: Level '/Game/VirtualRealityBP/Maps/MotionControllerMap.MotionControllerMap:PersistentLevel' has LevelScriptBlueprint '/Game/VirtualRealityBP/Maps/MotionControllerMap.MotionControllerMap:PersistentLevel.MotionControllerMap' with GeneratedClass '/Game/VirtualRealityBP/Maps/MotionControllerMap.MotionControllerMap_C' with ClassGeneratedBy '/Game/VirtualRealityBP/Maps/MotionControllerMap.MotionControllerMap:PersistentLevel.MotionControllerMap'
[2020.04.25-23.12.02:665][980]LogRenderer: Reallocating scene render targets to support 3704x2056 Format 26 NumSamples 1 (Frame:1).
[2020.04.25-23.13.02:615][625]LogBlueprintUserMessages: Early EndPlayMap Detection: Level '/Game/VirtualRealityBP/Maps/MotionControllerMap.MotionControllerMap:PersistentLevel' has LevelScriptBlueprint '/Game/VirtualRealityBP/Maps/MotionControllerMap.MotionControllerMap:PersistentLevel.MotionControllerMap' with GeneratedClass '/Game/VirtualRealityBP/Maps/MotionControllerMap.MotionControllerMap_C' with ClassGeneratedBy '/Game/VirtualRealityBP/Maps/MotionControllerMap.MotionControllerMap:PersistentLevel.MotionControllerMap'
[2020.04.25-23.13.02:641][625]LogSlate: Updating window title bar state: overlay mode, drag disabled, window buttons hidden, title bar hidden
[2020.04.25-23.13.02:641][625]LogWorld: BeginTearingDown for /Game/VirtualRealityBP/Maps/UEDPIE_0_MotionControllerMap
[2020.04.25-23.13.02:659][625]LogSlate: Window 'VRDebugging Game Preview Standalone (64-bit/PCD3D_SM5)' being destroyed
[2020.04.25-23.13.02:663][625]LogWorld: UWorld::CleanupWorld for MotionControllerMap, bSessionEnded=true, bCleanupResources=true
[2020.04.25-23.13.02:674][625]LogPlayLevel: Display: Shutting down PIE online subsystems
[2020.04.25-23.13.02:675][625]LogBlueprintUserMessages: Late EndPlayMap Detection: Level '/Game/VirtualRealityBP/Maps/MotionControllerMap.MotionControllerMap:PersistentLevel' has LevelScriptBlueprint '/Game/VirtualRealityBP/Maps/MotionControllerMap.MotionControllerMap:PersistentLevel.MotionControllerMap' with GeneratedClass '/Game/VirtualRealityBP/Maps/MotionControllerMap.MotionControllerMap_C' with ClassGeneratedBy '/Game/VirtualRealityBP/Maps/MotionControllerMap.MotionControllerMap:PersistentLevel.MotionControllerMap'
[2020.04.25-23.13.02:724][625]LogUObjectHash: Compacting FUObjectHashTables data took   3.67ms
[2020.04.25-23.13.02:738][626]LogPlayLevel: Display: Destroying online subsystem :Context_6
[2020.04.25-23.13.45:937][928]LogTemp: Repeating last play command: VR Preview
[2020.04.25-23.13.45:946][928]LogBlueprintUserMessages: Early PlayInEditor Detection: Level '/Game/VirtualRealityBP/Maps/MotionControllerMap.MotionControllerMap:PersistentLevel' has LevelScriptBlueprint '/Game/VirtualRealityBP/Maps/MotionControllerMap.MotionControllerMap:PersistentLevel.MotionControllerMap' with GeneratedClass '/Game/VirtualRealityBP/Maps/MotionControllerMap.MotionControllerMap_C' with ClassGeneratedBy '/Game/VirtualRealityBP/Maps/MotionControllerMap.MotionControllerMap:PersistentLevel.MotionControllerMap'
[2020.04.25-23.13.45:946][928]LogPlayLevel: PlayLevel: No blueprints needed recompiling
[2020.04.25-23.13.45:947][928]PIE: New page: PIE session: MotionControllerMap (Apr 25, 2020, 3:13:45 PM)
[2020.04.25-23.13.45:947][928]LogPlayLevel: Creating play world package: /Game/VirtualRealityBP/Maps/UEDPIE_0_MotionControllerMap
[2020.04.25-23.13.45:957][928]LogPlayLevel: PIE: StaticDuplicateObject took: (0.009680s)
[2020.04.25-23.13.45:957][928]LogAIModule: Creating AISystem for world MotionControllerMap
[2020.04.25-23.13.45:957][928]LogPlayLevel: PIE: World Init took: (0.000861s)
[2020.04.25-23.13.45:958][928]LogPlayLevel: PIE: Created PIE world by copying editor world from /Game/VirtualRealityBP/Maps/MotionControllerMap.MotionControllerMap to /Game/VirtualRealityBP/Maps/UEDPIE_0_MotionControllerMap.MotionControllerMap (0.010944s)
[2020.04.25-23.13.45:990][928]LogUObjectHash: Compacting FUObjectHashTables data took   2.17ms
[2020.04.25-23.13.46:055][928]LogInit: XAudio2 using 'Headphones (5- Arctis 7 Game)' : 2 channels at 48 kHz using 16 bits per sample (channel mask 0x3)
[2020.04.25-23.13.46:070][928]LogInit: FAudioDevice initialized.
[2020.04.25-23.13.46:078][928]LogSlate: Updating window title bar state: overlay mode, drag disabled, window buttons hidden, title bar hidden
[2020.04.25-23.13.46:092][928]LogLoad: Game class is 'GameModeBase'
[2020.04.25-23.13.46:094][928]LogWorld: Bringing World /Game/VirtualRealityBP/Maps/UEDPIE_0_MotionControllerMap.MotionControllerMap up for play (max tick rate 0) at 2020.04.25-19.13.46
[2020.04.25-23.13.46:095][928]LogWorld: Bringing up level for play took: 0.001731
[2020.04.25-23.13.46:095][928]LogOnline: OSS: Creating online subsystem instance for: :Context_7
[2020.04.25-23.13.46:098][928]LogGameMode: FindPlayerStart: PATHS NOT DEFINED or NO PLAYERSTART with positive rating
[2020.04.25-23.13.46:103][928]PIE: Play in editor start time for /Game/VirtualRealityBP/Maps/UEDPIE_0_MotionControllerMap -0.505
[2020.04.25-23.13.46:104][928]LogBlueprintUserMessages: Late PlayInEditor Detection: Level '/Game/VirtualRealityBP/Maps/MotionControllerMap.MotionControllerMap:PersistentLevel' has LevelScriptBlueprint '/Game/VirtualRealityBP/Maps/MotionControllerMap.MotionControllerMap:PersistentLevel.MotionControllerMap' with GeneratedClass '/Game/VirtualRealityBP/Maps/MotionControllerMap.MotionControllerMap_C' with ClassGeneratedBy '/Game/VirtualRealityBP/Maps/MotionControllerMap.MotionControllerMap:PersistentLevel.MotionControllerMap'
[2020.04.25-23.14.09:653][ 35]LogBlueprintUserMessages: Early EndPlayMap Detection: Level '/Game/VirtualRealityBP/Maps/MotionControllerMap.MotionControllerMap:PersistentLevel' has LevelScriptBlueprint '/Game/VirtualRealityBP/Maps/MotionControllerMap.MotionControllerMap:PersistentLevel.MotionControllerMap' with GeneratedClass '/Game/VirtualRealityBP/Maps/MotionControllerMap.MotionControllerMap_C' with ClassGeneratedBy '/Game/VirtualRealityBP/Maps/MotionControllerMap.MotionControllerMap:PersistentLevel.MotionControllerMap'
[2020.04.25-23.14.09:692][ 35]LogSlate: Updating window title bar state: overlay mode, drag disabled, window buttons hidden, title bar hidden
[2020.04.25-23.14.09:692][ 35]LogWorld: BeginTearingDown for /Game/VirtualRealityBP/Maps/UEDPIE_0_MotionControllerMap
[2020.04.25-23.14.09:727][ 35]LogSlate: Window 'VRDebugging Game Preview Standalone (64-bit/PCD3D_SM5)' being destroyed
[2020.04.25-23.14.09:733][ 35]LogWorld: UWorld::CleanupWorld for MotionControllerMap, bSessionEnded=true, bCleanupResources=true
[2020.04.25-23.14.09:754][ 35]LogPlayLevel: Display: Shutting down PIE online subsystems
[2020.04.25-23.14.09:754][ 35]LogBlueprintUserMessages: Late EndPlayMap Detection: Level '/Game/VirtualRealityBP/Maps/MotionControllerMap.MotionControllerMap:PersistentLevel' has LevelScriptBlueprint '/Game/VirtualRealityBP/Maps/MotionControllerMap.MotionControllerMap:PersistentLevel.MotionControllerMap' with GeneratedClass '/Game/VirtualRealityBP/Maps/MotionControllerMap.MotionControllerMap_C' with ClassGeneratedBy '/Game/VirtualRealityBP/Maps/MotionControllerMap.MotionControllerMap:PersistentLevel.MotionControllerMap'
[2020.04.25-23.14.09:809][ 35]LogUObjectHash: Compacting FUObjectHashTables data took   2.79ms
[2020.04.25-23.14.09:819][ 36]LogPlayLevel: Display: Destroying online subsystem :Context_7
[2020.04.25-23.14.42:680][825]BlueprintLog: New page: Compile BP_MotionController
[2020.04.25-23.14.42:904][825]LogUObjectHash: Compacting FUObjectHashTables data took   3.44ms
[2020.04.25-23.14.43:868][934]LogTemp: Repeating last play command: VR Preview
[2020.04.25-23.14.43:877][934]LogBlueprintUserMessages: Early PlayInEditor Detection: Level '/Game/VirtualRealityBP/Maps/MotionControllerMap.MotionControllerMap:PersistentLevel' has LevelScriptBlueprint '/Game/VirtualRealityBP/Maps/MotionControllerMap.MotionControllerMap:PersistentLevel.MotionControllerMap' with GeneratedClass '/Game/VirtualRealityBP/Maps/MotionControllerMap.MotionControllerMap_C' with ClassGeneratedBy '/Game/VirtualRealityBP/Maps/MotionControllerMap.MotionControllerMap:PersistentLevel.MotionControllerMap'
[2020.04.25-23.14.43:877][934]LogPlayLevel: PlayLevel: No blueprints needed recompiling
[2020.04.25-23.14.43:877][934]PIE: New page: PIE session: MotionControllerMap (Apr 25, 2020, 3:14:43 PM)
[2020.04.25-23.14.43:877][934]LogPlayLevel: Creating play world package: /Game/VirtualRealityBP/Maps/UEDPIE_0_MotionControllerMap
[2020.04.25-23.14.43:887][934]LogPlayLevel: PIE: StaticDuplicateObject took: (0.009824s)
[2020.04.25-23.14.43:888][934]LogAIModule: Creating AISystem for world MotionControllerMap
[2020.04.25-23.14.43:888][934]LogPlayLevel: PIE: World Init took: (0.000880s)
[2020.04.25-23.14.43:888][934]LogPlayLevel: PIE: Created PIE world by copying editor world from /Game/VirtualRealityBP/Maps/MotionControllerMap.MotionControllerMap to /Game/VirtualRealityBP/Maps/UEDPIE_0_MotionControllerMap.MotionControllerMap (0.011021s)
[2020.04.25-23.14.43:925][934]LogUObjectHash: Compacting FUObjectHashTables data took   3.38ms
[2020.04.25-23.14.43:989][934]LogInit: XAudio2 using 'Headphones (5- Arctis 7 Game)' : 2 channels at 48 kHz using 16 bits per sample (channel mask 0x3)
[2020.04.25-23.14.44:005][934]LogInit: FAudioDevice initialized.
[2020.04.25-23.14.44:014][934]LogSlate: Updating window title bar state: overlay mode, drag disabled, window buttons hidden, title bar hidden
[2020.04.25-23.14.44:033][934]LogLoad: Game class is 'GameModeBase'
[2020.04.25-23.14.44:035][934]LogWorld: Bringing World /Game/VirtualRealityBP/Maps/UEDPIE_0_MotionControllerMap.MotionControllerMap up for play (max tick rate 0) at 2020.04.25-19.14.44
[2020.04.25-23.14.44:035][934]LogWorld: Bringing up level for play took: 0.001692
[2020.04.25-23.14.44:035][934]LogOnline: OSS: Creating online subsystem instance for: :Context_8
[2020.04.25-23.14.44:038][934]LogGameMode: FindPlayerStart: PATHS NOT DEFINED or NO PLAYERSTART with positive rating
[2020.04.25-23.14.44:042][934]PIE: Play in editor start time for /Game/VirtualRealityBP/Maps/UEDPIE_0_MotionControllerMap -0.565
[2020.04.25-23.14.44:042][934]LogBlueprintUserMessages: Late PlayInEditor Detection: Level '/Game/VirtualRealityBP/Maps/MotionControllerMap.MotionControllerMap:PersistentLevel' has LevelScriptBlueprint '/Game/VirtualRealityBP/Maps/MotionControllerMap.MotionControllerMap:PersistentLevel.MotionControllerMap' with GeneratedClass '/Game/VirtualRealityBP/Maps/MotionControllerMap.MotionControllerMap_C' with ClassGeneratedBy '/Game/VirtualRealityBP/Maps/MotionControllerMap.MotionControllerMap:PersistentLevel.MotionControllerMap'
[2020.04.25-23.15.00:107][372]LogBlueprintUserMessages: Early EndPlayMap Detection: Level '/Game/VirtualRealityBP/Maps/MotionControllerMap.MotionControllerMap:PersistentLevel' has LevelScriptBlueprint '/Game/VirtualRealityBP/Maps/MotionControllerMap.MotionControllerMap:PersistentLevel.MotionControllerMap' with GeneratedClass '/Game/VirtualRealityBP/Maps/MotionControllerMap.MotionControllerMap_C' with ClassGeneratedBy '/Game/VirtualRealityBP/Maps/MotionControllerMap.MotionControllerMap:PersistentLevel.MotionControllerMap'
[2020.04.25-23.15.00:147][372]LogSlate: Updating window title bar state: overlay mode, drag disabled, window buttons hidden, title bar hidden
[2020.04.25-23.15.00:147][372]LogWorld: BeginTearingDown for /Game/VirtualRealityBP/Maps/UEDPIE_0_MotionControllerMap
[2020.04.25-23.15.00:170][372]LogSlate: Window 'VRDebugging Game Preview Standalone (64-bit/PCD3D_SM5)' being destroyed
[2020.04.25-23.15.00:173][372]LogWorld: UWorld::CleanupWorld for MotionControllerMap, bSessionEnded=true, bCleanupResources=true
[2020.04.25-23.15.00:187][372]LogPlayLevel: Display: Shutting down PIE online subsystems
[2020.04.25-23.15.00:187][372]LogBlueprintUserMessages: Late EndPlayMap Detection: Level '/Game/VirtualRealityBP/Maps/MotionControllerMap.MotionControllerMap:PersistentLevel' has LevelScriptBlueprint '/Game/VirtualRealityBP/Maps/MotionControllerMap.MotionControllerMap:PersistentLevel.MotionControllerMap' with GeneratedClass '/Game/VirtualRealityBP/Maps/MotionControllerMap.MotionControllerMap_C' with ClassGeneratedBy '/Game/VirtualRealityBP/Maps/MotionControllerMap.MotionControllerMap:PersistentLevel.MotionControllerMap'
[2020.04.25-23.15.00:233][372]LogUObjectHash: Compacting FUObjectHashTables data took   2.78ms
[2020.04.25-23.15.00:243][373]LogPlayLevel: Display: Destroying online subsystem :Context_8
[2020.04.25-23.15.14:799][ 94]LogEditorViewport: Clicking on Actor (LMB): BP_PickupCube_C (EditorCube25)
[2020.04.25-23.15.19:462][644]LogSlate: FSceneViewport::OnFocusLost() reason 0
[2020.04.25-23.15.21:790][897]LogSavePackage: Moving 'D:/1SCHOOL/Year 4/S2/Debugging/Final/VRDebugging/Saved/BP_MotionController381E2ADE439EE664AFE9B7AF55813E8A.tmp' to 'D:/1SCHOOL/Year 4/S2/Debugging/Final/VRDebugging/Content/VirtualRealityBP/Blueprints/BP_MotionController.uasset'
[2020.04.25-23.15.24:041][156]LogEditorViewport: Clicking on Actor (LMB): StaticMeshActor (EditorCube8)
[2020.04.25-23.15.24:246][175]LogSlate: FSceneViewport::OnFocusLost() reason 5
[2020.04.25-23.15.24:292][175]LogUObjectHash: Compacting FUObjectHashTables data took   3.07ms
[2020.04.25-23.15.24:471][175]LogSavePackage: Moving 'D:/1SCHOOL/Year 4/S2/Debugging/Final/VRDebugging/Saved/MotionControllerMap26030D504C801BD599241DB571908105.tmp' to 'D:/1SCHOOL/Year 4/S2/Debugging/Final/VRDebugging/Content/VirtualRealityBP/Maps/MotionControllerMap.umap'
[2020.04.25-23.15.24:623][175]LogSavePackage: Moving 'D:/1SCHOOL/Year 4/S2/Debugging/Final/VRDebugging/Saved/MotionControllerMap_BuiltDataB430345B484FCDFED64F44A66D339D33.tmp' to 'D:/1SCHOOL/Year 4/S2/Debugging/Final/VRDebugging/Content/VirtualRealityBP/Maps/MotionControllerMap_BuiltData.uasset'
[2020.04.25-23.15.25:703][300]LogTemp: Repeating last play command: VR Preview
[2020.04.25-23.15.25:712][300]LogBlueprintUserMessages: Early PlayInEditor Detection: Level '/Game/VirtualRealityBP/Maps/MotionControllerMap.MotionControllerMap:PersistentLevel' has LevelScriptBlueprint '/Game/VirtualRealityBP/Maps/MotionControllerMap.MotionControllerMap:PersistentLevel.MotionControllerMap' with GeneratedClass '/Game/VirtualRealityBP/Maps/MotionControllerMap.MotionControllerMap_C' with ClassGeneratedBy '/Game/VirtualRealityBP/Maps/MotionControllerMap.MotionControllerMap:PersistentLevel.MotionControllerMap'
[2020.04.25-23.15.25:712][300]BlueprintLog: New page: Pre-Play auto-recompile
[2020.04.25-23.15.25:713][300]LogPlayLevel: [PlayLevel] Compiling BP_PickupCube before play...
[2020.04.25-23.15.25:907][300]LogUObjectHash: Compacting FUObjectHashTables data took   3.51ms
[2020.04.25-23.15.25:907][300]LogPlayLevel: PlayLevel: Blueprint regeneration took 194 ms (1 blueprints)
[2020.04.25-23.15.25:908][300]PIE: New page: PIE session: MotionControllerMap (Apr 25, 2020, 3:15:25 PM)
[2020.04.25-23.15.25:908][300]LogPlayLevel: Creating play world package: /Game/VirtualRealityBP/Maps/UEDPIE_0_MotionControllerMap
[2020.04.25-23.15.25:917][300]LogPlayLevel: PIE: StaticDuplicateObject took: (0.009385s)
[2020.04.25-23.15.25:918][300]LogAIModule: Creating AISystem for world MotionControllerMap
[2020.04.25-23.15.25:918][300]LogPlayLevel: PIE: World Init took: (0.001056s)
[2020.04.25-23.15.25:919][300]LogPlayLevel: PIE: Created PIE world by copying editor world from /Game/VirtualRealityBP/Maps/MotionControllerMap.MotionControllerMap to /Game/VirtualRealityBP/Maps/UEDPIE_0_MotionControllerMap.MotionControllerMap (0.010792s)
[2020.04.25-23.15.25:952][300]LogUObjectHash: Compacting FUObjectHashTables data took   2.39ms
[2020.04.25-23.15.26:021][300]LogInit: XAudio2 using 'Headphones (5- Arctis 7 Game)' : 2 channels at 48 kHz using 16 bits per sample (channel mask 0x3)
[2020.04.25-23.15.26:039][300]LogInit: FAudioDevice initialized.
[2020.04.25-23.15.26:048][300]LogSlate: Updating window title bar state: overlay mode, drag disabled, window buttons hidden, title bar hidden
[2020.04.25-23.15.26:066][300]LogLoad: Game class is 'GameModeBase'
[2020.04.25-23.15.26:068][300]LogWorld: Bringing World /Game/VirtualRealityBP/Maps/UEDPIE_0_MotionControllerMap.MotionControllerMap up for play (max tick rate 0) at 2020.04.25-19.15.26
[2020.04.25-23.15.26:068][300]LogWorld: Bringing up level for play took: 0.001724
[2020.04.25-23.15.26:069][300]LogOnline: OSS: Creating online subsystem instance for: :Context_11
[2020.04.25-23.15.26:076][300]PIE: Play in editor start time for /Game/VirtualRealityBP/Maps/UEDPIE_0_MotionControllerMap -0.531
[2020.04.25-23.15.26:076][300]LogBlueprintUserMessages: Late PlayInEditor Detection: Level '/Game/VirtualRealityBP/Maps/MotionControllerMap.MotionControllerMap:PersistentLevel' has LevelScriptBlueprint '/Game/VirtualRealityBP/Maps/MotionControllerMap.MotionControllerMap:PersistentLevel.MotionControllerMap' with GeneratedClass '/Game/VirtualRealityBP/Maps/MotionControllerMap.MotionControllerMap_C' with ClassGeneratedBy '/Game/VirtualRealityBP/Maps/MotionControllerMap.MotionControllerMap:PersistentLevel.MotionControllerMap'
[2020.04.25-23.15.44:496][947]LogBlueprintUserMessages: Early EndPlayMap Detection: Level '/Game/VirtualRealityBP/Maps/MotionControllerMap.MotionControllerMap:PersistentLevel' has LevelScriptBlueprint '/Game/VirtualRealityBP/Maps/MotionControllerMap.MotionControllerMap:PersistentLevel.MotionControllerMap' with GeneratedClass '/Game/VirtualRealityBP/Maps/MotionControllerMap.MotionControllerMap_C' with ClassGeneratedBy '/Game/VirtualRealityBP/Maps/MotionControllerMap.MotionControllerMap:PersistentLevel.MotionControllerMap'
[2020.04.25-23.15.44:537][947]LogSlate: Updating window title bar state: overlay mode, drag disabled, window buttons hidden, title bar hidden
[2020.04.25-23.15.44:538][947]LogWorld: BeginTearingDown for /Game/VirtualRealityBP/Maps/UEDPIE_0_MotionControllerMap
[2020.04.25-23.15.44:558][947]LogSlate: Window 'VRDebugging Game Preview Standalone (64-bit/PCD3D_SM5)' being destroyed
[2020.04.25-23.15.44:561][947]LogWorld: UWorld::CleanupWorld for MotionControllerMap, bSessionEnded=true, bCleanupResources=true
[2020.04.25-23.15.44:578][947]LogPlayLevel: Display: Shutting down PIE online subsystems
[2020.04.25-23.15.44:578][947]LogBlueprintUserMessages: Late EndPlayMap Detection: Level '/Game/VirtualRealityBP/Maps/MotionControllerMap.MotionControllerMap:PersistentLevel' has LevelScriptBlueprint '/Game/VirtualRealityBP/Maps/MotionControllerMap.MotionControllerMap:PersistentLevel.MotionControllerMap' with GeneratedClass '/Game/VirtualRealityBP/Maps/MotionControllerMap.MotionControllerMap_C' with ClassGeneratedBy '/Game/VirtualRealityBP/Maps/MotionControllerMap.MotionControllerMap:PersistentLevel.MotionControllerMap'
[2020.04.25-23.15.44:619][947]LogUObjectHash: Compacting FUObjectHashTables data took   2.31ms
[2020.04.25-23.15.44:633][948]LogPlayLevel: Display: Destroying online subsystem :Context_11
