Log file open, 04/25/20 22:30:20
LogWindows: Failed to load 'aqProf.dll' (GetLastError=126)
LogWindows: File 'aqProf.dll' does not exist
LogWindows: Failed to load 'VtuneApi.dll' (GetLastError=126)
LogWindows: File 'VtuneApi.dll' does not exist
LogWindows: Failed to load 'VtuneApi32e.dll' (GetLastError=126)
LogWindows: File 'VtuneApi32e.dll' does not exist
LogConsoleResponse: Display: Failed to find resolution value strings in scalability ini. Falling back to default.
LogInit: Display: Running engine for game: VRDebugging
LogPlatformFile: Not using cached read wrapper
LogTaskGraph: Started task graph with 5 named threads and 20 total threads with 3 sets of task threads.
LogStats: Stats thread started at 0.355737
LogD3D11RHI: Loaded GFSDK_Aftermath_Lib.x64.dll
LogICUInternationalization: ICU TimeZone Detection - Raw Offset: -5:00, Platform Override: ''
LogPluginManager: Mounting plugin Paper2D
LogPluginManager: Mounting plugin AISupport
LogPluginManager: Mounting plugin LightPropagationVolume
LogPluginManager: Mounting plugin ActorLayerUtilities
LogPluginManager: Mounting plugin AnimationSharing
LogPluginManager: Mounting plugin CLionSourceCodeAccess
LogPluginManager: Mounting plugin CodeLiteSourceCodeAccess
LogPluginManager: Mounting plugin GitSourceControl
LogPluginManager: Mounting plugin KDevelopSourceCodeAccess
LogPluginManager: Mounting plugin NullSourceCodeAccess
LogPluginManager: Mounting plugin PerforceSourceControl
LogPluginManager: Mounting plugin SubversionSourceControl
LogPluginManager: Mounting plugin UObjectPlugin
LogPluginManager: Mounting plugin VisualStudioCodeSourceCodeAccess
LogPluginManager: Mounting plugin VisualStudioSourceCodeAccess
LogPluginManager: Mounting plugin XCodeSourceCodeAccess
LogPluginManager: Mounting plugin AssetManagerEditor
LogPluginManager: Mounting plugin CryptoKeys
LogPluginManager: Mounting plugin CurveEditorTools
LogPluginManager: Mounting plugin DataValidation
LogPluginManager: Mounting plugin FacialAnimation
LogPluginManager: Mounting plugin GameplayTagsEditor
LogPluginManager: Mounting plugin MacGraphicsSwitching
LogPluginManager: Mounting plugin MaterialAnalyzer
LogPluginManager: Mounting plugin MobileLauncherProfileWizard
LogPluginManager: Mounting plugin PluginBrowser
LogPluginManager: Mounting plugin SpeedTreeImporter
LogPluginManager: Mounting plugin DatasmithContent
LogPluginManager: Mounting plugin VariantManagerContent
LogPluginManager: Mounting plugin AlembicImporter
LogPluginManager: Mounting plugin AutomationUtils
LogPluginManager: Mounting plugin BackChannel
LogPluginManager: Mounting plugin CharacterAI
LogPluginManager: Mounting plugin GeometryCache
LogPluginManager: Mounting plugin HTML5Networking
LogPluginManager: Mounting plugin PlatformCrypto
LogPluginManager: Mounting plugin ProxyLODPlugin
LogPluginManager: Mounting plugin SkeletalReduction
LogPluginManager: Mounting plugin MagicLeap
LogPluginManager: Mounting plugin MagicLeapMedia
LogPluginManager: Mounting plugin AndroidMedia
LogPluginManager: Mounting plugin AvfMedia
LogPluginManager: Mounting plugin ImgMedia
LogPluginManager: Mounting plugin MediaCompositing
LogPluginManager: Mounting plugin MediaPlayerEditor
LogPluginManager: Mounting plugin WebMMedia
LogPluginManager: Mounting plugin WmfMedia
LogPluginManager: Mounting plugin TcpMessaging
LogPluginManager: Mounting plugin UdpMessaging
LogPluginManager: Mounting plugin ActorSequence
LogPluginManager: Mounting plugin LevelSequenceEditor
LogPluginManager: Mounting plugin MatineeToLevelSequence
LogPluginManager: Mounting plugin NetcodeUnitTest
LogPluginManager: Mounting plugin NUTUnrealEngine4
LogPluginManager: Mounting plugin OnlineSubsystemGooglePlay
LogPluginManager: Mounting plugin OnlineSubsystemIOS
LogPluginManager: Mounting plugin OnlineSubsystem
LogPluginManager: Mounting plugin OnlineSubsystemNull
LogPluginManager: Mounting plugin OnlineSubsystemUtils
LogPluginManager: Mounting plugin LauncherChunkInstaller
LogPluginManager: Mounting plugin AndroidDeviceProfileSelector
LogPluginManager: Mounting plugin AndroidMoviePlayer
LogPluginManager: Mounting plugin AndroidPermission
LogPluginManager: Mounting plugin AppleImageUtils
LogPluginManager: Mounting plugin AppleMoviePlayer
LogPluginManager: Mounting plugin ArchVisCharacter
LogPluginManager: Mounting plugin AudioCapture
LogPluginManager: Mounting plugin CableComponent
LogPluginManager: Mounting plugin CustomMeshComponent
LogPluginManager: Mounting plugin EditableMesh
LogPluginManager: Mounting plugin ExampleDeviceProfileSelector
LogPluginManager: Mounting plugin GoogleCloudMessaging
LogPluginManager: Mounting plugin IOSDeviceProfileSelector
LogPluginManager: Mounting plugin LinuxDeviceProfileSelector
LogPluginManager: Mounting plugin LocationServicesBPLibrary
LogPluginManager: Mounting plugin MobilePatchingUtils
LogPluginManager: Mounting plugin OculusVR
LogPluginManager: Mounting plugin PhysXVehicles
LogPluginManager: Mounting plugin ProceduralMeshComponent
LogPluginManager: Mounting plugin RuntimePhysXCooking
LogPluginManager: Mounting plugin SignificanceManager
LogPluginManager: Mounting plugin SteamVR
LogPluginManager: Mounting plugin WebMMoviePlayer
LogPluginManager: Mounting plugin WindowsMoviePlayer
LogPluginManager: Mounting plugin ScreenshotTools
LogInit: Using libcurl 7.55.1-DEV
LogInit:  - built for x86_64-pc-win32
LogInit:  - supports SSL with OpenSSL/1.1.1
LogInit:  - supports HTTP deflate (compression) using libz 1.2.8
LogInit:  - other features:
LogInit:      CURL_VERSION_SSL
LogInit:      CURL_VERSION_LIBZ
LogInit:      CURL_VERSION_IPV6
LogInit:      CURL_VERSION_ASYNCHDNS
LogInit:      CURL_VERSION_LARGEFILE
LogInit:      CURL_VERSION_IDN
LogInit:  CurlRequestOptions (configurable via config and command line):
LogInit:  - bVerifyPeer = true  - Libcurl will verify peer certificate
LogInit:  - bUseHttpProxy = false  - Libcurl will NOT use HTTP proxy
LogInit:  - bDontReuseConnections = false  - Libcurl will reuse connections
LogInit:  - MaxHostConnections = 16  - Libcurl will limit the number of connections to a host
LogInit:  - LocalHostAddr = Default
LogInit:  - BufferSize = 65536
LogOnline: OSS: Creating online subsystem instance for: NULL
LogInit: WinSock: version 1.1 (2.2), MaxSocks=32767, MaxUdp=65467
LogHMD: Failed initializing OVRPlugin 1.37.0
LogInit: Build: ++UE4+Release-4.23-CL-9631420
LogInit: Engine Version: 4.23.1-9631420+++UE4+Release-4.23
LogInit: Compatible Engine Version: 4.23.0-8386587+++UE4+Release-4.23
LogInit: Net CL: 8386587
LogInit: OS: Windows 10 (Release 1803) (), CPU: Intel(R) Core(TM) i5-8600K CPU @ 3.60GHz, GPU: NVIDIA GeForce GTX 1080
LogInit: Compiled (64-bit): Oct 18 2019 02:07:44
LogInit: Compiled with Visual C++: 19.16.27030.01
LogInit: Build Configuration: Development
LogInit: Branch Name: ++UE4+Release-4.23
LogInit: Command Line:  -skipcompile
LogInit: Base Directory: C:/Program Files/Epic Games/UE_4.23/Engine/Binaries/Win64/
LogInit: Installed Engine Build: 1
LogDevObjectVersion: Number of dev versions registered: 23
LogDevObjectVersion:   Dev-Blueprints (B0D832E4-1F89-4F0D-ACCF-7EB736FD4AA2): 10
LogDevObjectVersion:   Dev-Build (E1C64328-A22C-4D53-A36C-8E866417BD8C): 0
LogDevObjectVersion:   Dev-Core (375EC13C-06E4-48FB-B500-84F0262A717E): 3
LogDevObjectVersion:   Dev-Editor (E4B068ED-F494-42E9-A231-DA0B2E46BB41): 34
LogDevObjectVersion:   Dev-Framework (CFFC743F-43B0-4480-9391-14DF171D2073): 35
LogDevObjectVersion:   Dev-Mobile (B02B49B5-BB20-44E9-A304-32B752E40360): 2
LogDevObjectVersion:   Dev-Networking (A4E4105C-59A1-49B5-A7C5-40C4547EDFEE): 0
LogDevObjectVersion:   Dev-Online (39C831C9-5AE6-47DC-9A44-9C173E1C8E7C): 0
LogDevObjectVersion:   Dev-Physics (78F01B33-EBEA-4F98-B9B4-84EACCB95AA2): 0
LogDevObjectVersion:   Dev-Platform (6631380F-2D4D-43E0-8009-CF276956A95A): 0
LogDevObjectVersion:   Dev-Rendering (12F88B9F-8875-4AFC-A67C-D90C383ABD29): 31
LogDevObjectVersion:   Dev-Sequencer (7B5AE74C-D270-4C10-A958-57980B212A5A): 11
LogDevObjectVersion:   Dev-VR (D7296918-1DD6-4BDD-9DE2-64A83CC13884): 2
LogDevObjectVersion:   Dev-LoadTimes (C2A15278-BFE7-4AFE-6C17-90FF531DF755): 1
LogDevObjectVersion:   Private-Geometry (6EACA3D4-40EC-4CC1-B786-8BED09428FC5): 3
LogDevObjectVersion:   Dev-AnimPhys (29E575DD-E0A3-4627-9D10-D276232CDCEA): 17
LogDevObjectVersion:   Dev-Anim (AF43A65D-7FD3-4947-9873-3E8ED9C1BB05): 2
LogDevObjectVersion:   Dev-ReflectionCapture (6B266CEC-1EC7-4B8F-A30B-E4D90942FC07): 1
LogDevObjectVersion:   Dev-Automation (0DF73D61-A23F-47EA-B727-89E90C41499A): 1
LogDevObjectVersion:   FortniteMain (601D1886-AC64-4F84-AA16-D3DE0DEAC7D6): 27
LogDevObjectVersion:   Dev-Enterprise (9DFFBCD6-494F-0158-E221-12823C92A888): 6
LogDevObjectVersion:   Dev-Niagara (F2AED0AC-9AFE-416F-8664-AA7FFA26D6FC): 1
LogDevObjectVersion:   Dev-Destruction (174F1F0B-B4C6-45A5-B13F-2EE8D0FB917D): 9
LogInit: Presizing for max 16777216 objects, including 0 objects not considered by GC, pre-allocating 0 bytes for permanent pool.
LogInit: Object subsystem initialized
LogConfig: Setting CVar [[con.DebugEarlyDefault:1]]
LogConfig: Setting CVar [[r.setres:1280x720]]
[2020.04.26-02.30.21:470][  0]LogConfig: Setting CVar [[r.VSync:0]]
[2020.04.26-02.30.21:470][  0]LogConfig: Setting CVar [[r.RHICmdBypass:0]]
[2020.04.26-02.30.21:470][  0]LogConfig: Applying CVar settings from Section [/Script/Engine.RendererSettings] File [D:/1SCHOOL/Year 4/S2/Debugging/Final/VRDebugging/Saved/Config/Windows/Engine.ini]
[2020.04.26-02.30.21:470][  0]LogConfig: Setting CVar [[r.GPUCrashDebugging:0]]
[2020.04.26-02.30.21:470][  0]LogConfig: Setting CVar [[r.DefaultFeature.AmbientOcclusion:0]]
[2020.04.26-02.30.21:470][  0]LogConfig: Setting CVar [[r.DefaultFeature.AmbientOcclusionStaticFraction:0]]
[2020.04.26-02.30.21:470][  0]LogConfig: Setting CVar [[vr.InstancedStereo:1]]
[2020.04.26-02.30.21:470][  0]LogConfig: Setting CVar [[r.SeparateTranslucency:0]]
[2020.04.26-02.30.21:470][  0]LogConfig: Setting CVar [[r.HZBOcclusion:0]]
[2020.04.26-02.30.21:470][  0]LogConfig: Setting CVar [[r.SSR.MaxRoughness:0]]
[2020.04.26-02.30.21:470][  0]LogConfig: Setting CVar [[r.rhicmdbypass:0]]
[2020.04.26-02.30.21:470][  0]LogConfig: Applying CVar settings from Section [/Script/Engine.RendererOverrideSettings] File [D:/1SCHOOL/Year 4/S2/Debugging/Final/VRDebugging/Saved/Config/Windows/Engine.ini]
[2020.04.26-02.30.21:470][  0]LogConfig: Applying CVar settings from Section [/Script/Engine.StreamingSettings] File [D:/1SCHOOL/Year 4/S2/Debugging/Final/VRDebugging/Saved/Config/Windows/Engine.ini]
[2020.04.26-02.30.21:470][  0]LogConfig: Setting CVar [[s.MinBulkDataSizeForAsyncLoading:131072]]
[2020.04.26-02.30.21:470][  0]LogConfig: Setting CVar [[s.AsyncLoadingThreadEnabled:0]]
[2020.04.26-02.30.21:470][  0]LogConfig: Setting CVar [[s.EventDrivenLoaderEnabled:1]]
[2020.04.26-02.30.21:470][  0]LogConfig: Setting CVar [[s.WarnIfTimeLimitExceeded:0]]
[2020.04.26-02.30.21:470][  0]LogConfig: Setting CVar [[s.TimeLimitExceededMultiplier:1.5]]
[2020.04.26-02.30.21:470][  0]LogConfig: Setting CVar [[s.TimeLimitExceededMinTime:0.005]]
[2020.04.26-02.30.21:470][  0]LogConfig: Setting CVar [[s.UseBackgroundLevelStreaming:1]]
[2020.04.26-02.30.21:470][  0]LogConfig: Setting CVar [[s.PriorityAsyncLoadingExtraTime:15.0]]
[2020.04.26-02.30.21:470][  0]LogConfig: Setting CVar [[s.LevelStreamingActorsUpdateTimeLimit:5.0]]
[2020.04.26-02.30.21:470][  0]LogConfig: Setting CVar [[s.PriorityLevelStreamingActorsUpdateExtraTime:5.0]]
[2020.04.26-02.30.21:471][  0]LogConfig: Setting CVar [[s.LevelStreamingComponentsRegistrationGranularity:10]]
[2020.04.26-02.30.21:471][  0]LogConfig: Setting CVar [[s.UnregisterComponentsTimeLimit:1.0]]
[2020.04.26-02.30.21:471][  0]LogConfig: Setting CVar [[s.LevelStreamingComponentsUnregistrationGranularity:5]]
[2020.04.26-02.30.21:471][  0]LogConfig: Applying CVar settings from Section [/Script/Engine.GarbageCollectionSettings] File [D:/1SCHOOL/Year 4/S2/Debugging/Final/VRDebugging/Saved/Config/Windows/Engine.ini]
[2020.04.26-02.30.21:471][  0]LogConfig: Setting CVar [[gc.MaxObjectsNotConsideredByGC:1]]
[2020.04.26-02.30.21:471][  0]LogConfig: Setting CVar [[gc.SizeOfPermanentObjectPool:0]]
[2020.04.26-02.30.21:471][  0]LogConfig: Setting CVar [[gc.FlushStreamingOnGC:0]]
[2020.04.26-02.30.21:471][  0]LogConfig: Setting CVar [[gc.NumRetriesBeforeForcingGC:10]]
[2020.04.26-02.30.21:471][  0]LogConfig: Setting CVar [[gc.AllowParallelGC:1]]
[2020.04.26-02.30.21:471][  0]LogConfig: Setting CVar [[gc.TimeBetweenPurgingPendingKillObjects:61.1]]
[2020.04.26-02.30.21:471][  0]LogConfig: Setting CVar [[gc.MaxObjectsInEditor:16777216]]
[2020.04.26-02.30.21:471][  0]LogConfig: Setting CVar [[gc.IncrementalBeginDestroyEnabled:1]]
[2020.04.26-02.30.21:471][  0]LogConfig: Setting CVar [[gc.CreateGCClusters:1]]
[2020.04.26-02.30.21:471][  0]LogConfig: Setting CVar [[gc.MinGCClusterSize:5]]
[2020.04.26-02.30.21:471][  0]LogConfig: Setting CVar [[gc.ActorClusteringEnabled:0]]
[2020.04.26-02.30.21:471][  0]LogConfig: Setting CVar [[gc.BlueprintClusteringEnabled:0]]
[2020.04.26-02.30.21:471][  0]LogConfig: Setting CVar [[gc.UseDisregardForGCOnDedicatedServers:0]]
[2020.04.26-02.30.21:471][  0]LogConfig: Applying CVar settings from Section [/Script/Engine.NetworkSettings] File [D:/1SCHOOL/Year 4/S2/Debugging/Final/VRDebugging/Saved/Config/Windows/Engine.ini]
[2020.04.26-02.30.21:471][  0]LogConfig: Applying CVar settings from Section [/Script/UnrealEd.CookerSettings] File [D:/1SCHOOL/Year 4/S2/Debugging/Final/VRDebugging/Saved/Config/Windows/Engine.ini]
[2020.04.26-02.30.21:480][  0]LogConfig: Applying CVar settings from Section [ViewDistanceQuality@3] File [D:/1SCHOOL/Year 4/S2/Debugging/Final/VRDebugging/Saved/Config/Windows/Scalability.ini]
[2020.04.26-02.30.21:480][  0]LogConfig: Setting CVar [[r.SkeletalMeshLODBias:0]]
[2020.04.26-02.30.21:480][  0]LogConfig: Setting CVar [[r.ViewDistanceScale:1.0]]
[2020.04.26-02.30.21:480][  0]LogConfig: Applying CVar settings from Section [AntiAliasingQuality@3] File [D:/1SCHOOL/Year 4/S2/Debugging/Final/VRDebugging/Saved/Config/Windows/Scalability.ini]
[2020.04.26-02.30.21:480][  0]LogConfig: Setting CVar [[r.PostProcessAAQuality:3]]
[2020.04.26-02.30.21:480][  0]LogConfig: Applying CVar settings from Section [ShadowQuality@3] File [D:/1SCHOOL/Year 4/S2/Debugging/Final/VRDebugging/Saved/Config/Windows/Scalability.ini]
[2020.04.26-02.30.21:481][  0]LogConfig: Setting CVar [[r.LightFunctionQuality:1]]
[2020.04.26-02.30.21:481][  0]LogConfig: Setting CVar [[r.ShadowQuality:5]]
[2020.04.26-02.30.21:481][  0]LogConfig: Setting CVar [[r.Shadow.CSM.MaxCascades:10]]
[2020.04.26-02.30.21:481][  0]LogConfig: Setting CVar [[r.Shadow.MaxResolution:2048]]
[2020.04.26-02.30.21:481][  0]LogConfig: Setting CVar [[r.Shadow.MaxCSMResolution:2048]]
[2020.04.26-02.30.21:481][  0]LogConfig: Setting CVar [[r.Shadow.RadiusThreshold:0.01]]
[2020.04.26-02.30.21:481][  0]LogConfig: Setting CVar [[r.Shadow.DistanceScale:1.0]]
[2020.04.26-02.30.21:481][  0]LogConfig: Setting CVar [[r.Shadow.CSM.TransitionScale:1.0]]
[2020.04.26-02.30.21:481][  0]LogConfig: Setting CVar [[r.Shadow.PreShadowResolutionFactor:1.0]]
[2020.04.26-02.30.21:481][  0]LogConfig: Setting CVar [[r.DistanceFieldShadowing:1]]
[2020.04.26-02.30.21:481][  0]LogConfig: Setting CVar [[r.DistanceFieldAO:1]]
[2020.04.26-02.30.21:481][  0]LogConfig: Setting CVar [[r.AOQuality:2]]
[2020.04.26-02.30.21:481][  0]LogConfig: Setting CVar [[r.VolumetricFog:1]]
[2020.04.26-02.30.21:481][  0]LogConfig: Setting CVar [[r.VolumetricFog.GridPixelSize:8]]
[2020.04.26-02.30.21:481][  0]LogConfig: Setting CVar [[r.VolumetricFog.GridSizeZ:128]]
[2020.04.26-02.30.21:481][  0]LogConfig: Setting CVar [[r.VolumetricFog.HistoryMissSupersampleCount:4]]
[2020.04.26-02.30.21:481][  0]LogConfig: Setting CVar [[r.LightMaxDrawDistanceScale:1]]
[2020.04.26-02.30.21:481][  0]LogConfig: Setting CVar [[r.CapsuleShadows:1]]
[2020.04.26-02.30.21:481][  0]LogConfig: Applying CVar settings from Section [PostProcessQuality@3] File [D:/1SCHOOL/Year 4/S2/Debugging/Final/VRDebugging/Saved/Config/Windows/Scalability.ini]
[2020.04.26-02.30.21:481][  0]LogConfig: Setting CVar [[r.MotionBlurQuality:0]]
[2020.04.26-02.30.21:482][  0]LogConfig: Setting CVar [[r.AmbientOcclusionMipLevelFactor:0.4]]
[2020.04.26-02.30.21:482][  0]LogConfig: Setting CVar [[r.AmbientOcclusionMaxQuality:100]]
[2020.04.26-02.30.21:482][  0]LogConfig: Setting CVar [[r.AmbientOcclusionLevels:0]]
[2020.04.26-02.30.21:482][  0]LogConfig: Setting CVar [[r.AmbientOcclusionRadiusScale:1.0]]
[2020.04.26-02.30.21:482][  0]LogConfig: Setting CVar [[r.DepthOfFieldQuality:0]]
[2020.04.26-02.30.21:482][  0]LogConfig: Setting CVar [[r.RenderTargetPoolMin:400]]
[2020.04.26-02.30.21:482][  0]LogConfig: Setting CVar [[r.LensFlareQuality:0]]
[2020.04.26-02.30.21:482][  0]LogConfig: Setting CVar [[r.SceneColorFringeQuality:0]]
[2020.04.26-02.30.21:482][  0]LogConfig: Setting CVar [[r.EyeAdaptationQuality:2]]
[2020.04.26-02.30.21:482][  0]LogConfig: Setting CVar [[r.BloomQuality:1]]
[2020.04.26-02.30.21:482][  0]LogConfig: Setting CVar [[r.FastBlurThreshold:0]]
[2020.04.26-02.30.21:482][  0]LogConfig: Setting CVar [[r.Upscale.Quality:3]]
[2020.04.26-02.30.21:482][  0]LogConfig: Setting CVar [[r.Tonemapper.GrainQuantization:1]]
[2020.04.26-02.30.21:482][  0]LogConfig: Setting CVar [[r.LightShaftQuality:1]]
[2020.04.26-02.30.21:482][  0]LogConfig: Setting CVar [[r.Filter.SizeScale:1]]
[2020.04.26-02.30.21:482][  0]LogConfig: Setting CVar [[r.Tonemapper.Quality:5]]
[2020.04.26-02.30.21:482][  0]LogConfig: Setting CVar [[r.DOF.Gather.AccumulatorQuality:1        ; higher gathering accumulator quality]]
[2020.04.26-02.30.21:482][  0]LogConfig: Setting CVar [[r.DOF.Gather.PostfilterMethod:1          ; Median3x3 postfilering method]]
[2020.04.26-02.30.21:482][  0]LogConfig: Setting CVar [[r.DOF.Gather.EnableBokehSettings:0       ; no bokeh simulation when gathering]]
[2020.04.26-02.30.21:482][  0]LogConfig: Setting CVar [[r.DOF.Gather.RingCount:4                 ; medium number of samples when gathering]]
[2020.04.26-02.30.21:482][  0]LogConfig: Setting CVar [[r.DOF.Scatter.ForegroundCompositing:1    ; additive foreground scattering]]
[2020.04.26-02.30.21:482][  0]LogConfig: Setting CVar [[r.DOF.Scatter.BackgroundCompositing:2    ; additive background scattering]]
[2020.04.26-02.30.21:482][  0]LogConfig: Setting CVar [[r.DOF.Scatter.EnableBokehSettings:1      ; bokeh simulation when scattering]]
[2020.04.26-02.30.21:482][  0]LogConfig: Setting CVar [[r.DOF.Scatter.MaxSpriteRatio:0.1         ; only a maximum of 10% of scattered bokeh]]
[2020.04.26-02.30.21:483][  0]LogConfig: Setting CVar [[r.DOF.Recombine.Quality:1                ; cheap slight out of focus]]
[2020.04.26-02.30.21:483][  0]LogConfig: Setting CVar [[r.DOF.Recombine.EnableBokehSettings:0    ; no bokeh simulation on slight out of focus]]
[2020.04.26-02.30.21:483][  0]LogConfig: Setting CVar [[r.DOF.TemporalAAQuality:1                ; more stable temporal accumulation]]
[2020.04.26-02.30.21:483][  0]LogConfig: Setting CVar [[r.DOF.Kernel.MaxForegroundRadius:0.025]]
[2020.04.26-02.30.21:483][  0]LogConfig: Setting CVar [[r.DOF.Kernel.MaxBackgroundRadius:0.025]]
[2020.04.26-02.30.21:483][  0]LogConfig: Applying CVar settings from Section [TextureQuality@3] File [D:/1SCHOOL/Year 4/S2/Debugging/Final/VRDebugging/Saved/Config/Windows/Scalability.ini]
[2020.04.26-02.30.21:483][  0]LogConfig: Setting CVar [[r.Streaming.MipBias:0]]
[2020.04.26-02.30.21:483][  0]LogConfig: Setting CVar [[r.Streaming.AmortizeCPUToGPUCopy:0]]
[2020.04.26-02.30.21:483][  0]LogConfig: Setting CVar [[r.Streaming.MaxNumTexturesToStreamPerFrame:0]]
[2020.04.26-02.30.21:483][  0]LogConfig: Setting CVar [[r.Streaming.Boost:1]]
[2020.04.26-02.30.21:483][  0]LogConfig: Setting CVar [[r.MaxAnisotropy:8]]
[2020.04.26-02.30.21:483][  0]LogConfig: Setting CVar [[r.Streaming.LimitPoolSizeToVRAM:0]]
[2020.04.26-02.30.21:483][  0]LogConfig: Setting CVar [[r.Streaming.PoolSize:1000]]
[2020.04.26-02.30.21:483][  0]LogConfig: Setting CVar [[r.Streaming.MaxEffectiveScreenSize:0]]
[2020.04.26-02.30.21:483][  0]LogConfig: Applying CVar settings from Section [EffectsQuality@3] File [D:/1SCHOOL/Year 4/S2/Debugging/Final/VRDebugging/Saved/Config/Windows/Scalability.ini]
[2020.04.26-02.30.21:483][  0]LogConfig: Setting CVar [[r.TranslucencyLightingVolumeDim:4]]
[2020.04.26-02.30.21:483][  0]LogConfig: Setting CVar [[r.RefractionQuality:2]]
[2020.04.26-02.30.21:483][  0]LogConfig: Setting CVar [[r.SSR.Quality:0]]
[2020.04.26-02.30.21:483][  0]LogConfig: Setting CVar [[r.SceneColorFormat:2]]
[2020.04.26-02.30.21:483][  0]LogConfig: Setting CVar [[r.DetailMode:2]]
[2020.04.26-02.30.21:483][  0]LogConfig: Setting CVar [[r.TranslucencyVolumeBlur:0]]
[2020.04.26-02.30.21:484][  0]LogConfig: Setting CVar [[r.MaterialQualityLevel:1 ; High quality]]
[2020.04.26-02.30.21:484][  0]LogConfig: Setting CVar [[r.SSS.Scale:1]]
[2020.04.26-02.30.21:484][  0]LogConfig: Setting CVar [[r.SSS.SampleSet:2]]
[2020.04.26-02.30.21:484][  0]LogConfig: Setting CVar [[r.SSS.Quality:1]]
[2020.04.26-02.30.21:484][  0]LogConfig: Setting CVar [[r.SSS.HalfRes:1]]
[2020.04.26-02.30.21:485][  0]LogConfig: Setting CVar [[r.EmitterSpawnRateScale:1.0]]
[2020.04.26-02.30.21:485][  0]LogConfig: Setting CVar [[r.ParticleLightQuality:2]]
[2020.04.26-02.30.21:485][  0]LogConfig: Applying CVar settings from Section [FoliageQuality@3] File [D:/1SCHOOL/Year 4/S2/Debugging/Final/VRDebugging/Saved/Config/Windows/Scalability.ini]
[2020.04.26-02.30.21:485][  0]LogConfig: Setting CVar [[foliage.DensityScale:1.0]]
[2020.04.26-02.30.21:485][  0]LogConfig: Setting CVar [[grass.DensityScale:1.0]]
[2020.04.26-02.30.21:485][  0]LogInit: Selected Device Profile: [Windows]
[2020.04.26-02.30.21:485][  0]LogInit: Applying CVar settings loaded from the selected device profile: [Windows]
[2020.04.26-02.30.21:486][  0]LogHAL: Display: Platform has ~ 16 GB [17110634496 / 17179869184 / 16], which maps to Larger [LargestMinGB=32, LargerMinGB=12, DefaultMinGB=8, SmallerMinGB=6, SmallestMinGB=0)
[2020.04.26-02.30.21:488][  0]LogInit: Going up to parent DeviceProfile []
[2020.04.26-02.30.21:488][  0]LogConfig: Applying CVar settings from Section [ViewDistanceQuality@3] File [D:/1SCHOOL/Year 4/S2/Debugging/Final/VRDebugging/Saved/Config/Windows/Scalability.ini]
[2020.04.26-02.30.21:488][  0]LogConfig: Setting CVar [[r.SkeletalMeshLODBias:0]]
[2020.04.26-02.30.21:488][  0]LogConfig: Setting CVar [[r.ViewDistanceScale:1.0]]
[2020.04.26-02.30.21:488][  0]LogConfig: Applying CVar settings from Section [AntiAliasingQuality@3] File [D:/1SCHOOL/Year 4/S2/Debugging/Final/VRDebugging/Saved/Config/Windows/Scalability.ini]
[2020.04.26-02.30.21:488][  0]LogConfig: Setting CVar [[r.PostProcessAAQuality:3]]
[2020.04.26-02.30.21:488][  0]LogConfig: Applying CVar settings from Section [ShadowQuality@3] File [D:/1SCHOOL/Year 4/S2/Debugging/Final/VRDebugging/Saved/Config/Windows/Scalability.ini]
[2020.04.26-02.30.21:488][  0]LogConfig: Setting CVar [[r.LightFunctionQuality:1]]
[2020.04.26-02.30.21:488][  0]LogConfig: Setting CVar [[r.ShadowQuality:5]]
[2020.04.26-02.30.21:488][  0]LogConfig: Setting CVar [[r.Shadow.CSM.MaxCascades:10]]
[2020.04.26-02.30.21:488][  0]LogConfig: Setting CVar [[r.Shadow.MaxResolution:2048]]
[2020.04.26-02.30.21:488][  0]LogConfig: Setting CVar [[r.Shadow.MaxCSMResolution:2048]]
[2020.04.26-02.30.21:488][  0]LogConfig: Setting CVar [[r.Shadow.RadiusThreshold:0.01]]
[2020.04.26-02.30.21:488][  0]LogConfig: Setting CVar [[r.Shadow.DistanceScale:1.0]]
[2020.04.26-02.30.21:488][  0]LogConfig: Setting CVar [[r.Shadow.CSM.TransitionScale:1.0]]
[2020.04.26-02.30.21:488][  0]LogConfig: Setting CVar [[r.Shadow.PreShadowResolutionFactor:1.0]]
[2020.04.26-02.30.21:488][  0]LogConfig: Setting CVar [[r.DistanceFieldShadowing:1]]
[2020.04.26-02.30.21:488][  0]LogConfig: Setting CVar [[r.DistanceFieldAO:1]]
[2020.04.26-02.30.21:489][  0]LogConfig: Setting CVar [[r.AOQuality:2]]
[2020.04.26-02.30.21:489][  0]LogConfig: Setting CVar [[r.VolumetricFog:1]]
[2020.04.26-02.30.21:489][  0]LogConfig: Setting CVar [[r.VolumetricFog.GridPixelSize:8]]
[2020.04.26-02.30.21:489][  0]LogConfig: Setting CVar [[r.VolumetricFog.GridSizeZ:128]]
[2020.04.26-02.30.21:489][  0]LogConfig: Setting CVar [[r.VolumetricFog.HistoryMissSupersampleCount:4]]
[2020.04.26-02.30.21:489][  0]LogConfig: Setting CVar [[r.LightMaxDrawDistanceScale:1]]
[2020.04.26-02.30.21:489][  0]LogConfig: Setting CVar [[r.CapsuleShadows:1]]
[2020.04.26-02.30.21:489][  0]LogConfig: Applying CVar settings from Section [PostProcessQuality@3] File [D:/1SCHOOL/Year 4/S2/Debugging/Final/VRDebugging/Saved/Config/Windows/Scalability.ini]
[2020.04.26-02.30.21:489][  0]LogConfig: Setting CVar [[r.MotionBlurQuality:0]]
[2020.04.26-02.30.21:489][  0]LogConfig: Setting CVar [[r.AmbientOcclusionMipLevelFactor:0.4]]
[2020.04.26-02.30.21:489][  0]LogConfig: Setting CVar [[r.AmbientOcclusionMaxQuality:100]]
[2020.04.26-02.30.21:489][  0]LogConfig: Setting CVar [[r.AmbientOcclusionLevels:0]]
[2020.04.26-02.30.21:489][  0]LogConfig: Setting CVar [[r.AmbientOcclusionRadiusScale:1.0]]
[2020.04.26-02.30.21:489][  0]LogConfig: Setting CVar [[r.DepthOfFieldQuality:0]]
[2020.04.26-02.30.21:490][  0]LogConfig: Setting CVar [[r.RenderTargetPoolMin:400]]
[2020.04.26-02.30.21:490][  0]LogConfig: Setting CVar [[r.LensFlareQuality:0]]
[2020.04.26-02.30.21:490][  0]LogConfig: Setting CVar [[r.SceneColorFringeQuality:0]]
[2020.04.26-02.30.21:490][  0]LogConfig: Setting CVar [[r.EyeAdaptationQuality:2]]
[2020.04.26-02.30.21:490][  0]LogConfig: Setting CVar [[r.BloomQuality:1]]
[2020.04.26-02.30.21:490][  0]LogConfig: Setting CVar [[r.FastBlurThreshold:0]]
[2020.04.26-02.30.21:490][  0]LogConfig: Setting CVar [[r.Upscale.Quality:3]]
[2020.04.26-02.30.21:490][  0]LogConfig: Setting CVar [[r.Tonemapper.GrainQuantization:1]]
[2020.04.26-02.30.21:490][  0]LogConfig: Setting CVar [[r.LightShaftQuality:1]]
[2020.04.26-02.30.21:490][  0]LogConfig: Setting CVar [[r.Filter.SizeScale:1]]
[2020.04.26-02.30.21:490][  0]LogConfig: Setting CVar [[r.Tonemapper.Quality:5]]
[2020.04.26-02.30.21:490][  0]LogConfig: Setting CVar [[r.DOF.Gather.AccumulatorQuality:1        ; higher gathering accumulator quality]]
[2020.04.26-02.30.21:490][  0]LogConfig: Setting CVar [[r.DOF.Gather.PostfilterMethod:1          ; Median3x3 postfilering method]]
[2020.04.26-02.30.21:490][  0]LogConfig: Setting CVar [[r.DOF.Gather.EnableBokehSettings:0       ; no bokeh simulation when gathering]]
[2020.04.26-02.30.21:490][  0]LogConfig: Setting CVar [[r.DOF.Gather.RingCount:4                 ; medium number of samples when gathering]]
[2020.04.26-02.30.21:490][  0]LogConfig: Setting CVar [[r.DOF.Scatter.ForegroundCompositing:1    ; additive foreground scattering]]
[2020.04.26-02.30.21:490][  0]LogConfig: Setting CVar [[r.DOF.Scatter.BackgroundCompositing:2    ; additive background scattering]]
[2020.04.26-02.30.21:490][  0]LogConfig: Setting CVar [[r.DOF.Scatter.EnableBokehSettings:1      ; bokeh simulation when scattering]]
[2020.04.26-02.30.21:490][  0]LogConfig: Setting CVar [[r.DOF.Scatter.MaxSpriteRatio:0.1         ; only a maximum of 10% of scattered bokeh]]
[2020.04.26-02.30.21:490][  0]LogConfig: Setting CVar [[r.DOF.Recombine.Quality:1                ; cheap slight out of focus]]
[2020.04.26-02.30.21:490][  0]LogConfig: Setting CVar [[r.DOF.Recombine.EnableBokehSettings:0    ; no bokeh simulation on slight out of focus]]
[2020.04.26-02.30.21:490][  0]LogConfig: Setting CVar [[r.DOF.TemporalAAQuality:1                ; more stable temporal accumulation]]
[2020.04.26-02.30.21:490][  0]LogConfig: Setting CVar [[r.DOF.Kernel.MaxForegroundRadius:0.025]]
[2020.04.26-02.30.21:490][  0]LogConfig: Setting CVar [[r.DOF.Kernel.MaxBackgroundRadius:0.025]]
[2020.04.26-02.30.21:491][  0]LogConfig: Applying CVar settings from Section [TextureQuality@3] File [D:/1SCHOOL/Year 4/S2/Debugging/Final/VRDebugging/Saved/Config/Windows/Scalability.ini]
[2020.04.26-02.30.21:491][  0]LogConfig: Setting CVar [[r.Streaming.MipBias:0]]
[2020.04.26-02.30.21:491][  0]LogConfig: Setting CVar [[r.Streaming.AmortizeCPUToGPUCopy:0]]
[2020.04.26-02.30.21:491][  0]LogConfig: Setting CVar [[r.Streaming.MaxNumTexturesToStreamPerFrame:0]]
[2020.04.26-02.30.21:491][  0]LogConfig: Setting CVar [[r.Streaming.Boost:1]]
[2020.04.26-02.30.21:491][  0]LogConfig: Setting CVar [[r.MaxAnisotropy:8]]
[2020.04.26-02.30.21:491][  0]LogConfig: Setting CVar [[r.Streaming.LimitPoolSizeToVRAM:0]]
[2020.04.26-02.30.21:491][  0]LogConfig: Setting CVar [[r.Streaming.PoolSize:1000]]
[2020.04.26-02.30.21:491][  0]LogConfig: Setting CVar [[r.Streaming.MaxEffectiveScreenSize:0]]
[2020.04.26-02.30.21:491][  0]LogConfig: Applying CVar settings from Section [EffectsQuality@3] File [D:/1SCHOOL/Year 4/S2/Debugging/Final/VRDebugging/Saved/Config/Windows/Scalability.ini]
[2020.04.26-02.30.21:491][  0]LogConfig: Setting CVar [[r.TranslucencyLightingVolumeDim:4]]
[2020.04.26-02.30.21:491][  0]LogConfig: Setting CVar [[r.RefractionQuality:2]]
[2020.04.26-02.30.21:491][  0]LogConfig: Setting CVar [[r.SSR.Quality:0]]
[2020.04.26-02.30.21:491][  0]LogConfig: Setting CVar [[r.SceneColorFormat:2]]
[2020.04.26-02.30.21:491][  0]LogConfig: Setting CVar [[r.DetailMode:2]]
[2020.04.26-02.30.21:491][  0]LogConfig: Setting CVar [[r.TranslucencyVolumeBlur:0]]
[2020.04.26-02.30.21:491][  0]LogConfig: Setting CVar [[r.MaterialQualityLevel:1 ; High quality]]
[2020.04.26-02.30.21:491][  0]LogConfig: Setting CVar [[r.SSS.Scale:1]]
[2020.04.26-02.30.21:492][  0]LogConfig: Setting CVar [[r.SSS.SampleSet:2]]
[2020.04.26-02.30.21:492][  0]LogConfig: Setting CVar [[r.SSS.Quality:1]]
[2020.04.26-02.30.21:492][  0]LogConfig: Setting CVar [[r.SSS.HalfRes:1]]
[2020.04.26-02.30.21:492][  0]LogConfig: Setting CVar [[r.EmitterSpawnRateScale:1.0]]
[2020.04.26-02.30.21:492][  0]LogConfig: Setting CVar [[r.ParticleLightQuality:2]]
[2020.04.26-02.30.21:492][  0]LogConfig: Applying CVar settings from Section [FoliageQuality@3] File [D:/1SCHOOL/Year 4/S2/Debugging/Final/VRDebugging/Saved/Config/Windows/Scalability.ini]
[2020.04.26-02.30.21:492][  0]LogConfig: Setting CVar [[foliage.DensityScale:1.0]]
[2020.04.26-02.30.21:492][  0]LogConfig: Setting CVar [[grass.DensityScale:1.0]]
[2020.04.26-02.30.21:492][  0]LogConfig: Applying CVar settings from Section [Startup] File [../../../Engine/Config/ConsoleVariables.ini]
[2020.04.26-02.30.21:492][  0]LogConfig: Setting CVar [[net.UseAdaptiveNetUpdateFrequency:0]]
[2020.04.26-02.30.21:492][  0]LogConfig: Setting CVar [[p.chaos.AllowCreatePhysxBodies:1]]
[2020.04.26-02.30.21:492][  0]LogConfig: Applying CVar settings from Section [ConsoleVariables] File [D:/1SCHOOL/Year 4/S2/Debugging/Final/VRDebugging/Saved/Config/Windows/Engine.ini]
[2020.04.26-02.30.21:492][  0]LogInit: Computer: DESKTOP-4MBKR71
[2020.04.26-02.30.21:492][  0]LogInit: User: Alex
[2020.04.26-02.30.21:492][  0]LogInit: CPU Page size=4096, Cores=6
[2020.04.26-02.30.21:492][  0]LogInit: High frequency timer resolution =3.515621 MHz
[2020.04.26-02.30.21:493][  0]LogMemory: Memory total: Physical=15.9GB (16GB approx)
[2020.04.26-02.30.21:493][  0]LogMemory: Platform Memory Stats for Windows
[2020.04.26-02.30.21:493][  0]LogMemory: Process Physical Memory: 103.21 MB used, 103.21 MB peak
[2020.04.26-02.30.21:493][  0]LogMemory: Process Virtual Memory: 91.97 MB used, 91.97 MB peak
[2020.04.26-02.30.21:493][  0]LogMemory: Physical Memory: 9228.70 MB used,  7089.27 MB free, 16317.97 MB total
[2020.04.26-02.30.21:493][  0]LogMemory: Virtual Memory: 4685.11 MB used,  134213040.00 MB free, 134217728.00 MB total
[2020.04.26-02.30.21:514][  0]LogWindows: WindowsPlatformFeatures enabled
[2020.04.26-02.30.21:727][  0]LogInit: Using OS detected language (en-US).
[2020.04.26-02.30.21:727][  0]LogInit: Using OS detected locale (en-US).
[2020.04.26-02.30.21:727][  0]LogTextLocalizationManager: No specific localization for 'en-US' exists, so the 'en' localization will be used.
[2020.04.26-02.30.21:924][  0]LogInit: Setting process to per monitor DPI aware
[2020.04.26-02.30.22:012][  0]LogSlate: New Slate User Created.  User Index 0, Is Virtual User: 0
[2020.04.26-02.30.22:013][  0]LogSlate: Slate User Registered.  User Index 0, Is Virtual User: 0
[2020.04.26-02.30.22:725][  0]LogD3D11RHI: D3D11 adapters:
[2020.04.26-02.30.22:791][  0]LogD3D11RHI:    0. 'NVIDIA GeForce GTX 1080' (Feature Level 11_0)
[2020.04.26-02.30.22:791][  0]LogD3D11RHI:       8079/0/8158 MB DedicatedVideo/DedicatedSystem/SharedSystem, Outputs:2, VendorId:0x10de
[2020.04.26-02.30.22:798][  0]LogD3D11RHI:    1. 'Microsoft Basic Render Driver' (Feature Level 11_0)
[2020.04.26-02.30.22:798][  0]LogD3D11RHI:       0/0/8158 MB DedicatedVideo/DedicatedSystem/SharedSystem, Outputs:0, VendorId:0x1414
[2020.04.26-02.30.22:798][  0]LogD3D11RHI: Chosen D3D11 Adapter: 0
[2020.04.26-02.30.22:806][  0]LogD3D11RHI: Creating new Direct3DDevice
[2020.04.26-02.30.22:806][  0]LogD3D11RHI:     GPU DeviceId: 0x1b80 (for the marketing name, search the web for "GPU Device Id")
[2020.04.26-02.30.22:806][  0]LogWindows: EnumDisplayDevices:
[2020.04.26-02.30.22:806][  0]LogWindows:    0. 'NVIDIA GeForce GTX 1080' (P:1 D:1)
[2020.04.26-02.30.22:806][  0]LogWindows:    1. 'NVIDIA GeForce GTX 1080' (P:0 D:1)
[2020.04.26-02.30.22:807][  0]LogWindows:    2. 'NVIDIA GeForce GTX 1080' (P:0 D:0)
[2020.04.26-02.30.22:807][  0]LogWindows:    3. 'NVIDIA GeForce GTX 1080' (P:0 D:0)
[2020.04.26-02.30.22:807][  0]LogWindows: DebugString: FoundDriverCount:4 
[2020.04.26-02.30.22:807][  0]LogD3D11RHI:     Adapter Name: NVIDIA GeForce GTX 1080
[2020.04.26-02.30.22:807][  0]LogD3D11RHI:   Driver Version: 442.74 (internal:26.21.14.4274, unified:442.74)
[2020.04.26-02.30.22:807][  0]LogD3D11RHI:      Driver Date: 3-13-2020
[2020.04.26-02.30.22:807][  0]LogRHI: Texture pool is 5655 MB (70% of 8079 MB)
[2020.04.26-02.30.22:846][  0]LogD3D11RHI: Async texture creation enabled
[2020.04.26-02.30.22:857][  0]LogD3D11RHI: GPU Timing Frequency: 1000.000000 (Debug: 2 1)
[2020.04.26-02.30.23:140][  0]LogTemp: Display: Module 'AllDesktopTargetPlatform' loaded TargetPlatform 'AllDesktop'
[2020.04.26-02.30.23:153][  0]LogTemp: Display: Module 'MacClientTargetPlatform' loaded TargetPlatform 'MacClient'
[2020.04.26-02.30.23:165][  0]LogTemp: Display: Module 'MacNoEditorTargetPlatform' loaded TargetPlatform 'MacNoEditor'
[2020.04.26-02.30.23:174][  0]LogTemp: Display: Module 'MacServerTargetPlatform' loaded TargetPlatform 'MacServer'
[2020.04.26-02.30.23:183][  0]LogTemp: Display: Module 'MacTargetPlatform' loaded TargetPlatform 'Mac'
[2020.04.26-02.30.23:192][  0]LogTemp: Display: Module 'WindowsClientTargetPlatform' loaded TargetPlatform 'WindowsClient'
[2020.04.26-02.30.23:201][  0]LogTemp: Display: Module 'WindowsNoEditorTargetPlatform' loaded TargetPlatform 'WindowsNoEditor'
[2020.04.26-02.30.23:211][  0]LogTemp: Display: Module 'WindowsServerTargetPlatform' loaded TargetPlatform 'WindowsServer'
[2020.04.26-02.30.23:216][  0]LogTemp: Display: Module 'WindowsTargetPlatform' loaded TargetPlatform 'Windows'
[2020.04.26-02.30.23:246][  0]LogTemp: Display: Module 'AndroidTargetPlatform' loaded TargetPlatform 'Android'
[2020.04.26-02.30.23:246][  0]LogTemp: Display: Module 'AndroidTargetPlatform' loaded TargetPlatform 'Android_ASTC'
[2020.04.26-02.30.23:246][  0]LogTemp: Display: Module 'AndroidTargetPlatform' loaded TargetPlatform 'Android_ATC'
[2020.04.26-02.30.23:246][  0]LogTemp: Display: Module 'AndroidTargetPlatform' loaded TargetPlatform 'Android_DXT'
[2020.04.26-02.30.23:246][  0]LogTemp: Display: Module 'AndroidTargetPlatform' loaded TargetPlatform 'Android_ETC1'
[2020.04.26-02.30.23:246][  0]LogTemp: Display: Module 'AndroidTargetPlatform' loaded TargetPlatform 'Android_ETC1a'
[2020.04.26-02.30.23:246][  0]LogTemp: Display: Module 'AndroidTargetPlatform' loaded TargetPlatform 'Android_ETC2'
[2020.04.26-02.30.23:246][  0]LogTemp: Display: Module 'AndroidTargetPlatform' loaded TargetPlatform 'Android_PVRTC'
[2020.04.26-02.30.23:246][  0]LogTemp: Display: Module 'AndroidTargetPlatform' loaded TargetPlatform 'AndroidClient'
[2020.04.26-02.30.23:246][  0]LogTemp: Display: Module 'AndroidTargetPlatform' loaded TargetPlatform 'Android_ASTCClient'
[2020.04.26-02.30.23:246][  0]LogTemp: Display: Module 'AndroidTargetPlatform' loaded TargetPlatform 'Android_ATCClient'
[2020.04.26-02.30.23:247][  0]LogTemp: Display: Module 'AndroidTargetPlatform' loaded TargetPlatform 'Android_DXTClient'
[2020.04.26-02.30.23:247][  0]LogTemp: Display: Module 'AndroidTargetPlatform' loaded TargetPlatform 'Android_ETC1Client'
[2020.04.26-02.30.23:247][  0]LogTemp: Display: Module 'AndroidTargetPlatform' loaded TargetPlatform 'Android_ETC1aClient'
[2020.04.26-02.30.23:247][  0]LogTemp: Display: Module 'AndroidTargetPlatform' loaded TargetPlatform 'Android_ETC2Client'
[2020.04.26-02.30.23:247][  0]LogTemp: Display: Module 'AndroidTargetPlatform' loaded TargetPlatform 'Android_PVRTCClient'
[2020.04.26-02.30.23:247][  0]LogTemp: Display: Module 'AndroidTargetPlatform' loaded TargetPlatform 'Android_Multi'
[2020.04.26-02.30.23:247][  0]LogTemp: Display: Module 'AndroidTargetPlatform' loaded TargetPlatform 'Android_MultiClient'
[2020.04.26-02.30.23:252][  0]LogTemp: Display: Module 'HTML5TargetPlatform' loaded TargetPlatform 'HTML5'
[2020.04.26-02.30.23:288][  0]LogTemp: Display: Module 'IOSTargetPlatform' loaded TargetPlatform 'IOSClient'
[2020.04.26-02.30.23:288][  0]LogTemp: Display: Module 'IOSTargetPlatform' loaded TargetPlatform 'IOS'
[2020.04.26-02.30.23:301][  0]LogTemp: Display: Module 'TVOSTargetPlatform' loaded TargetPlatform 'TVOSClient'
[2020.04.26-02.30.23:301][  0]LogTemp: Display: Module 'TVOSTargetPlatform' loaded TargetPlatform 'TVOS'
[2020.04.26-02.30.23:308][  0]LogTemp: Display: Module 'LinuxClientTargetPlatform' loaded TargetPlatform 'LinuxClient'
[2020.04.26-02.30.23:316][  0]LogTemp: Display: Module 'LinuxNoEditorTargetPlatform' loaded TargetPlatform 'LinuxNoEditor'
[2020.04.26-02.30.23:325][  0]LogTemp: Display: Module 'LinuxServerTargetPlatform' loaded TargetPlatform 'LinuxServer'
[2020.04.26-02.30.23:333][  0]LogTemp: Display: Module 'LinuxTargetPlatform' loaded TargetPlatform 'Linux'
[2020.04.26-02.30.23:360][  0]LogTemp: Display: Module 'LuminTargetPlatform' loaded TargetPlatform 'Lumin'
[2020.04.26-02.30.23:361][  0]LogTemp: Display: Module 'LuminTargetPlatform' loaded TargetPlatform 'LuminClient'
[2020.04.26-02.30.23:362][  0]LogTargetPlatformManager: Display: Building Assets For Windows
[2020.04.26-02.30.23:383][  0]LogAudioDebug: Display: Lib vorbis DLL was dynamically loaded.
[2020.04.26-02.30.23:503][  0]LogShaderCompilers: Guid format shader working directory is -3 characters bigger than the processId version (D:/1SCHOOL/Year 4/S2/Debugging/Final/VRDebugging/Intermediate/Shaders/WorkingDirectory/28768/).
[2020.04.26-02.30.23:503][  0]LogShaderCompilers: Cleaned the shader compiler working directory 'C:/Users/alexa/AppData/Local/Temp/UnrealShaderWorkingDir/DC5512EF49BFCCC3719CDA81AFE31529/'.
[2020.04.26-02.30.23:506][  0]LogXGEController: Cleaning working directory: C:/Users/alexa/AppData/Local/Temp/UnrealXGEWorkingDir/
[2020.04.26-02.30.23:506][  0]LogXGEController: Cannot use XGE Controller as Incredibuild is not installed on this machine.
[2020.04.26-02.30.23:506][  0]LogShaderCompilers: Cannot use XGE Shader Compiler as Incredibuild is not installed on this machine.
[2020.04.26-02.30.23:506][  0]LogShaderCompilers: Display: Using Local Shader Compiler.
[2020.04.26-02.30.24:027][  0]LogDerivedDataCache: Display: Max Cache Size: 512 MB
[2020.04.26-02.30.24:082][  0]LogDerivedDataCache: Loaded boot cache 0.05s 77MB C:/Users/alexa/AppData/Local/UnrealEngine/4.23/DerivedDataCache/Boot.ddc.
[2020.04.26-02.30.24:082][  0]LogDerivedDataCache: Display: Loaded Boot cache: C:/Users/alexa/AppData/Local/UnrealEngine/4.23/DerivedDataCache/Boot.ddc
[2020.04.26-02.30.24:082][  0]LogDerivedDataCache: FDerivedDataBackendGraph:  Pak pak cache file D:/1SCHOOL/Year 4/S2/Debugging/Final/VRDebugging/DerivedDataCache/DDC.ddp not found, will not use a pak cache.
[2020.04.26-02.30.24:082][  0]LogDerivedDataCache: Unable to find inner node Pak for hierarchical cache Hierarchy.
[2020.04.26-02.30.24:082][  0]LogDerivedDataCache: FDerivedDataBackendGraph:  CompressedPak pak cache file D:/1SCHOOL/Year 4/S2/Debugging/Final/VRDebugging/DerivedDataCache/Compressed.ddp not found, will not use a pak cache.
[2020.04.26-02.30.24:083][  0]LogDerivedDataCache: Unable to find inner node CompressedPak for hierarchical cache Hierarchy.
[2020.04.26-02.30.24:093][  0]LogDerivedDataCache: Display: Pak cache opened for reading ../../../Engine/DerivedDataCache/Compressed.ddp.
[2020.04.26-02.30.24:093][  0]LogDerivedDataCache: FDerivedDataBackendGraph:  EnterprisePak pak cache file ../../../Enterprise/DerivedDataCache/Compressed.ddp not found, will not use a pak cache.
[2020.04.26-02.30.24:093][  0]LogDerivedDataCache: Unable to find inner node EnterprisePak for hierarchical cache Hierarchy.
[2020.04.26-02.30.24:094][  0]LogDerivedDataCache: Using Local data cache path C:/Users/alexa/AppData/Local/UnrealEngine/Common/DerivedDataCache: Writable
[2020.04.26-02.30.24:094][  0]LogDerivedDataCache: Shared data cache path not found in *engine.ini, will not use an Shared cache.
[2020.04.26-02.30.24:095][  0]LogDerivedDataCache: Unable to find inner node Shared for hierarchical cache Hierarchy.
[2020.04.26-02.30.24:113][  0]LogMaterial: Verifying Global Shaders for PCD3D_SM5
[2020.04.26-02.30.24:115][  0]LogSlate: Using FreeType 2.6.0
[2020.04.26-02.30.24:116][  0]LogSlate: SlateFontServices - WITH_FREETYPE: 1, WITH_HARFBUZZ: 1
[2020.04.26-02.30.24:163][  0]LogAssetRegistry: FAssetRegistry took 0.0036 seconds to start up
[2020.04.26-02.30.24:382][  0]LogInit: Selected Device Profile: [Windows]
[2020.04.26-02.30.24:524][  0]LogMeshReduction: Using QuadricMeshReduction for automatic static mesh reduction
[2020.04.26-02.30.24:524][  0]LogMeshReduction: Using SimplygonMeshReduction for automatic skeletal mesh reduction
[2020.04.26-02.30.24:524][  0]LogMeshReduction: Using ProxyLODMeshReduction for automatic mesh merging
[2020.04.26-02.30.24:524][  0]LogMeshReduction: No distributed automatic mesh merging module available
[2020.04.26-02.30.24:524][  0]LogMeshMerging: No distributed automatic mesh merging module available
[2020.04.26-02.30.24:532][  0]LogNetVersion: VRDebugging 1.0.0, NetCL: 8386587, EngineNetVer: 11, GameNetVer: 0 (Checksum: 3060877490)
[2020.04.26-02.30.24:890][  0]LogPackageLocalizationCache: Processed 12 localized package path(s) for 1 prioritized culture(s) in 0.036016 seconds
[2020.04.26-02.30.24:897][  0]LogUObjectArray: 43444 objects as part of root set at end of initial load.
[2020.04.26-02.30.24:897][  0]LogUObjectAllocator: 7548648 out of 0 bytes used by permanent object pool.
[2020.04.26-02.30.24:897][  0]LogUObjectArray: CloseDisregardForGC: 0/0 objects in disregard for GC pool
[2020.04.26-02.30.25:696][  0]LogTcpMessaging: Initializing TcpMessaging bridge
[2020.04.26-02.30.25:702][  0]LogUdpMessaging: Initializing bridge on interface 0.0.0.0:0 to multicast group 230.0.0.1:6666.
[2020.04.26-02.30.25:873][  0]SourceControl: Source control is disabled
[2020.04.26-02.30.25:874][  0]SourceControl: Source control is disabled
[2020.04.26-02.30.25:876][  0]SourceControl: Source control is disabled
[2020.04.26-02.30.25:878][  0]SourceControl: Source control is disabled
[2020.04.26-02.30.25:988][  0]LogAndroidPermission: UAndroidPermissionCallbackProxy::GetInstance
[2020.04.26-02.30.26:291][  0]LogOcInput: OculusInput pre-init called
[2020.04.26-02.30.26:774][  0]LogEngine: Initializing Engine...
[2020.04.26-02.30.26:775][  0]LogHMD: SteamVR initialized.  Driver: lighthouse  Display: LHR-8A71E516
[2020.04.26-02.30.26:776][  0]LogStats: UGameplayTagsManager::InitializeManager -  0.000 s
[2020.04.26-02.30.26:963][  0]LogInit: Initializing FReadOnlyCVARCache
[2020.04.26-02.30.26:977][  0]LogAIModule: Creating AISystem for world Untitled
[2020.04.26-02.30.27:052][  0]LogInit: XAudio2 using 'Headphones (5- Arctis 7 Game)' : 2 channels at 48 kHz using 16 bits per sample (channel mask 0x3)
[2020.04.26-02.30.27:073][  0]LogInit: FAudioDevice initialized.
[2020.04.26-02.30.27:073][  0]LogNetVersion: Set ProjectVersion to 1.0.0.0. Version Checksum will be recalculated on next use.
[2020.04.26-02.30.27:139][  0]LogDerivedDataCache: Saved boot cache 0.07s 77MB C:/Users/alexa/AppData/Local/UnrealEngine/4.23/DerivedDataCache/Boot.ddc.
[2020.04.26-02.30.27:145][  0]LogInit: Texture streaming: Enabled
[2020.04.26-02.30.27:169][  0]LogEngineSessionManager: EngineSessionManager initialized
[2020.04.26-02.30.27:169][  0]LogEditorSessionSummary: Verbose: Initializing EditorSessionSummaryWriter for editor session tracking
[2020.04.26-02.30.27:170][  0]LogEditorSessionSummary: EditorSessionSummaryWriter initialized
[2020.04.26-02.30.27:200][  0]LogInit: Transaction tracking system initialized
[2020.04.26-02.30.27:239][  0]BlueprintLog: New page: Editor Load
[2020.04.26-02.30.27:331][  0]LocalizationService: Localization service is disabled
[2020.04.26-02.30.27:546][  0]LogFileCache: Scanning file cache for directory 'D:/1SCHOOL/Year 4/S2/Debugging/Final/VRDebugging/Content/' took 0.00s
[2020.04.26-02.30.27:546][  0]LogCook: Display: Max memory allowance for cook 16384mb min free memory 0mb
[2020.04.26-02.30.27:547][  0]LogCook: Display: Mobile HDR setting 1
[2020.04.26-02.30.27:734][  0]SourceControl: Source control is disabled
[2020.04.26-02.30.27:735][  0]Cmd: MAP LOAD FILE="D:/1SCHOOL/Year 4/S2/Debugging/Final/VRDebugging/Content/VirtualRealityBP/Maps/StartupMap.umap" TEMPLATE=0 SHOWPROGRESS=1 FEATURELEVEL=3
[2020.04.26-02.30.27:735][  0]LightingResults: New page: Lighting Build
[2020.04.26-02.30.27:737][  0]LogWorld: UWorld::CleanupWorld for Untitled, bSessionEnded=true, bCleanupResources=true
[2020.04.26-02.30.27:738][  0]MapCheck: New page: Map Check
[2020.04.26-02.30.27:738][  0]LightingResults: New page: Lighting Build
[2020.04.26-02.30.27:760][  0]LogUObjectHash: Compacting FUObjectHashTables data took   1.39ms
[2020.04.26-02.30.27:821][  0]LogAIModule: Creating AISystem for world StartupMap
[2020.04.26-02.30.27:825][  0]LogEditorServer: Finished looking for orphan Actors (0.000 secs)
[2020.04.26-02.30.27:851][  0]LogUObjectHash: Compacting FUObjectHashTables data took   1.09ms
[2020.04.26-02.30.27:851][  0]Cmd: MAP CHECKDEP NOCLEARLOG
[2020.04.26-02.30.27:851][  0]MapCheck: Map check complete: 0 Error(s), 0 Warning(s), took 0.101ms to complete.
[2020.04.26-02.30.27:851][  0]LogFileHelpers: Loading map 'StartupMap' took 0.117
[2020.04.26-02.30.27:975][  0]LogSlate: Updating window title bar state: overlay mode, drag disabled, window buttons hidden, title bar hidden
[2020.04.26-02.30.27:982][  0]LogSlate: Updating window title bar state: overlay mode, drag disabled, window buttons hidden, title bar hidden
[2020.04.26-02.30.27:988][  0]LogSlate: Updating window title bar state: overlay mode, drag disabled, window buttons hidden, title bar hidden
[2020.04.26-02.30.27:994][  0]LogSlate: Updating window title bar state: overlay mode, drag disabled, window buttons hidden, title bar hidden
[2020.04.26-02.30.28:001][  0]LogCollectionManager: Loaded 0 collections in 0.001835 seconds
[2020.04.26-02.30.28:008][  0]LogFileCache: Scanning file cache for directory 'D:/1SCHOOL/Year 4/S2/Debugging/Final/VRDebugging/Saved/Collections/' took 0.00s
[2020.04.26-02.30.28:008][  0]LogFileCache: Scanning file cache for directory 'D:/1SCHOOL/Year 4/S2/Debugging/Final/VRDebugging/Content/Developers/Alex/Collections/' took 0.00s
[2020.04.26-02.30.28:008][  0]LogFileCache: Scanning file cache for directory 'D:/1SCHOOL/Year 4/S2/Debugging/Final/VRDebugging/Content/Collections/' took 0.00s
[2020.04.26-02.30.28:008][  0]LogCollectionManager: Rebuilt the GUID cache for 0 collections in 0.000003 seconds
[2020.04.26-02.30.28:015][  0]LogContentBrowser: Native class hierarchy populated in 0.0071 seconds. Added 2867 classes and 682 folders.
[2020.04.26-02.30.28:022][  0]LogContentBrowser: Native class hierarchy updated for 'WidgetCarousel' in 0.0002 seconds. Added 0 classes and 0 folders.
[2020.04.26-02.30.28:050][  0]LogContentBrowser: Native class hierarchy updated for 'AddContentDialog' in 0.0003 seconds. Added 0 classes and 0 folders.
[2020.04.26-02.30.28:058][  0]LogContentBrowser: Native class hierarchy updated for 'SceneOutliner' in 0.0003 seconds. Added 1 classes and 2 folders.
[2020.04.26-02.30.28:069][  0]LogSlate: Took 0.000119 seconds to synchronously load lazily loaded font '../../../Engine/Content/Slate/Fonts/Roboto-Regular.ttf' (155K)
[2020.04.26-02.30.28:070][  0]LogSlate: Took 0.000112 seconds to synchronously load lazily loaded font '../../../Engine/Content/Slate/Fonts/Roboto-Bold.ttf' (160K)
[2020.04.26-02.30.28:074][  0]LogSlate: Took 0.000119 seconds to synchronously load lazily loaded font '../../../Engine/Content/Editor/Slate/Fonts/FontAwesome.ttf' (139K)
[2020.04.26-02.30.28:074][  0]LogSlate: Took 0.000097 seconds to synchronously load lazily loaded font '../../../Engine/Content/Slate/Fonts/DroidSansMono.ttf' (77K)
[2020.04.26-02.30.28:152][  0]LogRenderer: Reallocating scene render targets to support 1552x808 Format 26 NumSamples 1 (Frame:1).
[2020.04.26-02.30.28:225][  0]LogContentBrowser: Native class hierarchy updated for 'HierarchicalLODOutliner' in 0.0002 seconds. Added 0 classes and 0 folders.
[2020.04.26-02.30.28:226][  0]LogLoad: (Engine Initialization) Total time: 9.07 seconds
[2020.04.26-02.30.28:226][  0]LogLoad: (Engine Initialization) Total Blueprint compile time: 0.00 seconds
[2020.04.26-02.30.28:235][  0]LogWindowsTextInputMethodSystem: Display: IME system now deactivated.
[2020.04.26-02.30.28:269][  0]LogAssetRegistry: Asset discovery search completed in 4.1078 seconds
[2020.04.26-02.30.28:272][  0]LogCollectionManager: Rebuilt the object cache for 0 collections in 0.000004 seconds (found 0 objects)
[2020.04.26-02.30.28:273][  0]LogCollectionManager: Fixed up redirectors for 0 collections in 0.000251 seconds (updated 0 objects)
[2020.04.26-02.30.28:274][  0]LogContentStreaming: Texture pool size now 1000 MB
[2020.04.26-02.30.30:063][210]LogSlate: FSceneViewport::OnFocusLost() reason 0
[2020.04.26-02.30.31:832][415]LogSlate: Took 0.000127 seconds to synchronously load lazily loaded font '../../../Engine/Content/Slate/Fonts/Roboto-Light.ttf' (167K)
[2020.04.26-02.30.32:024][415]LogAIModule: Creating AISystem for world MotionControllerMap
[2020.04.26-02.30.32:035][415]LogAssetEditorManager: Opening Asset editor for World /Game/VirtualRealityBP/Maps/MotionControllerMap.MotionControllerMap
[2020.04.26-02.30.32:059][415]LogUObjectHash: Compacting FUObjectHashTables data took   1.85ms
[2020.04.26-02.30.32:060][415]Cmd: MAP LOAD FILE="D:/1SCHOOL/Year 4/S2/Debugging/Final/VRDebugging/Content/VirtualRealityBP/Maps/MotionControllerMap.umap" TEMPLATE=0 SHOWPROGRESS=1 FEATURELEVEL=3
[2020.04.26-02.30.32:060][415]LightingResults: New page: Lighting Build
[2020.04.26-02.30.32:061][415]LoadErrors: New page: Loading map: MotionControllerMap.umap
[2020.04.26-02.30.32:061][415]LogWorld: UWorld::CleanupWorld for StartupMap, bSessionEnded=true, bCleanupResources=true
[2020.04.26-02.30.32:062][415]MapCheck: New page: Map Check
[2020.04.26-02.30.32:062][415]LightingResults: New page: Lighting Build
[2020.04.26-02.30.32:084][415]LogUObjectHash: Compacting FUObjectHashTables data took   1.28ms
[2020.04.26-02.30.32:087][415]LogEditorServer: Finished looking for orphan Actors (0.000 secs)
[2020.04.26-02.30.32:111][415]LogUObjectHash: Compacting FUObjectHashTables data took   1.44ms
[2020.04.26-02.30.32:120][415]Cmd: MAP CHECKDEP NOCLEARLOG
[2020.04.26-02.30.32:120][415]MapCheck: Map check complete: 0 Error(s), 0 Warning(s), took 0.082ms to complete.
[2020.04.26-02.30.32:120][415]LogFileHelpers: Loading map 'MotionControllerMap' took 0.061
[2020.04.26-02.30.33:395][562]LogTemp: Repeating last play command: VR Preview
[2020.04.26-02.30.33:400][562]LogBlueprintUserMessages: Early PlayInEditor Detection: Level '/Game/VirtualRealityBP/Maps/MotionControllerMap.MotionControllerMap:PersistentLevel' has LevelScriptBlueprint '/Game/VirtualRealityBP/Maps/MotionControllerMap.MotionControllerMap:PersistentLevel.MotionControllerMap' with GeneratedClass '/Game/VirtualRealityBP/Maps/MotionControllerMap.MotionControllerMap_C' with ClassGeneratedBy '/Game/VirtualRealityBP/Maps/MotionControllerMap.MotionControllerMap:PersistentLevel.MotionControllerMap'
[2020.04.26-02.30.33:401][562]LogPlayLevel: PlayLevel: No blueprints needed recompiling
[2020.04.26-02.30.33:401][562]PIE: New page: PIE session: MotionControllerMap (Apr 25, 2020, 6:30:33 PM)
[2020.04.26-02.30.33:402][562]LogOnline: OSS: Creating online subsystem instance for: NULL
[2020.04.26-02.30.33:404][562]LogPlayLevel: Creating play world package: /Game/VirtualRealityBP/Maps/UEDPIE_0_MotionControllerMap
[2020.04.26-02.30.33:414][562]LogPlayLevel: PIE: StaticDuplicateObject took: (0.009721s)
[2020.04.26-02.30.33:415][562]LogAIModule: Creating AISystem for world MotionControllerMap
[2020.04.26-02.30.33:416][562]LogPlayLevel: PIE: World Init took: (0.001203s)
[2020.04.26-02.30.33:416][562]LogPlayLevel: PIE: Created PIE world by copying editor world from /Game/VirtualRealityBP/Maps/MotionControllerMap.MotionControllerMap to /Game/VirtualRealityBP/Maps/UEDPIE_0_MotionControllerMap.MotionControllerMap (0.011628s)
[2020.04.26-02.30.33:437][562]LogUObjectHash: Compacting FUObjectHashTables data took   1.01ms
[2020.04.26-02.30.33:503][562]LogInit: XAudio2 using 'Headphones (5- Arctis 7 Game)' : 2 channels at 48 kHz using 16 bits per sample (channel mask 0x3)
[2020.04.26-02.30.33:519][562]LogInit: FAudioDevice initialized.
[2020.04.26-02.30.33:528][562]LogSlate: Updating window title bar state: overlay mode, drag disabled, window buttons hidden, title bar hidden
[2020.04.26-02.30.33:549][562]LogLoad: Game class is 'GameModeBase'
[2020.04.26-02.30.33:551][562]LogWorld: Bringing World /Game/VirtualRealityBP/Maps/UEDPIE_0_MotionControllerMap.MotionControllerMap up for play (max tick rate 0) at 2020.04.25-22.30.33
[2020.04.26-02.30.33:552][562]LogWorld: Bringing up level for play took: 0.001975
[2020.04.26-02.30.33:552][562]LogOnline: OSS: Creating online subsystem instance for: :Context_1
[2020.04.26-02.30.33:560][562]LogContentBrowser: Native class hierarchy updated for 'MovieSceneCapture' in 0.0003 seconds. Added 20 classes and 0 folders.
[2020.04.26-02.30.33:567][562]PIE: Play in editor start time for /Game/VirtualRealityBP/Maps/UEDPIE_0_MotionControllerMap 0.959
[2020.04.26-02.30.33:567][562]LogBlueprintUserMessages: Late PlayInEditor Detection: Level '/Game/VirtualRealityBP/Maps/MotionControllerMap.MotionControllerMap:PersistentLevel' has LevelScriptBlueprint '/Game/VirtualRealityBP/Maps/MotionControllerMap.MotionControllerMap:PersistentLevel.MotionControllerMap' with GeneratedClass '/Game/VirtualRealityBP/Maps/MotionControllerMap.MotionControllerMap_C' with ClassGeneratedBy '/Game/VirtualRealityBP/Maps/MotionControllerMap.MotionControllerMap:PersistentLevel.MotionControllerMap'
[2020.04.26-02.30.33:598][563]LogRenderer: Reallocating scene render targets to support 3704x2056 Format 26 NumSamples 1 (Frame:1).
[2020.04.26-02.30.43:391][439]LogTemp: I HAVE HIT THE FUNCTION
[2020.04.26-02.31.26:830][439]LogTemp: Name: UberGraphFrame
[2020.04.26-02.31.32:256][439]LogTemp: Let's Try To Get Grab: ＀?
[2020.04.26-02.31.32:258][439]LogSlate: Took 0.001635 seconds to synchronously load lazily loaded font '../../../Engine/Content/Slate/Fonts/DroidSansFallback.ttf' (3848K)
[2020.04.26-02.31.32:259][439]LogSlate: Last resort fallback font was requested. Font: '../../../Engine/Content/Slate/Fonts/DroidSansFallback.ttf', Character: '＀ (U+ff00)'
[2020.04.26-02.31.32:263][439]LogSlate: Took 0.002296 seconds to synchronously load lazily loaded font '../../../Engine/Content/SlateDebug/Fonts/LastResort.ttf' (5269K)
[2020.04.26-02.31.33:635][439]LogTemp: CPP Type: FPointerToUberGraphFrame
[2020.04.26-02.32.08:514][439]LogTemp: Name: DataGrab
[2020.04.26-02.32.08:515][439]LogTemp: Let's Try To Get Grab: ＀?
[2020.04.26-02.32.08:515][439]LogTemp: CPP Type: TArray
[2020.04.26-02.32.10:956][439]LogTemp: Name: StaticMeshComponent
[2020.04.26-02.32.10:956][439]LogTemp: Let's Try To Get Grab: ＀?
[2020.04.26-02.32.10:957][439]LogTemp: CPP Type: UStaticMeshComponent*
[2020.04.26-02.32.13:346][439]LogTemp: Name: bStaticMeshReplicateMovement
[2020.04.26-02.32.13:347][439]LogTemp: Let's Try To Get Grab: ＀?
[2020.04.26-02.32.13:347][439]LogTemp: CPP Type: bool
[2020.04.26-02.32.15:027][439]LogTemp: Name: NavigationGeometryGatheringMode
[2020.04.26-02.32.15:028][439]LogTemp: Let's Try To Get Grab: ＀?
[2020.04.26-02.32.15:028][439]LogTemp: CPP Type: ENavDataGatheringMode
[2020.04.26-02.32.16:249][439]LogTemp: Name: PrimaryActorTick
[2020.04.26-02.32.16:250][439]LogTemp: Let's Try To Get Grab: ＀?
[2020.04.26-02.32.16:250][439]LogTemp: CPP Type: FActorTickFunction
