Log file open, 04/26/20 22:31:24
LogWindows: Failed to load 'aqProf.dll' (GetLastError=126)
LogWindows: File 'aqProf.dll' does not exist
LogWindows: Failed to load 'VtuneApi.dll' (GetLastError=126)
LogWindows: File 'VtuneApi.dll' does not exist
LogWindows: Failed to load 'VtuneApi32e.dll' (GetLastError=126)
LogWindows: File 'VtuneApi32e.dll' does not exist
LogConsoleResponse: Display: Failed to find resolution value strings in scalability ini. Falling back to default.
LogInit: Display: Running engine for game: VRDebugging
LogPlatformFile: Not using cached read wrapper
LogTaskGraph: Started task graph with 5 named threads and 20 total threads with 3 sets of task threads.
LogStats: Stats thread started at 0.175433
LogD3D11RHI: Loaded GFSDK_Aftermath_Lib.x64.dll
LogICUInternationalization: ICU TimeZone Detection - Raw Offset: -5:00, Platform Override: ''
LogPluginManager: Mounting plugin Paper2D
LogPluginManager: Mounting plugin AISupport
LogPluginManager: Mounting plugin LightPropagationVolume
LogPluginManager: Mounting plugin ActorLayerUtilities
LogPluginManager: Mounting plugin AnimationSharing
LogPluginManager: Mounting plugin CLionSourceCodeAccess
LogPluginManager: Mounting plugin CodeLiteSourceCodeAccess
LogPluginManager: Mounting plugin GitSourceControl
LogPluginManager: Mounting plugin KDevelopSourceCodeAccess
LogPluginManager: Mounting plugin NullSourceCodeAccess
LogPluginManager: Mounting plugin PerforceSourceControl
LogPluginManager: Mounting plugin SubversionSourceControl
LogPluginManager: Mounting plugin UObjectPlugin
LogPluginManager: Mounting plugin VisualStudioCodeSourceCodeAccess
LogPluginManager: Mounting plugin VisualStudioSourceCodeAccess
LogPluginManager: Mounting plugin XCodeSourceCodeAccess
LogPluginManager: Mounting plugin AssetManagerEditor
LogPluginManager: Mounting plugin CryptoKeys
LogPluginManager: Mounting plugin CurveEditorTools
LogPluginManager: Mounting plugin DataValidation
LogPluginManager: Mounting plugin FacialAnimation
LogPluginManager: Mounting plugin GameplayTagsEditor
LogPluginManager: Mounting plugin MacGraphicsSwitching
LogPluginManager: Mounting plugin MaterialAnalyzer
LogPluginManager: Mounting plugin MobileLauncherProfileWizard
LogPluginManager: Mounting plugin PluginBrowser
LogPluginManager: Mounting plugin SpeedTreeImporter
LogPluginManager: Mounting plugin DatasmithContent
LogPluginManager: Mounting plugin VariantManagerContent
LogPluginManager: Mounting plugin AlembicImporter
LogPluginManager: Mounting plugin AutomationUtils
LogPluginManager: Mounting plugin BackChannel
LogPluginManager: Mounting plugin CharacterAI
LogPluginManager: Mounting plugin GeometryCache
LogPluginManager: Mounting plugin HTML5Networking
LogPluginManager: Mounting plugin PlatformCrypto
LogPluginManager: Mounting plugin ProxyLODPlugin
LogPluginManager: Mounting plugin SkeletalReduction
LogPluginManager: Mounting plugin MagicLeap
LogPluginManager: Mounting plugin MagicLeapMedia
LogPluginManager: Mounting plugin AndroidMedia
LogPluginManager: Mounting plugin AvfMedia
LogPluginManager: Mounting plugin ImgMedia
LogPluginManager: Mounting plugin MediaCompositing
LogPluginManager: Mounting plugin MediaPlayerEditor
LogPluginManager: Mounting plugin WebMMedia
LogPluginManager: Mounting plugin WmfMedia
LogPluginManager: Mounting plugin TcpMessaging
LogPluginManager: Mounting plugin UdpMessaging
LogPluginManager: Mounting plugin ActorSequence
LogPluginManager: Mounting plugin LevelSequenceEditor
LogPluginManager: Mounting plugin MatineeToLevelSequence
LogPluginManager: Mounting plugin NetcodeUnitTest
LogPluginManager: Mounting plugin NUTUnrealEngine4
LogPluginManager: Mounting plugin OnlineSubsystemGooglePlay
LogPluginManager: Mounting plugin OnlineSubsystemIOS
LogPluginManager: Mounting plugin OnlineSubsystem
LogPluginManager: Mounting plugin OnlineSubsystemNull
LogPluginManager: Mounting plugin OnlineSubsystemUtils
LogPluginManager: Mounting plugin LauncherChunkInstaller
LogPluginManager: Mounting plugin AndroidDeviceProfileSelector
LogPluginManager: Mounting plugin AndroidMoviePlayer
LogPluginManager: Mounting plugin AndroidPermission
LogPluginManager: Mounting plugin AppleImageUtils
LogPluginManager: Mounting plugin AppleMoviePlayer
LogPluginManager: Mounting plugin ArchVisCharacter
LogPluginManager: Mounting plugin AudioCapture
LogPluginManager: Mounting plugin CableComponent
LogPluginManager: Mounting plugin CustomMeshComponent
LogPluginManager: Mounting plugin EditableMesh
LogPluginManager: Mounting plugin ExampleDeviceProfileSelector
LogPluginManager: Mounting plugin GoogleCloudMessaging
LogPluginManager: Mounting plugin IOSDeviceProfileSelector
LogPluginManager: Mounting plugin LinuxDeviceProfileSelector
LogPluginManager: Mounting plugin LocationServicesBPLibrary
LogPluginManager: Mounting plugin MobilePatchingUtils
LogPluginManager: Mounting plugin OculusVR
LogPluginManager: Mounting plugin PhysXVehicles
LogPluginManager: Mounting plugin ProceduralMeshComponent
LogPluginManager: Mounting plugin RuntimePhysXCooking
LogPluginManager: Mounting plugin SignificanceManager
LogPluginManager: Mounting plugin SteamVR
LogPluginManager: Mounting plugin WebMMoviePlayer
LogPluginManager: Mounting plugin WindowsMoviePlayer
LogPluginManager: Mounting plugin ScreenshotTools
LogInit: Using libcurl 7.55.1-DEV
LogInit:  - built for x86_64-pc-win32
LogInit:  - supports SSL with OpenSSL/1.1.1
LogInit:  - supports HTTP deflate (compression) using libz 1.2.8
LogInit:  - other features:
LogInit:      CURL_VERSION_SSL
LogInit:      CURL_VERSION_LIBZ
LogInit:      CURL_VERSION_IPV6
LogInit:      CURL_VERSION_ASYNCHDNS
LogInit:      CURL_VERSION_LARGEFILE
LogInit:      CURL_VERSION_IDN
LogInit:  CurlRequestOptions (configurable via config and command line):
LogInit:  - bVerifyPeer = true  - Libcurl will verify peer certificate
LogInit:  - bUseHttpProxy = false  - Libcurl will NOT use HTTP proxy
LogInit:  - bDontReuseConnections = false  - Libcurl will reuse connections
LogInit:  - MaxHostConnections = 16  - Libcurl will limit the number of connections to a host
LogInit:  - LocalHostAddr = Default
LogInit:  - BufferSize = 65536
LogOnline: OSS: Creating online subsystem instance for: NULL
LogInit: WinSock: version 1.1 (2.2), MaxSocks=32767, MaxUdp=65467
LogHMD: Failed initializing OVRPlugin 1.37.0
LogInit: Build: ++UE4+Release-4.23-CL-9631420
LogInit: Engine Version: 4.23.1-9631420+++UE4+Release-4.23
LogInit: Compatible Engine Version: 4.23.0-8386587+++UE4+Release-4.23
LogInit: Net CL: 8386587
LogInit: OS: Windows 10 (Release 1803) (), CPU: Intel(R) Core(TM) i5-8600K CPU @ 3.60GHz, GPU: NVIDIA GeForce GTX 1080
LogInit: Compiled (64-bit): Oct 18 2019 02:07:44
LogInit: Compiled with Visual C++: 19.16.27030.01
LogInit: Build Configuration: Development
LogInit: Branch Name: ++UE4+Release-4.23
LogInit: Command Line:  -skipcompile
LogInit: Base Directory: C:/Program Files/Epic Games/UE_4.23/Engine/Binaries/Win64/
LogInit: Installed Engine Build: 1
LogDevObjectVersion: Number of dev versions registered: 23
LogDevObjectVersion:   Dev-Blueprints (B0D832E4-1F89-4F0D-ACCF-7EB736FD4AA2): 10
LogDevObjectVersion:   Dev-Build (E1C64328-A22C-4D53-A36C-8E866417BD8C): 0
LogDevObjectVersion:   Dev-Core (375EC13C-06E4-48FB-B500-84F0262A717E): 3
LogDevObjectVersion:   Dev-Editor (E4B068ED-F494-42E9-A231-DA0B2E46BB41): 34
LogDevObjectVersion:   Dev-Framework (CFFC743F-43B0-4480-9391-14DF171D2073): 35
LogDevObjectVersion:   Dev-Mobile (B02B49B5-BB20-44E9-A304-32B752E40360): 2
LogDevObjectVersion:   Dev-Networking (A4E4105C-59A1-49B5-A7C5-40C4547EDFEE): 0
LogDevObjectVersion:   Dev-Online (39C831C9-5AE6-47DC-9A44-9C173E1C8E7C): 0
LogDevObjectVersion:   Dev-Physics (78F01B33-EBEA-4F98-B9B4-84EACCB95AA2): 0
LogDevObjectVersion:   Dev-Platform (6631380F-2D4D-43E0-8009-CF276956A95A): 0
LogDevObjectVersion:   Dev-Rendering (12F88B9F-8875-4AFC-A67C-D90C383ABD29): 31
LogDevObjectVersion:   Dev-Sequencer (7B5AE74C-D270-4C10-A958-57980B212A5A): 11
LogDevObjectVersion:   Dev-VR (D7296918-1DD6-4BDD-9DE2-64A83CC13884): 2
LogDevObjectVersion:   Dev-LoadTimes (C2A15278-BFE7-4AFE-6C17-90FF531DF755): 1
LogDevObjectVersion:   Private-Geometry (6EACA3D4-40EC-4CC1-B786-8BED09428FC5): 3
LogDevObjectVersion:   Dev-AnimPhys (29E575DD-E0A3-4627-9D10-D276232CDCEA): 17
LogDevObjectVersion:   Dev-Anim (AF43A65D-7FD3-4947-9873-3E8ED9C1BB05): 2
LogDevObjectVersion:   Dev-ReflectionCapture (6B266CEC-1EC7-4B8F-A30B-E4D90942FC07): 1
LogDevObjectVersion:   Dev-Automation (0DF73D61-A23F-47EA-B727-89E90C41499A): 1
LogDevObjectVersion:   FortniteMain (601D1886-AC64-4F84-AA16-D3DE0DEAC7D6): 27
LogDevObjectVersion:   Dev-Enterprise (9DFFBCD6-494F-0158-E221-12823C92A888): 6
LogDevObjectVersion:   Dev-Niagara (F2AED0AC-9AFE-416F-8664-AA7FFA26D6FC): 1
LogDevObjectVersion:   Dev-Destruction (174F1F0B-B4C6-45A5-B13F-2EE8D0FB917D): 9
LogInit: Presizing for max 16777216 objects, including 0 objects not considered by GC, pre-allocating 0 bytes for permanent pool.
LogInit: Object subsystem initialized
LogConfig: Setting CVar [[con.DebugEarlyDefault:1]]
LogConfig: Setting CVar [[r.setres:1280x720]]
[2020.04.27-02.31.25:668][  0]LogConfig: Setting CVar [[r.VSync:0]]
[2020.04.27-02.31.25:668][  0]LogConfig: Setting CVar [[r.RHICmdBypass:0]]
[2020.04.27-02.31.25:668][  0]LogConfig: Applying CVar settings from Section [/Script/Engine.RendererSettings] File [D:/1SCHOOL/Year 4/S2/Debugging/Final/VRDebugging/Saved/Config/Windows/Engine.ini]
[2020.04.27-02.31.25:668][  0]LogConfig: Setting CVar [[r.GPUCrashDebugging:0]]
[2020.04.27-02.31.25:668][  0]LogConfig: Setting CVar [[r.DefaultFeature.AmbientOcclusion:0]]
[2020.04.27-02.31.25:668][  0]LogConfig: Setting CVar [[r.DefaultFeature.AmbientOcclusionStaticFraction:0]]
[2020.04.27-02.31.25:668][  0]LogConfig: Setting CVar [[vr.InstancedStereo:1]]
[2020.04.27-02.31.25:668][  0]LogConfig: Setting CVar [[r.SeparateTranslucency:0]]
[2020.04.27-02.31.25:668][  0]LogConfig: Setting CVar [[r.HZBOcclusion:0]]
[2020.04.27-02.31.25:668][  0]LogConfig: Setting CVar [[r.SSR.MaxRoughness:0]]
[2020.04.27-02.31.25:668][  0]LogConfig: Setting CVar [[r.rhicmdbypass:0]]
[2020.04.27-02.31.25:668][  0]LogConfig: Applying CVar settings from Section [/Script/Engine.RendererOverrideSettings] File [D:/1SCHOOL/Year 4/S2/Debugging/Final/VRDebugging/Saved/Config/Windows/Engine.ini]
[2020.04.27-02.31.25:668][  0]LogConfig: Applying CVar settings from Section [/Script/Engine.StreamingSettings] File [D:/1SCHOOL/Year 4/S2/Debugging/Final/VRDebugging/Saved/Config/Windows/Engine.ini]
[2020.04.27-02.31.25:668][  0]LogConfig: Setting CVar [[s.MinBulkDataSizeForAsyncLoading:131072]]
[2020.04.27-02.31.25:668][  0]LogConfig: Setting CVar [[s.AsyncLoadingThreadEnabled:0]]
[2020.04.27-02.31.25:668][  0]LogConfig: Setting CVar [[s.EventDrivenLoaderEnabled:1]]
[2020.04.27-02.31.25:668][  0]LogConfig: Setting CVar [[s.WarnIfTimeLimitExceeded:0]]
[2020.04.27-02.31.25:668][  0]LogConfig: Setting CVar [[s.TimeLimitExceededMultiplier:1.5]]
[2020.04.27-02.31.25:668][  0]LogConfig: Setting CVar [[s.TimeLimitExceededMinTime:0.005]]
[2020.04.27-02.31.25:668][  0]LogConfig: Setting CVar [[s.UseBackgroundLevelStreaming:1]]
[2020.04.27-02.31.25:668][  0]LogConfig: Setting CVar [[s.PriorityAsyncLoadingExtraTime:15.0]]
[2020.04.27-02.31.25:669][  0]LogConfig: Setting CVar [[s.LevelStreamingActorsUpdateTimeLimit:5.0]]
[2020.04.27-02.31.25:669][  0]LogConfig: Setting CVar [[s.PriorityLevelStreamingActorsUpdateExtraTime:5.0]]
[2020.04.27-02.31.25:669][  0]LogConfig: Setting CVar [[s.LevelStreamingComponentsRegistrationGranularity:10]]
[2020.04.27-02.31.25:669][  0]LogConfig: Setting CVar [[s.UnregisterComponentsTimeLimit:1.0]]
[2020.04.27-02.31.25:669][  0]LogConfig: Setting CVar [[s.LevelStreamingComponentsUnregistrationGranularity:5]]
[2020.04.27-02.31.25:669][  0]LogConfig: Applying CVar settings from Section [/Script/Engine.GarbageCollectionSettings] File [D:/1SCHOOL/Year 4/S2/Debugging/Final/VRDebugging/Saved/Config/Windows/Engine.ini]
[2020.04.27-02.31.25:669][  0]LogConfig: Setting CVar [[gc.MaxObjectsNotConsideredByGC:1]]
[2020.04.27-02.31.25:669][  0]LogConfig: Setting CVar [[gc.SizeOfPermanentObjectPool:0]]
[2020.04.27-02.31.25:669][  0]LogConfig: Setting CVar [[gc.FlushStreamingOnGC:0]]
[2020.04.27-02.31.25:669][  0]LogConfig: Setting CVar [[gc.NumRetriesBeforeForcingGC:10]]
[2020.04.27-02.31.25:669][  0]LogConfig: Setting CVar [[gc.AllowParallelGC:1]]
[2020.04.27-02.31.25:669][  0]LogConfig: Setting CVar [[gc.TimeBetweenPurgingPendingKillObjects:61.1]]
[2020.04.27-02.31.25:669][  0]LogConfig: Setting CVar [[gc.MaxObjectsInEditor:16777216]]
[2020.04.27-02.31.25:669][  0]LogConfig: Setting CVar [[gc.IncrementalBeginDestroyEnabled:1]]
[2020.04.27-02.31.25:669][  0]LogConfig: Setting CVar [[gc.CreateGCClusters:1]]
[2020.04.27-02.31.25:669][  0]LogConfig: Setting CVar [[gc.MinGCClusterSize:5]]
[2020.04.27-02.31.25:669][  0]LogConfig: Setting CVar [[gc.ActorClusteringEnabled:0]]
[2020.04.27-02.31.25:669][  0]LogConfig: Setting CVar [[gc.BlueprintClusteringEnabled:0]]
[2020.04.27-02.31.25:669][  0]LogConfig: Setting CVar [[gc.UseDisregardForGCOnDedicatedServers:0]]
[2020.04.27-02.31.25:669][  0]LogConfig: Applying CVar settings from Section [/Script/Engine.NetworkSettings] File [D:/1SCHOOL/Year 4/S2/Debugging/Final/VRDebugging/Saved/Config/Windows/Engine.ini]
[2020.04.27-02.31.25:669][  0]LogConfig: Applying CVar settings from Section [/Script/UnrealEd.CookerSettings] File [D:/1SCHOOL/Year 4/S2/Debugging/Final/VRDebugging/Saved/Config/Windows/Engine.ini]
[2020.04.27-02.31.25:678][  0]LogConfig: Applying CVar settings from Section [ViewDistanceQuality@3] File [D:/1SCHOOL/Year 4/S2/Debugging/Final/VRDebugging/Saved/Config/Windows/Scalability.ini]
[2020.04.27-02.31.25:678][  0]LogConfig: Setting CVar [[r.SkeletalMeshLODBias:0]]
[2020.04.27-02.31.25:679][  0]LogConfig: Setting CVar [[r.ViewDistanceScale:1.0]]
[2020.04.27-02.31.25:679][  0]LogConfig: Applying CVar settings from Section [AntiAliasingQuality@3] File [D:/1SCHOOL/Year 4/S2/Debugging/Final/VRDebugging/Saved/Config/Windows/Scalability.ini]
[2020.04.27-02.31.25:679][  0]LogConfig: Setting CVar [[r.PostProcessAAQuality:3]]
[2020.04.27-02.31.25:679][  0]LogConfig: Applying CVar settings from Section [ShadowQuality@3] File [D:/1SCHOOL/Year 4/S2/Debugging/Final/VRDebugging/Saved/Config/Windows/Scalability.ini]
[2020.04.27-02.31.25:679][  0]LogConfig: Setting CVar [[r.LightFunctionQuality:1]]
[2020.04.27-02.31.25:679][  0]LogConfig: Setting CVar [[r.ShadowQuality:5]]
[2020.04.27-02.31.25:679][  0]LogConfig: Setting CVar [[r.Shadow.CSM.MaxCascades:10]]
[2020.04.27-02.31.25:679][  0]LogConfig: Setting CVar [[r.Shadow.MaxResolution:2048]]
[2020.04.27-02.31.25:679][  0]LogConfig: Setting CVar [[r.Shadow.MaxCSMResolution:2048]]
[2020.04.27-02.31.25:680][  0]LogConfig: Setting CVar [[r.Shadow.RadiusThreshold:0.01]]
[2020.04.27-02.31.25:680][  0]LogConfig: Setting CVar [[r.Shadow.DistanceScale:1.0]]
[2020.04.27-02.31.25:680][  0]LogConfig: Setting CVar [[r.Shadow.CSM.TransitionScale:1.0]]
[2020.04.27-02.31.25:680][  0]LogConfig: Setting CVar [[r.Shadow.PreShadowResolutionFactor:1.0]]
[2020.04.27-02.31.25:680][  0]LogConfig: Setting CVar [[r.DistanceFieldShadowing:1]]
[2020.04.27-02.31.25:680][  0]LogConfig: Setting CVar [[r.DistanceFieldAO:1]]
[2020.04.27-02.31.25:680][  0]LogConfig: Setting CVar [[r.AOQuality:2]]
[2020.04.27-02.31.25:680][  0]LogConfig: Setting CVar [[r.VolumetricFog:1]]
[2020.04.27-02.31.25:680][  0]LogConfig: Setting CVar [[r.VolumetricFog.GridPixelSize:8]]
[2020.04.27-02.31.25:680][  0]LogConfig: Setting CVar [[r.VolumetricFog.GridSizeZ:128]]
[2020.04.27-02.31.25:680][  0]LogConfig: Setting CVar [[r.VolumetricFog.HistoryMissSupersampleCount:4]]
[2020.04.27-02.31.25:680][  0]LogConfig: Setting CVar [[r.LightMaxDrawDistanceScale:1]]
[2020.04.27-02.31.25:680][  0]LogConfig: Setting CVar [[r.CapsuleShadows:1]]
[2020.04.27-02.31.25:680][  0]LogConfig: Applying CVar settings from Section [PostProcessQuality@3] File [D:/1SCHOOL/Year 4/S2/Debugging/Final/VRDebugging/Saved/Config/Windows/Scalability.ini]
[2020.04.27-02.31.25:680][  0]LogConfig: Setting CVar [[r.MotionBlurQuality:0]]
[2020.04.27-02.31.25:680][  0]LogConfig: Setting CVar [[r.AmbientOcclusionMipLevelFactor:0.4]]
[2020.04.27-02.31.25:680][  0]LogConfig: Setting CVar [[r.AmbientOcclusionMaxQuality:100]]
[2020.04.27-02.31.25:680][  0]LogConfig: Setting CVar [[r.AmbientOcclusionLevels:0]]
[2020.04.27-02.31.25:680][  0]LogConfig: Setting CVar [[r.AmbientOcclusionRadiusScale:1.0]]
[2020.04.27-02.31.25:680][  0]LogConfig: Setting CVar [[r.DepthOfFieldQuality:0]]
[2020.04.27-02.31.25:680][  0]LogConfig: Setting CVar [[r.RenderTargetPoolMin:400]]
[2020.04.27-02.31.25:680][  0]LogConfig: Setting CVar [[r.LensFlareQuality:0]]
[2020.04.27-02.31.25:681][  0]LogConfig: Setting CVar [[r.SceneColorFringeQuality:0]]
[2020.04.27-02.31.25:681][  0]LogConfig: Setting CVar [[r.EyeAdaptationQuality:2]]
[2020.04.27-02.31.25:681][  0]LogConfig: Setting CVar [[r.BloomQuality:1]]
[2020.04.27-02.31.25:681][  0]LogConfig: Setting CVar [[r.FastBlurThreshold:0]]
[2020.04.27-02.31.25:681][  0]LogConfig: Setting CVar [[r.Upscale.Quality:3]]
[2020.04.27-02.31.25:681][  0]LogConfig: Setting CVar [[r.Tonemapper.GrainQuantization:1]]
[2020.04.27-02.31.25:681][  0]LogConfig: Setting CVar [[r.LightShaftQuality:1]]
[2020.04.27-02.31.25:681][  0]LogConfig: Setting CVar [[r.Filter.SizeScale:1]]
[2020.04.27-02.31.25:681][  0]LogConfig: Setting CVar [[r.Tonemapper.Quality:5]]
[2020.04.27-02.31.25:681][  0]LogConfig: Setting CVar [[r.DOF.Gather.AccumulatorQuality:1        ; higher gathering accumulator quality]]
[2020.04.27-02.31.25:681][  0]LogConfig: Setting CVar [[r.DOF.Gather.PostfilterMethod:1          ; Median3x3 postfilering method]]
[2020.04.27-02.31.25:681][  0]LogConfig: Setting CVar [[r.DOF.Gather.EnableBokehSettings:0       ; no bokeh simulation when gathering]]
[2020.04.27-02.31.25:681][  0]LogConfig: Setting CVar [[r.DOF.Gather.RingCount:4                 ; medium number of samples when gathering]]
[2020.04.27-02.31.25:681][  0]LogConfig: Setting CVar [[r.DOF.Scatter.ForegroundCompositing:1    ; additive foreground scattering]]
[2020.04.27-02.31.25:681][  0]LogConfig: Setting CVar [[r.DOF.Scatter.BackgroundCompositing:2    ; additive background scattering]]
[2020.04.27-02.31.25:681][  0]LogConfig: Setting CVar [[r.DOF.Scatter.EnableBokehSettings:1      ; bokeh simulation when scattering]]
[2020.04.27-02.31.25:681][  0]LogConfig: Setting CVar [[r.DOF.Scatter.MaxSpriteRatio:0.1         ; only a maximum of 10% of scattered bokeh]]
[2020.04.27-02.31.25:681][  0]LogConfig: Setting CVar [[r.DOF.Recombine.Quality:1                ; cheap slight out of focus]]
[2020.04.27-02.31.25:681][  0]LogConfig: Setting CVar [[r.DOF.Recombine.EnableBokehSettings:0    ; no bokeh simulation on slight out of focus]]
[2020.04.27-02.31.25:681][  0]LogConfig: Setting CVar [[r.DOF.TemporalAAQuality:1                ; more stable temporal accumulation]]
[2020.04.27-02.31.25:681][  0]LogConfig: Setting CVar [[r.DOF.Kernel.MaxForegroundRadius:0.025]]
[2020.04.27-02.31.25:681][  0]LogConfig: Setting CVar [[r.DOF.Kernel.MaxBackgroundRadius:0.025]]
[2020.04.27-02.31.25:681][  0]LogConfig: Applying CVar settings from Section [TextureQuality@3] File [D:/1SCHOOL/Year 4/S2/Debugging/Final/VRDebugging/Saved/Config/Windows/Scalability.ini]
[2020.04.27-02.31.25:682][  0]LogConfig: Setting CVar [[r.Streaming.MipBias:0]]
[2020.04.27-02.31.25:682][  0]LogConfig: Setting CVar [[r.Streaming.AmortizeCPUToGPUCopy:0]]
[2020.04.27-02.31.25:682][  0]LogConfig: Setting CVar [[r.Streaming.MaxNumTexturesToStreamPerFrame:0]]
[2020.04.27-02.31.25:682][  0]LogConfig: Setting CVar [[r.Streaming.Boost:1]]
[2020.04.27-02.31.25:682][  0]LogConfig: Setting CVar [[r.MaxAnisotropy:8]]
[2020.04.27-02.31.25:682][  0]LogConfig: Setting CVar [[r.Streaming.LimitPoolSizeToVRAM:0]]
[2020.04.27-02.31.25:682][  0]LogConfig: Setting CVar [[r.Streaming.PoolSize:1000]]
[2020.04.27-02.31.25:682][  0]LogConfig: Setting CVar [[r.Streaming.MaxEffectiveScreenSize:0]]
[2020.04.27-02.31.25:682][  0]LogConfig: Applying CVar settings from Section [EffectsQuality@3] File [D:/1SCHOOL/Year 4/S2/Debugging/Final/VRDebugging/Saved/Config/Windows/Scalability.ini]
[2020.04.27-02.31.25:682][  0]LogConfig: Setting CVar [[r.TranslucencyLightingVolumeDim:4]]
[2020.04.27-02.31.25:682][  0]LogConfig: Setting CVar [[r.RefractionQuality:2]]
[2020.04.27-02.31.25:682][  0]LogConfig: Setting CVar [[r.SSR.Quality:0]]
[2020.04.27-02.31.25:682][  0]LogConfig: Setting CVar [[r.SceneColorFormat:2]]
[2020.04.27-02.31.25:682][  0]LogConfig: Setting CVar [[r.DetailMode:2]]
[2020.04.27-02.31.25:682][  0]LogConfig: Setting CVar [[r.TranslucencyVolumeBlur:0]]
[2020.04.27-02.31.25:682][  0]LogConfig: Setting CVar [[r.MaterialQualityLevel:1 ; High quality]]
[2020.04.27-02.31.25:682][  0]LogConfig: Setting CVar [[r.SSS.Scale:1]]
[2020.04.27-02.31.25:682][  0]LogConfig: Setting CVar [[r.SSS.SampleSet:2]]
[2020.04.27-02.31.25:682][  0]LogConfig: Setting CVar [[r.SSS.Quality:1]]
[2020.04.27-02.31.25:682][  0]LogConfig: Setting CVar [[r.SSS.HalfRes:1]]
[2020.04.27-02.31.25:682][  0]LogConfig: Setting CVar [[r.EmitterSpawnRateScale:1.0]]
[2020.04.27-02.31.25:683][  0]LogConfig: Setting CVar [[r.ParticleLightQuality:2]]
[2020.04.27-02.31.25:683][  0]LogConfig: Applying CVar settings from Section [FoliageQuality@3] File [D:/1SCHOOL/Year 4/S2/Debugging/Final/VRDebugging/Saved/Config/Windows/Scalability.ini]
[2020.04.27-02.31.25:683][  0]LogConfig: Setting CVar [[foliage.DensityScale:1.0]]
[2020.04.27-02.31.25:683][  0]LogConfig: Setting CVar [[grass.DensityScale:1.0]]
[2020.04.27-02.31.25:683][  0]LogInit: Selected Device Profile: [Windows]
[2020.04.27-02.31.25:683][  0]LogInit: Applying CVar settings loaded from the selected device profile: [Windows]
[2020.04.27-02.31.25:686][  0]LogHAL: Display: Platform has ~ 16 GB [17110634496 / 17179869184 / 16], which maps to Larger [LargestMinGB=32, LargerMinGB=12, DefaultMinGB=8, SmallerMinGB=6, SmallestMinGB=0)
[2020.04.27-02.31.25:686][  0]LogInit: Going up to parent DeviceProfile []
[2020.04.27-02.31.25:686][  0]LogConfig: Applying CVar settings from Section [ViewDistanceQuality@3] File [D:/1SCHOOL/Year 4/S2/Debugging/Final/VRDebugging/Saved/Config/Windows/Scalability.ini]
[2020.04.27-02.31.25:686][  0]LogConfig: Setting CVar [[r.SkeletalMeshLODBias:0]]
[2020.04.27-02.31.25:686][  0]LogConfig: Setting CVar [[r.ViewDistanceScale:1.0]]
[2020.04.27-02.31.25:686][  0]LogConfig: Applying CVar settings from Section [AntiAliasingQuality@3] File [D:/1SCHOOL/Year 4/S2/Debugging/Final/VRDebugging/Saved/Config/Windows/Scalability.ini]
[2020.04.27-02.31.25:686][  0]LogConfig: Setting CVar [[r.PostProcessAAQuality:3]]
[2020.04.27-02.31.25:686][  0]LogConfig: Applying CVar settings from Section [ShadowQuality@3] File [D:/1SCHOOL/Year 4/S2/Debugging/Final/VRDebugging/Saved/Config/Windows/Scalability.ini]
[2020.04.27-02.31.25:686][  0]LogConfig: Setting CVar [[r.LightFunctionQuality:1]]
[2020.04.27-02.31.25:687][  0]LogConfig: Setting CVar [[r.ShadowQuality:5]]
[2020.04.27-02.31.25:687][  0]LogConfig: Setting CVar [[r.Shadow.CSM.MaxCascades:10]]
[2020.04.27-02.31.25:687][  0]LogConfig: Setting CVar [[r.Shadow.MaxResolution:2048]]
[2020.04.27-02.31.25:687][  0]LogConfig: Setting CVar [[r.Shadow.MaxCSMResolution:2048]]
[2020.04.27-02.31.25:687][  0]LogConfig: Setting CVar [[r.Shadow.RadiusThreshold:0.01]]
[2020.04.27-02.31.25:687][  0]LogConfig: Setting CVar [[r.Shadow.DistanceScale:1.0]]
[2020.04.27-02.31.25:687][  0]LogConfig: Setting CVar [[r.Shadow.CSM.TransitionScale:1.0]]
[2020.04.27-02.31.25:687][  0]LogConfig: Setting CVar [[r.Shadow.PreShadowResolutionFactor:1.0]]
[2020.04.27-02.31.25:687][  0]LogConfig: Setting CVar [[r.DistanceFieldShadowing:1]]
[2020.04.27-02.31.25:688][  0]LogConfig: Setting CVar [[r.DistanceFieldAO:1]]
[2020.04.27-02.31.25:688][  0]LogConfig: Setting CVar [[r.AOQuality:2]]
[2020.04.27-02.31.25:688][  0]LogConfig: Setting CVar [[r.VolumetricFog:1]]
[2020.04.27-02.31.25:688][  0]LogConfig: Setting CVar [[r.VolumetricFog.GridPixelSize:8]]
[2020.04.27-02.31.25:688][  0]LogConfig: Setting CVar [[r.VolumetricFog.GridSizeZ:128]]
[2020.04.27-02.31.25:688][  0]LogConfig: Setting CVar [[r.VolumetricFog.HistoryMissSupersampleCount:4]]
[2020.04.27-02.31.25:688][  0]LogConfig: Setting CVar [[r.LightMaxDrawDistanceScale:1]]
[2020.04.27-02.31.25:688][  0]LogConfig: Setting CVar [[r.CapsuleShadows:1]]
[2020.04.27-02.31.25:689][  0]LogConfig: Applying CVar settings from Section [PostProcessQuality@3] File [D:/1SCHOOL/Year 4/S2/Debugging/Final/VRDebugging/Saved/Config/Windows/Scalability.ini]
[2020.04.27-02.31.25:689][  0]LogConfig: Setting CVar [[r.MotionBlurQuality:0]]
[2020.04.27-02.31.25:689][  0]LogConfig: Setting CVar [[r.AmbientOcclusionMipLevelFactor:0.4]]
[2020.04.27-02.31.25:689][  0]LogConfig: Setting CVar [[r.AmbientOcclusionMaxQuality:100]]
[2020.04.27-02.31.25:689][  0]LogConfig: Setting CVar [[r.AmbientOcclusionLevels:0]]
[2020.04.27-02.31.25:690][  0]LogConfig: Setting CVar [[r.AmbientOcclusionRadiusScale:1.0]]
[2020.04.27-02.31.25:690][  0]LogConfig: Setting CVar [[r.DepthOfFieldQuality:0]]
[2020.04.27-02.31.25:690][  0]LogConfig: Setting CVar [[r.RenderTargetPoolMin:400]]
[2020.04.27-02.31.25:690][  0]LogConfig: Setting CVar [[r.LensFlareQuality:0]]
[2020.04.27-02.31.25:690][  0]LogConfig: Setting CVar [[r.SceneColorFringeQuality:0]]
[2020.04.27-02.31.25:690][  0]LogConfig: Setting CVar [[r.EyeAdaptationQuality:2]]
[2020.04.27-02.31.25:690][  0]LogConfig: Setting CVar [[r.BloomQuality:1]]
[2020.04.27-02.31.25:690][  0]LogConfig: Setting CVar [[r.FastBlurThreshold:0]]
[2020.04.27-02.31.25:690][  0]LogConfig: Setting CVar [[r.Upscale.Quality:3]]
[2020.04.27-02.31.25:690][  0]LogConfig: Setting CVar [[r.Tonemapper.GrainQuantization:1]]
[2020.04.27-02.31.25:690][  0]LogConfig: Setting CVar [[r.LightShaftQuality:1]]
[2020.04.27-02.31.25:690][  0]LogConfig: Setting CVar [[r.Filter.SizeScale:1]]
[2020.04.27-02.31.25:690][  0]LogConfig: Setting CVar [[r.Tonemapper.Quality:5]]
[2020.04.27-02.31.25:690][  0]LogConfig: Setting CVar [[r.DOF.Gather.AccumulatorQuality:1        ; higher gathering accumulator quality]]
[2020.04.27-02.31.25:690][  0]LogConfig: Setting CVar [[r.DOF.Gather.PostfilterMethod:1          ; Median3x3 postfilering method]]
[2020.04.27-02.31.25:690][  0]LogConfig: Setting CVar [[r.DOF.Gather.EnableBokehSettings:0       ; no bokeh simulation when gathering]]
[2020.04.27-02.31.25:690][  0]LogConfig: Setting CVar [[r.DOF.Gather.RingCount:4                 ; medium number of samples when gathering]]
[2020.04.27-02.31.25:690][  0]LogConfig: Setting CVar [[r.DOF.Scatter.ForegroundCompositing:1    ; additive foreground scattering]]
[2020.04.27-02.31.25:690][  0]LogConfig: Setting CVar [[r.DOF.Scatter.BackgroundCompositing:2    ; additive background scattering]]
[2020.04.27-02.31.25:690][  0]LogConfig: Setting CVar [[r.DOF.Scatter.EnableBokehSettings:1      ; bokeh simulation when scattering]]
[2020.04.27-02.31.25:691][  0]LogConfig: Setting CVar [[r.DOF.Scatter.MaxSpriteRatio:0.1         ; only a maximum of 10% of scattered bokeh]]
[2020.04.27-02.31.25:691][  0]LogConfig: Setting CVar [[r.DOF.Recombine.Quality:1                ; cheap slight out of focus]]
[2020.04.27-02.31.25:691][  0]LogConfig: Setting CVar [[r.DOF.Recombine.EnableBokehSettings:0    ; no bokeh simulation on slight out of focus]]
[2020.04.27-02.31.25:691][  0]LogConfig: Setting CVar [[r.DOF.TemporalAAQuality:1                ; more stable temporal accumulation]]
[2020.04.27-02.31.25:691][  0]LogConfig: Setting CVar [[r.DOF.Kernel.MaxForegroundRadius:0.025]]
[2020.04.27-02.31.25:691][  0]LogConfig: Setting CVar [[r.DOF.Kernel.MaxBackgroundRadius:0.025]]
[2020.04.27-02.31.25:691][  0]LogConfig: Applying CVar settings from Section [TextureQuality@3] File [D:/1SCHOOL/Year 4/S2/Debugging/Final/VRDebugging/Saved/Config/Windows/Scalability.ini]
[2020.04.27-02.31.25:691][  0]LogConfig: Setting CVar [[r.Streaming.MipBias:0]]
[2020.04.27-02.31.25:691][  0]LogConfig: Setting CVar [[r.Streaming.AmortizeCPUToGPUCopy:0]]
[2020.04.27-02.31.25:691][  0]LogConfig: Setting CVar [[r.Streaming.MaxNumTexturesToStreamPerFrame:0]]
[2020.04.27-02.31.25:691][  0]LogConfig: Setting CVar [[r.Streaming.Boost:1]]
[2020.04.27-02.31.25:691][  0]LogConfig: Setting CVar [[r.MaxAnisotropy:8]]
[2020.04.27-02.31.25:691][  0]LogConfig: Setting CVar [[r.Streaming.LimitPoolSizeToVRAM:0]]
[2020.04.27-02.31.25:691][  0]LogConfig: Setting CVar [[r.Streaming.PoolSize:1000]]
[2020.04.27-02.31.25:691][  0]LogConfig: Setting CVar [[r.Streaming.MaxEffectiveScreenSize:0]]
[2020.04.27-02.31.25:691][  0]LogConfig: Applying CVar settings from Section [EffectsQuality@3] File [D:/1SCHOOL/Year 4/S2/Debugging/Final/VRDebugging/Saved/Config/Windows/Scalability.ini]
[2020.04.27-02.31.25:691][  0]LogConfig: Setting CVar [[r.TranslucencyLightingVolumeDim:4]]
[2020.04.27-02.31.25:691][  0]LogConfig: Setting CVar [[r.RefractionQuality:2]]
[2020.04.27-02.31.25:691][  0]LogConfig: Setting CVar [[r.SSR.Quality:0]]
[2020.04.27-02.31.25:691][  0]LogConfig: Setting CVar [[r.SceneColorFormat:2]]
[2020.04.27-02.31.25:692][  0]LogConfig: Setting CVar [[r.DetailMode:2]]
[2020.04.27-02.31.25:692][  0]LogConfig: Setting CVar [[r.TranslucencyVolumeBlur:0]]
[2020.04.27-02.31.25:692][  0]LogConfig: Setting CVar [[r.MaterialQualityLevel:1 ; High quality]]
[2020.04.27-02.31.25:692][  0]LogConfig: Setting CVar [[r.SSS.Scale:1]]
[2020.04.27-02.31.25:692][  0]LogConfig: Setting CVar [[r.SSS.SampleSet:2]]
[2020.04.27-02.31.25:692][  0]LogConfig: Setting CVar [[r.SSS.Quality:1]]
[2020.04.27-02.31.25:692][  0]LogConfig: Setting CVar [[r.SSS.HalfRes:1]]
[2020.04.27-02.31.25:692][  0]LogConfig: Setting CVar [[r.EmitterSpawnRateScale:1.0]]
[2020.04.27-02.31.25:692][  0]LogConfig: Setting CVar [[r.ParticleLightQuality:2]]
[2020.04.27-02.31.25:692][  0]LogConfig: Applying CVar settings from Section [FoliageQuality@3] File [D:/1SCHOOL/Year 4/S2/Debugging/Final/VRDebugging/Saved/Config/Windows/Scalability.ini]
[2020.04.27-02.31.25:692][  0]LogConfig: Setting CVar [[foliage.DensityScale:1.0]]
[2020.04.27-02.31.25:692][  0]LogConfig: Setting CVar [[grass.DensityScale:1.0]]
[2020.04.27-02.31.25:692][  0]LogConfig: Applying CVar settings from Section [Startup] File [../../../Engine/Config/ConsoleVariables.ini]
[2020.04.27-02.31.25:692][  0]LogConfig: Setting CVar [[net.UseAdaptiveNetUpdateFrequency:0]]
[2020.04.27-02.31.25:692][  0]LogConfig: Setting CVar [[p.chaos.AllowCreatePhysxBodies:1]]
[2020.04.27-02.31.25:692][  0]LogConfig: Applying CVar settings from Section [ConsoleVariables] File [D:/1SCHOOL/Year 4/S2/Debugging/Final/VRDebugging/Saved/Config/Windows/Engine.ini]
[2020.04.27-02.31.25:692][  0]LogInit: Computer: DESKTOP-4MBKR71
[2020.04.27-02.31.25:693][  0]LogInit: User: Alex
[2020.04.27-02.31.25:693][  0]LogInit: CPU Page size=4096, Cores=6
[2020.04.27-02.31.25:693][  0]LogInit: High frequency timer resolution =3.515621 MHz
[2020.04.27-02.31.25:693][  0]LogMemory: Memory total: Physical=15.9GB (16GB approx)
[2020.04.27-02.31.25:693][  0]LogMemory: Platform Memory Stats for Windows
[2020.04.27-02.31.25:693][  0]LogMemory: Process Physical Memory: 103.94 MB used, 103.94 MB peak
[2020.04.27-02.31.25:693][  0]LogMemory: Process Virtual Memory: 103.96 MB used, 103.96 MB peak
[2020.04.27-02.31.25:693][  0]LogMemory: Physical Memory: 8924.79 MB used,  7393.18 MB free, 16317.97 MB total
[2020.04.27-02.31.25:693][  0]LogMemory: Virtual Memory: 4697.11 MB used,  134213032.00 MB free, 134217728.00 MB total
[2020.04.27-02.31.25:701][  0]LogWindows: WindowsPlatformFeatures enabled
[2020.04.27-02.31.25:922][  0]LogInit: Using OS detected language (en-US).
[2020.04.27-02.31.25:922][  0]LogInit: Using OS detected locale (en-US).
[2020.04.27-02.31.25:923][  0]LogTextLocalizationManager: No specific localization for 'en-US' exists, so the 'en' localization will be used.
[2020.04.27-02.31.26:091][  0]LogInit: Setting process to per monitor DPI aware
[2020.04.27-02.31.26:182][  0]LogSlate: New Slate User Created.  User Index 0, Is Virtual User: 0
[2020.04.27-02.31.26:182][  0]LogSlate: Slate User Registered.  User Index 0, Is Virtual User: 0
[2020.04.27-02.31.26:884][  0]LogD3D11RHI: D3D11 adapters:
[2020.04.27-02.31.26:948][  0]LogD3D11RHI:    0. 'NVIDIA GeForce GTX 1080' (Feature Level 11_0)
[2020.04.27-02.31.26:948][  0]LogD3D11RHI:       8079/0/8158 MB DedicatedVideo/DedicatedSystem/SharedSystem, Outputs:2, VendorId:0x10de
[2020.04.27-02.31.26:952][  0]LogD3D11RHI:    1. 'Microsoft Basic Render Driver' (Feature Level 11_0)
[2020.04.27-02.31.26:953][  0]LogD3D11RHI:       0/0/8158 MB DedicatedVideo/DedicatedSystem/SharedSystem, Outputs:0, VendorId:0x1414
[2020.04.27-02.31.26:953][  0]LogD3D11RHI: Chosen D3D11 Adapter: 0
[2020.04.27-02.31.26:960][  0]LogD3D11RHI: Creating new Direct3DDevice
[2020.04.27-02.31.26:960][  0]LogD3D11RHI:     GPU DeviceId: 0x1b80 (for the marketing name, search the web for "GPU Device Id")
[2020.04.27-02.31.26:960][  0]LogWindows: EnumDisplayDevices:
[2020.04.27-02.31.26:960][  0]LogWindows:    0. 'NVIDIA GeForce GTX 1080' (P:1 D:1)
[2020.04.27-02.31.26:960][  0]LogWindows:    1. 'NVIDIA GeForce GTX 1080' (P:0 D:1)
[2020.04.27-02.31.26:960][  0]LogWindows:    2. 'NVIDIA GeForce GTX 1080' (P:0 D:0)
[2020.04.27-02.31.26:961][  0]LogWindows:    3. 'NVIDIA GeForce GTX 1080' (P:0 D:0)
[2020.04.27-02.31.26:961][  0]LogWindows: DebugString: FoundDriverCount:4 
[2020.04.27-02.31.26:961][  0]LogD3D11RHI:     Adapter Name: NVIDIA GeForce GTX 1080
[2020.04.27-02.31.26:961][  0]LogD3D11RHI:   Driver Version: 442.74 (internal:26.21.14.4274, unified:442.74)
[2020.04.27-02.31.26:961][  0]LogD3D11RHI:      Driver Date: 3-13-2020
[2020.04.27-02.31.26:961][  0]LogRHI: Texture pool is 5655 MB (70% of 8079 MB)
[2020.04.27-02.31.26:998][  0]LogD3D11RHI: Async texture creation enabled
[2020.04.27-02.31.27:009][  0]LogD3D11RHI: GPU Timing Frequency: 1000.000000 (Debug: 2 1)
[2020.04.27-02.31.27:234][  0]LogTemp: Display: Module 'AllDesktopTargetPlatform' loaded TargetPlatform 'AllDesktop'
[2020.04.27-02.31.27:243][  0]LogTemp: Display: Module 'MacClientTargetPlatform' loaded TargetPlatform 'MacClient'
[2020.04.27-02.31.27:255][  0]LogTemp: Display: Module 'MacNoEditorTargetPlatform' loaded TargetPlatform 'MacNoEditor'
[2020.04.27-02.31.27:264][  0]LogTemp: Display: Module 'MacServerTargetPlatform' loaded TargetPlatform 'MacServer'
[2020.04.27-02.31.27:274][  0]LogTemp: Display: Module 'MacTargetPlatform' loaded TargetPlatform 'Mac'
[2020.04.27-02.31.27:284][  0]LogTemp: Display: Module 'WindowsClientTargetPlatform' loaded TargetPlatform 'WindowsClient'
[2020.04.27-02.31.27:293][  0]LogTemp: Display: Module 'WindowsNoEditorTargetPlatform' loaded TargetPlatform 'WindowsNoEditor'
[2020.04.27-02.31.27:303][  0]LogTemp: Display: Module 'WindowsServerTargetPlatform' loaded TargetPlatform 'WindowsServer'
[2020.04.27-02.31.27:309][  0]LogTemp: Display: Module 'WindowsTargetPlatform' loaded TargetPlatform 'Windows'
[2020.04.27-02.31.27:340][  0]LogTemp: Display: Module 'AndroidTargetPlatform' loaded TargetPlatform 'Android'
[2020.04.27-02.31.27:340][  0]LogTemp: Display: Module 'AndroidTargetPlatform' loaded TargetPlatform 'Android_ASTC'
[2020.04.27-02.31.27:340][  0]LogTemp: Display: Module 'AndroidTargetPlatform' loaded TargetPlatform 'Android_ATC'
[2020.04.27-02.31.27:340][  0]LogTemp: Display: Module 'AndroidTargetPlatform' loaded TargetPlatform 'Android_DXT'
[2020.04.27-02.31.27:340][  0]LogTemp: Display: Module 'AndroidTargetPlatform' loaded TargetPlatform 'Android_ETC1'
[2020.04.27-02.31.27:340][  0]LogTemp: Display: Module 'AndroidTargetPlatform' loaded TargetPlatform 'Android_ETC1a'
[2020.04.27-02.31.27:340][  0]LogTemp: Display: Module 'AndroidTargetPlatform' loaded TargetPlatform 'Android_ETC2'
[2020.04.27-02.31.27:340][  0]LogTemp: Display: Module 'AndroidTargetPlatform' loaded TargetPlatform 'Android_PVRTC'
[2020.04.27-02.31.27:340][  0]LogTemp: Display: Module 'AndroidTargetPlatform' loaded TargetPlatform 'AndroidClient'
[2020.04.27-02.31.27:341][  0]LogTemp: Display: Module 'AndroidTargetPlatform' loaded TargetPlatform 'Android_ASTCClient'
[2020.04.27-02.31.27:341][  0]LogTemp: Display: Module 'AndroidTargetPlatform' loaded TargetPlatform 'Android_ATCClient'
[2020.04.27-02.31.27:341][  0]LogTemp: Display: Module 'AndroidTargetPlatform' loaded TargetPlatform 'Android_DXTClient'
[2020.04.27-02.31.27:341][  0]LogTemp: Display: Module 'AndroidTargetPlatform' loaded TargetPlatform 'Android_ETC1Client'
[2020.04.27-02.31.27:341][  0]LogTemp: Display: Module 'AndroidTargetPlatform' loaded TargetPlatform 'Android_ETC1aClient'
[2020.04.27-02.31.27:341][  0]LogTemp: Display: Module 'AndroidTargetPlatform' loaded TargetPlatform 'Android_ETC2Client'
[2020.04.27-02.31.27:341][  0]LogTemp: Display: Module 'AndroidTargetPlatform' loaded TargetPlatform 'Android_PVRTCClient'
[2020.04.27-02.31.27:341][  0]LogTemp: Display: Module 'AndroidTargetPlatform' loaded TargetPlatform 'Android_Multi'
[2020.04.27-02.31.27:341][  0]LogTemp: Display: Module 'AndroidTargetPlatform' loaded TargetPlatform 'Android_MultiClient'
[2020.04.27-02.31.27:344][  0]LogTemp: Display: Module 'HTML5TargetPlatform' loaded TargetPlatform 'HTML5'
[2020.04.27-02.31.27:365][  0]LogTemp: Display: Module 'IOSTargetPlatform' loaded TargetPlatform 'IOSClient'
[2020.04.27-02.31.27:365][  0]LogTemp: Display: Module 'IOSTargetPlatform' loaded TargetPlatform 'IOS'
[2020.04.27-02.31.27:379][  0]LogTemp: Display: Module 'TVOSTargetPlatform' loaded TargetPlatform 'TVOSClient'
[2020.04.27-02.31.27:379][  0]LogTemp: Display: Module 'TVOSTargetPlatform' loaded TargetPlatform 'TVOS'
[2020.04.27-02.31.27:387][  0]LogTemp: Display: Module 'LinuxClientTargetPlatform' loaded TargetPlatform 'LinuxClient'
[2020.04.27-02.31.27:395][  0]LogTemp: Display: Module 'LinuxNoEditorTargetPlatform' loaded TargetPlatform 'LinuxNoEditor'
[2020.04.27-02.31.27:403][  0]LogTemp: Display: Module 'LinuxServerTargetPlatform' loaded TargetPlatform 'LinuxServer'
[2020.04.27-02.31.27:410][  0]LogTemp: Display: Module 'LinuxTargetPlatform' loaded TargetPlatform 'Linux'
[2020.04.27-02.31.27:433][  0]LogTemp: Display: Module 'LuminTargetPlatform' loaded TargetPlatform 'Lumin'
[2020.04.27-02.31.27:433][  0]LogTemp: Display: Module 'LuminTargetPlatform' loaded TargetPlatform 'LuminClient'
[2020.04.27-02.31.27:433][  0]LogTargetPlatformManager: Display: Building Assets For Windows
[2020.04.27-02.31.27:450][  0]LogAudioDebug: Display: Lib vorbis DLL was dynamically loaded.
[2020.04.27-02.31.27:543][  0]LogShaderCompilers: Guid format shader working directory is -3 characters bigger than the processId version (D:/1SCHOOL/Year 4/S2/Debugging/Final/VRDebugging/Intermediate/Shaders/WorkingDirectory/23700/).
[2020.04.27-02.31.27:544][  0]LogShaderCompilers: Cleaned the shader compiler working directory 'C:/Users/alexa/AppData/Local/Temp/UnrealShaderWorkingDir/B422915D4609A9D9EFEF0E9311F865E7/'.
[2020.04.27-02.31.27:546][  0]LogXGEController: Cleaning working directory: C:/Users/alexa/AppData/Local/Temp/UnrealXGEWorkingDir/
[2020.04.27-02.31.27:546][  0]LogXGEController: Cannot use XGE Controller as Incredibuild is not installed on this machine.
[2020.04.27-02.31.27:547][  0]LogShaderCompilers: Cannot use XGE Shader Compiler as Incredibuild is not installed on this machine.
[2020.04.27-02.31.27:547][  0]LogShaderCompilers: Display: Using Local Shader Compiler.
[2020.04.27-02.31.28:016][  0]LogDerivedDataCache: Display: Max Cache Size: 512 MB
[2020.04.27-02.31.28:061][  0]LogDerivedDataCache: Loaded boot cache 0.05s 77MB C:/Users/alexa/AppData/Local/UnrealEngine/4.23/DerivedDataCache/Boot.ddc.
[2020.04.27-02.31.28:061][  0]LogDerivedDataCache: Display: Loaded Boot cache: C:/Users/alexa/AppData/Local/UnrealEngine/4.23/DerivedDataCache/Boot.ddc
[2020.04.27-02.31.28:061][  0]LogDerivedDataCache: FDerivedDataBackendGraph:  Pak pak cache file D:/1SCHOOL/Year 4/S2/Debugging/Final/VRDebugging/DerivedDataCache/DDC.ddp not found, will not use a pak cache.
[2020.04.27-02.31.28:061][  0]LogDerivedDataCache: Unable to find inner node Pak for hierarchical cache Hierarchy.
[2020.04.27-02.31.28:062][  0]LogDerivedDataCache: FDerivedDataBackendGraph:  CompressedPak pak cache file D:/1SCHOOL/Year 4/S2/Debugging/Final/VRDebugging/DerivedDataCache/Compressed.ddp not found, will not use a pak cache.
[2020.04.27-02.31.28:062][  0]LogDerivedDataCache: Unable to find inner node CompressedPak for hierarchical cache Hierarchy.
[2020.04.27-02.31.28:071][  0]LogDerivedDataCache: Display: Pak cache opened for reading ../../../Engine/DerivedDataCache/Compressed.ddp.
[2020.04.27-02.31.28:071][  0]LogDerivedDataCache: FDerivedDataBackendGraph:  EnterprisePak pak cache file ../../../Enterprise/DerivedDataCache/Compressed.ddp not found, will not use a pak cache.
[2020.04.27-02.31.28:071][  0]LogDerivedDataCache: Unable to find inner node EnterprisePak for hierarchical cache Hierarchy.
[2020.04.27-02.31.28:073][  0]LogDerivedDataCache: Using Local data cache path C:/Users/alexa/AppData/Local/UnrealEngine/Common/DerivedDataCache: Writable
[2020.04.27-02.31.28:073][  0]LogDerivedDataCache: Shared data cache path not found in *engine.ini, will not use an Shared cache.
[2020.04.27-02.31.28:073][  0]LogDerivedDataCache: Unable to find inner node Shared for hierarchical cache Hierarchy.
[2020.04.27-02.31.28:090][  0]LogMaterial: Verifying Global Shaders for PCD3D_SM5
[2020.04.27-02.31.28:093][  0]LogSlate: Using FreeType 2.6.0
[2020.04.27-02.31.28:093][  0]LogSlate: SlateFontServices - WITH_FREETYPE: 1, WITH_HARFBUZZ: 1
[2020.04.27-02.31.28:140][  0]LogAssetRegistry: FAssetRegistry took 0.0037 seconds to start up
[2020.04.27-02.31.28:342][  0]LogInit: Selected Device Profile: [Windows]
[2020.04.27-02.31.28:480][  0]LogMeshReduction: Using QuadricMeshReduction for automatic static mesh reduction
[2020.04.27-02.31.28:480][  0]LogMeshReduction: Using SimplygonMeshReduction for automatic skeletal mesh reduction
[2020.04.27-02.31.28:480][  0]LogMeshReduction: Using ProxyLODMeshReduction for automatic mesh merging
[2020.04.27-02.31.28:480][  0]LogMeshReduction: No distributed automatic mesh merging module available
[2020.04.27-02.31.28:480][  0]LogMeshMerging: No distributed automatic mesh merging module available
[2020.04.27-02.31.28:490][  0]LogNetVersion: VRDebugging 1.0.0, NetCL: 8386587, EngineNetVer: 11, GameNetVer: 0 (Checksum: 3060877490)
[2020.04.27-02.31.28:814][  0]LogPackageLocalizationCache: Processed 12 localized package path(s) for 1 prioritized culture(s) in 0.032147 seconds
[2020.04.27-02.31.28:821][  0]LogUObjectArray: 43444 objects as part of root set at end of initial load.
[2020.04.27-02.31.28:821][  0]LogUObjectAllocator: 7548648 out of 0 bytes used by permanent object pool.
[2020.04.27-02.31.28:821][  0]LogUObjectArray: CloseDisregardForGC: 0/0 objects in disregard for GC pool
[2020.04.27-02.31.29:634][  0]LogTcpMessaging: Initializing TcpMessaging bridge
[2020.04.27-02.31.29:639][  0]LogUdpMessaging: Initializing bridge on interface 0.0.0.0:0 to multicast group 230.0.0.1:6666.
[2020.04.27-02.31.29:820][  0]SourceControl: Source control is disabled
[2020.04.27-02.31.29:820][  0]SourceControl: Source control is disabled
[2020.04.27-02.31.29:823][  0]SourceControl: Source control is disabled
[2020.04.27-02.31.29:825][  0]SourceControl: Source control is disabled
[2020.04.27-02.31.29:930][  0]LogAndroidPermission: UAndroidPermissionCallbackProxy::GetInstance
[2020.04.27-02.31.30:232][  0]LogOcInput: OculusInput pre-init called
[2020.04.27-02.31.30:697][  0]LogEngine: Initializing Engine...
[2020.04.27-02.31.30:698][  0]LogHMD: SteamVR initialized.  Driver: lighthouse  Display: LHR-8A71E516
[2020.04.27-02.31.30:699][  0]LogStats: UGameplayTagsManager::InitializeManager -  0.000 s
[2020.04.27-02.31.30:880][  0]LogInit: Initializing FReadOnlyCVARCache
[2020.04.27-02.31.30:895][  0]LogAIModule: Creating AISystem for world Untitled
[2020.04.27-02.31.30:968][  0]LogInit: XAudio2 using 'Headphones (5- Arctis 7 Game)' : 2 channels at 48 kHz using 16 bits per sample (channel mask 0x3)
[2020.04.27-02.31.30:990][  0]LogInit: FAudioDevice initialized.
[2020.04.27-02.31.30:990][  0]LogNetVersion: Set ProjectVersion to 1.0.0.0. Version Checksum will be recalculated on next use.
[2020.04.27-02.31.31:057][  0]LogDerivedDataCache: Saved boot cache 0.07s 77MB C:/Users/alexa/AppData/Local/UnrealEngine/4.23/DerivedDataCache/Boot.ddc.
[2020.04.27-02.31.31:064][  0]LogInit: Texture streaming: Enabled
[2020.04.27-02.31.31:085][  0]LogEngineSessionManager: EngineSessionManager initialized
[2020.04.27-02.31.31:085][  0]LogEditorSessionSummary: Verbose: Initializing EditorSessionSummaryWriter for editor session tracking
[2020.04.27-02.31.31:086][  0]LogEditorSessionSummary: EditorSessionSummaryWriter initialized
[2020.04.27-02.31.31:116][  0]LogInit: Transaction tracking system initialized
[2020.04.27-02.31.31:155][  0]BlueprintLog: New page: Editor Load
[2020.04.27-02.31.31:247][  0]LocalizationService: Localization service is disabled
[2020.04.27-02.31.31:457][  0]LogFileCache: Scanning file cache for directory 'D:/1SCHOOL/Year 4/S2/Debugging/Final/VRDebugging/Content/' took 0.00s
[2020.04.27-02.31.31:457][  0]LogCook: Display: Max memory allowance for cook 16384mb min free memory 0mb
[2020.04.27-02.31.31:458][  0]LogCook: Display: Mobile HDR setting 1
[2020.04.27-02.31.31:639][  0]SourceControl: Source control is disabled
[2020.04.27-02.31.31:639][  0]Cmd: MAP LOAD FILE="D:/1SCHOOL/Year 4/S2/Debugging/Final/VRDebugging/Content/VirtualRealityBP/Maps/StartupMap.umap" TEMPLATE=0 SHOWPROGRESS=1 FEATURELEVEL=3
[2020.04.27-02.31.31:639][  0]LightingResults: New page: Lighting Build
[2020.04.27-02.31.31:642][  0]LogWorld: UWorld::CleanupWorld for Untitled, bSessionEnded=true, bCleanupResources=true
[2020.04.27-02.31.31:642][  0]MapCheck: New page: Map Check
[2020.04.27-02.31.31:642][  0]LightingResults: New page: Lighting Build
[2020.04.27-02.31.31:663][  0]LogUObjectHash: Compacting FUObjectHashTables data took   1.23ms
[2020.04.27-02.31.31:722][  0]LogAIModule: Creating AISystem for world StartupMap
[2020.04.27-02.31.31:726][  0]LogEditorServer: Finished looking for orphan Actors (0.000 secs)
[2020.04.27-02.31.31:754][  0]LogUObjectHash: Compacting FUObjectHashTables data took   1.02ms
[2020.04.27-02.31.31:754][  0]Cmd: MAP CHECKDEP NOCLEARLOG
[2020.04.27-02.31.31:754][  0]MapCheck: Map check complete: 0 Error(s), 0 Warning(s), took 0.114ms to complete.
[2020.04.27-02.31.31:754][  0]LogFileHelpers: Loading map 'StartupMap' took 0.116
[2020.04.27-02.31.31:882][  0]LogSlate: Updating window title bar state: overlay mode, drag disabled, window buttons hidden, title bar hidden
[2020.04.27-02.31.31:888][  0]LogSlate: Updating window title bar state: overlay mode, drag disabled, window buttons hidden, title bar hidden
[2020.04.27-02.31.31:895][  0]LogSlate: Updating window title bar state: overlay mode, drag disabled, window buttons hidden, title bar hidden
[2020.04.27-02.31.31:901][  0]LogSlate: Updating window title bar state: overlay mode, drag disabled, window buttons hidden, title bar hidden
[2020.04.27-02.31.31:908][  0]LogCollectionManager: Loaded 0 collections in 0.001758 seconds
[2020.04.27-02.31.31:914][  0]LogFileCache: Scanning file cache for directory 'D:/1SCHOOL/Year 4/S2/Debugging/Final/VRDebugging/Saved/Collections/' took 0.00s
[2020.04.27-02.31.31:914][  0]LogFileCache: Scanning file cache for directory 'D:/1SCHOOL/Year 4/S2/Debugging/Final/VRDebugging/Content/Developers/Alex/Collections/' took 0.00s
[2020.04.27-02.31.31:914][  0]LogFileCache: Scanning file cache for directory 'D:/1SCHOOL/Year 4/S2/Debugging/Final/VRDebugging/Content/Collections/' took 0.00s
[2020.04.27-02.31.31:914][  0]LogCollectionManager: Rebuilt the GUID cache for 0 collections in 0.000003 seconds
[2020.04.27-02.31.31:922][  0]LogContentBrowser: Native class hierarchy populated in 0.0072 seconds. Added 2868 classes and 682 folders.
[2020.04.27-02.31.31:928][  0]LogContentBrowser: Native class hierarchy updated for 'WidgetCarousel' in 0.0002 seconds. Added 0 classes and 0 folders.
[2020.04.27-02.31.31:957][  0]LogContentBrowser: Native class hierarchy updated for 'AddContentDialog' in 0.0002 seconds. Added 0 classes and 0 folders.
[2020.04.27-02.31.31:965][  0]LogContentBrowser: Native class hierarchy updated for 'SceneOutliner' in 0.0002 seconds. Added 1 classes and 2 folders.
[2020.04.27-02.31.31:976][  0]LogSlate: Took 0.000133 seconds to synchronously load lazily loaded font '../../../Engine/Content/Slate/Fonts/Roboto-Regular.ttf' (155K)
[2020.04.27-02.31.31:977][  0]LogSlate: Took 0.000092 seconds to synchronously load lazily loaded font '../../../Engine/Content/Slate/Fonts/Roboto-Bold.ttf' (160K)
[2020.04.27-02.31.31:981][  0]LogSlate: Took 0.000132 seconds to synchronously load lazily loaded font '../../../Engine/Content/Editor/Slate/Fonts/FontAwesome.ttf' (139K)
[2020.04.27-02.31.31:982][  0]LogSlate: Took 0.000074 seconds to synchronously load lazily loaded font '../../../Engine/Content/Slate/Fonts/DroidSansMono.ttf' (77K)
[2020.04.27-02.31.32:059][  0]LogRenderer: Reallocating scene render targets to support 1552x808 Format 26 NumSamples 1 (Frame:1).
[2020.04.27-02.31.32:138][  0]LogContentBrowser: Native class hierarchy updated for 'HierarchicalLODOutliner' in 0.0002 seconds. Added 0 classes and 0 folders.
[2020.04.27-02.31.32:138][  0]LogLoad: (Engine Initialization) Total time: 8.56 seconds
[2020.04.27-02.31.32:138][  0]LogLoad: (Engine Initialization) Total Blueprint compile time: 0.00 seconds
[2020.04.27-02.31.32:148][  0]LogWindowsTextInputMethodSystem: Display: IME system now deactivated.
[2020.04.27-02.31.32:182][  0]LogAssetRegistry: Asset discovery search completed in 4.0445 seconds
[2020.04.27-02.31.32:185][  0]LogCollectionManager: Rebuilt the object cache for 0 collections in 0.000004 seconds (found 0 objects)
[2020.04.27-02.31.32:185][  0]LogCollectionManager: Fixed up redirectors for 0 collections in 0.000256 seconds (updated 0 objects)
[2020.04.27-02.31.32:187][  0]LogContentStreaming: Texture pool size now 1000 MB
[2020.04.27-02.31.33:159][113]LogSlate: Took 0.000145 seconds to synchronously load lazily loaded font '../../../Engine/Content/Slate/Fonts/Roboto-Light.ttf' (167K)
[2020.04.27-02.31.34:826][307]LogSlate: FSceneViewport::OnFocusLost() reason 0
[2020.04.27-02.31.42:809][244]LogAssetEditorManager: Opening Asset editor for WidgetBlueprint /Game/UMG/3D_Widget.3D_Widget
[2020.04.27-02.31.43:011][244]LogContentBrowser: Native class hierarchy updated for 'BlueprintGraph' in 0.0005 seconds. Added 121 classes and 0 folders.
[2020.04.27-02.31.43:682][244]LogAssetEditorManager: Opening Asset editor for Blueprint /Game/UMG/3D_Widget_Actor.3D_Widget_Actor
[2020.04.27-02.31.44:034][244]LogAssetEditorManager: Opening Asset editor for Blueprint /Game/VirtualRealityBP/Blueprints/BP_MotionController.BP_MotionController
[2020.04.27-02.31.44:325][244]LogAssetEditorManager: Opening Asset editor for Blueprint /Game/VirtualRealityBP/Blueprints/BP_PickupCube.BP_PickupCube
[2020.04.27-02.31.44:602][244]LogAssetEditorManager: Opening Asset editor for Blueprint /Game/VirtualRealityBP/Blueprints/HMDLocomotionPawn.HMDLocomotionPawn
[2020.04.27-02.31.45:121][244]LogSlate: Took 0.000138 seconds to synchronously load lazily loaded font '../../../Engine/Content/Slate/Fonts/Roboto-BoldCondensed.ttf' (158K)
[2020.04.27-02.31.48:475][587]LogSlate: Took 0.000127 seconds to synchronously load lazily loaded font '../../../Engine/Content/Slate/Fonts/Roboto-Italic.ttf' (157K)
[2020.04.27-02.31.50:580][790]LogSlate: Window 'HMDLocomotionPawn' being destroyed
[2020.04.27-02.31.52:380][980]LogWorld: UWorld::CleanupWorld for World_5, bSessionEnded=true, bCleanupResources=true
[2020.04.27-02.31.55:006][253]LogAIModule: Creating AISystem for world MotionControllerMap
[2020.04.27-02.31.55:014][253]LogAssetEditorManager: Opening Asset editor for World /Game/VirtualRealityBP/Maps/MotionControllerMap.MotionControllerMap
[2020.04.27-02.31.55:072][253]LogUObjectHash: Compacting FUObjectHashTables data took   4.23ms
[2020.04.27-02.31.55:073][253]Cmd: MAP LOAD FILE="D:/1SCHOOL/Year 4/S2/Debugging/Final/VRDebugging/Content/VirtualRealityBP/Maps/MotionControllerMap.umap" TEMPLATE=0 SHOWPROGRESS=1 FEATURELEVEL=3
[2020.04.27-02.31.55:073][253]LightingResults: New page: Lighting Build
[2020.04.27-02.31.55:074][253]LoadErrors: New page: Loading map: MotionControllerMap.umap
[2020.04.27-02.31.55:074][253]LogWorld: UWorld::CleanupWorld for StartupMap, bSessionEnded=true, bCleanupResources=true
[2020.04.27-02.31.55:075][253]MapCheck: New page: Map Check
[2020.04.27-02.31.55:075][253]LightingResults: New page: Lighting Build
[2020.04.27-02.31.55:110][253]LogUObjectHash: Compacting FUObjectHashTables data took   2.96ms
[2020.04.27-02.31.55:115][253]LogEditorServer: Finished looking for orphan Actors (0.000 secs)
[2020.04.27-02.31.55:152][253]LogUObjectHash: Compacting FUObjectHashTables data took   2.28ms
[2020.04.27-02.31.55:164][253]Cmd: MAP CHECKDEP NOCLEARLOG
[2020.04.27-02.31.55:164][253]MapCheck: Map check complete: 0 Error(s), 0 Warning(s), took 0.094ms to complete.
[2020.04.27-02.31.55:164][253]LogFileHelpers: Loading map 'MotionControllerMap' took 0.092
[2020.04.27-02.31.56:724][427]LogTemp: Repeating last play command: VR Preview
[2020.04.27-02.31.56:747][427]LogBlueprintUserMessages: Early PlayInEditor Detection: Level '/Game/VirtualRealityBP/Maps/MotionControllerMap.MotionControllerMap:PersistentLevel' has LevelScriptBlueprint '/Game/VirtualRealityBP/Maps/MotionControllerMap.MotionControllerMap:PersistentLevel.MotionControllerMap' with GeneratedClass '/Game/VirtualRealityBP/Maps/MotionControllerMap.MotionControllerMap_C' with ClassGeneratedBy '/Game/VirtualRealityBP/Maps/MotionControllerMap.MotionControllerMap:PersistentLevel.MotionControllerMap'
[2020.04.27-02.31.56:748][427]LogPlayLevel: PlayLevel: No blueprints needed recompiling
[2020.04.27-02.31.56:748][427]PIE: New page: PIE session: MotionControllerMap (Apr 26, 2020, 6:31:56 PM)
[2020.04.27-02.31.56:749][427]LogOnline: OSS: Creating online subsystem instance for: NULL
[2020.04.27-02.31.56:751][427]LogPlayLevel: Creating play world package: /Game/VirtualRealityBP/Maps/UEDPIE_0_MotionControllerMap
[2020.04.27-02.31.56:761][427]LogPlayLevel: PIE: StaticDuplicateObject took: (0.009882s)
[2020.04.27-02.31.56:762][427]LogAIModule: Creating AISystem for world MotionControllerMap
[2020.04.27-02.31.56:763][427]LogPlayLevel: PIE: World Init took: (0.001060s)
[2020.04.27-02.31.56:763][427]LogPlayLevel: PIE: Created PIE world by copying editor world from /Game/VirtualRealityBP/Maps/MotionControllerMap.MotionControllerMap to /Game/VirtualRealityBP/Maps/UEDPIE_0_MotionControllerMap.MotionControllerMap (0.011649s)
[2020.04.27-02.31.56:797][427]LogUObjectHash: Compacting FUObjectHashTables data took   2.21ms
[2020.04.27-02.31.56:864][427]LogInit: XAudio2 using 'Headphones (5- Arctis 7 Game)' : 2 channels at 48 kHz using 16 bits per sample (channel mask 0x3)
[2020.04.27-02.31.56:880][427]LogInit: FAudioDevice initialized.
[2020.04.27-02.31.56:888][427]LogSlate: Updating window title bar state: overlay mode, drag disabled, window buttons hidden, title bar hidden
[2020.04.27-02.31.56:906][427]LogLoad: Game class is 'GameModeBase'
[2020.04.27-02.31.56:907][427]LogWorld: Bringing World /Game/VirtualRealityBP/Maps/UEDPIE_0_MotionControllerMap.MotionControllerMap up for play (max tick rate 0) at 2020.04.26-22.31.56
[2020.04.27-02.31.56:908][427]LogWorld: Bringing up level for play took: 0.001923
[2020.04.27-02.31.56:908][427]LogOnline: OSS: Creating online subsystem instance for: :Context_7
[2020.04.27-02.31.56:916][427]LogContentBrowser: Native class hierarchy updated for 'MovieSceneCapture' in 0.0003 seconds. Added 20 classes and 0 folders.
[2020.04.27-02.31.56:922][427]PIE: Play in editor start time for /Game/VirtualRealityBP/Maps/UEDPIE_0_MotionControllerMap 0.315
[2020.04.27-02.31.56:923][427]LogBlueprintUserMessages: Late PlayInEditor Detection: Level '/Game/VirtualRealityBP/Maps/MotionControllerMap.MotionControllerMap:PersistentLevel' has LevelScriptBlueprint '/Game/VirtualRealityBP/Maps/MotionControllerMap.MotionControllerMap:PersistentLevel.MotionControllerMap' with GeneratedClass '/Game/VirtualRealityBP/Maps/MotionControllerMap.MotionControllerMap_C' with ClassGeneratedBy '/Game/VirtualRealityBP/Maps/MotionControllerMap.MotionControllerMap:PersistentLevel.MotionControllerMap'
[2020.04.27-02.31.56:945][428]LogRenderer: Reallocating scene render targets to support 3704x2056 Format 26 NumSamples 1 (Frame:1).
[2020.04.27-02.32.06:361][250]LogTemp: I HAVE HIT THE FUNCTION
[2020.04.27-02.32.13:736][250]LogTemp: Name: UberGraphFrame
[2020.04.27-02.32.13:736][250]LogTemp: Let's Try To Get Grab: 
[2020.04.27-02.32.13:736][250]LogTemp: CPP Type: FPointerToUberGraphFrame
[2020.04.27-02.32.22:959][991]LogTemp: I HAVE HIT THE FUNCTION
[2020.04.27-02.32.26:823][991]LogTemp: Name: UberGraphFrame
[2020.04.27-02.32.26:824][991]LogTemp: Let's Try To Get Grab: 
[2020.04.27-02.32.26:824][991]LogTemp: CPP Type: FPointerToUberGraphFrame
[2020.04.27-02.32.38:440][828]LogTemp: I HAVE HIT THE FUNCTION
[2020.04.27-02.32.38:441][828]LogTemp: Name: UberGraphFrame
[2020.04.27-02.32.38:441][828]LogTemp: Let's Try To Get Grab: 
[2020.04.27-02.32.38:441][828]LogTemp: CPP Type: FPointerToUberGraphFrame
[2020.04.27-02.32.42:394][182]LogTemp: I HAVE HIT THE FUNCTION
[2020.04.27-02.32.42:394][182]LogTemp: Name: UberGraphFrame
[2020.04.27-02.32.42:395][182]LogTemp: Let's Try To Get Grab: 
[2020.04.27-02.32.42:395][182]LogTemp: CPP Type: FPointerToUberGraphFrame
[2020.04.27-02.32.43:623][292]LogTemp: I HAVE HIT THE FUNCTION
[2020.04.27-02.32.43:623][292]LogTemp: Name: UberGraphFrame
[2020.04.27-02.32.43:623][292]LogTemp: Let's Try To Get Grab: 
[2020.04.27-02.32.43:623][292]LogTemp: CPP Type: FPointerToUberGraphFrame
[2020.04.27-02.32.44:472][368]LogTemp: I HAVE HIT THE FUNCTION
[2020.04.27-02.32.44:472][368]LogTemp: Name: UberGraphFrame
[2020.04.27-02.32.44:472][368]LogTemp: Let's Try To Get Grab: 
[2020.04.27-02.32.44:472][368]LogTemp: CPP Type: FPointerToUberGraphFrame
[2020.04.27-02.32.45:310][443]LogTemp: I HAVE HIT THE FUNCTION
[2020.04.27-02.32.45:311][443]LogTemp: Name: UberGraphFrame
[2020.04.27-02.32.45:311][443]LogTemp: Let's Try To Get Grab: 
[2020.04.27-02.32.45:311][443]LogTemp: CPP Type: FPointerToUberGraphFrame
[2020.04.27-02.32.46:639][562]LogTemp: I HAVE HIT THE FUNCTION
[2020.04.27-02.32.46:639][562]LogTemp: Name: UberGraphFrame
[2020.04.27-02.32.46:639][562]LogTemp: Let's Try To Get Grab: 
[2020.04.27-02.32.46:639][562]LogTemp: CPP Type: FPointerToUberGraphFrame
[2020.04.27-02.32.47:543][643]LogTemp: I HAVE HIT THE FUNCTION
[2020.04.27-02.32.47:544][643]LogTemp: Name: UberGraphFrame
[2020.04.27-02.32.47:544][643]LogTemp: Let's Try To Get Grab: 
[2020.04.27-02.32.47:544][643]LogTemp: CPP Type: FPointerToUberGraphFrame
[2020.04.27-02.33.01:325][530]LogTemp: I HAVE HIT THE FUNCTION
[2020.04.27-02.33.24:149][530]LogTemp: Name: StaticMeshComponent
[2020.04.27-02.33.24:149][530]LogTemp: Let's Try To Get Grab: 
[2020.04.27-02.33.24:150][530]LogTemp: CPP Type: UStaticMeshComponent*
[2020.04.27-02.33.38:020][897]LogBlueprintUserMessages: Early EndPlayMap Detection: Level '/Game/VirtualRealityBP/Maps/MotionControllerMap.MotionControllerMap:PersistentLevel' has LevelScriptBlueprint '/Game/VirtualRealityBP/Maps/MotionControllerMap.MotionControllerMap:PersistentLevel.MotionControllerMap' with GeneratedClass '/Game/VirtualRealityBP/Maps/MotionControllerMap.MotionControllerMap_C' with ClassGeneratedBy '/Game/VirtualRealityBP/Maps/MotionControllerMap.MotionControllerMap:PersistentLevel.MotionControllerMap'
[2020.04.27-02.33.38:075][897]LogSlate: Updating window title bar state: overlay mode, drag disabled, window buttons hidden, title bar hidden
[2020.04.27-02.33.38:075][897]LogWorld: BeginTearingDown for /Game/VirtualRealityBP/Maps/UEDPIE_0_MotionControllerMap
[2020.04.27-02.33.38:096][897]LogSlate: Window 'VRDebugging Game Preview Standalone (64-bit/PCD3D_SM5)' being destroyed
[2020.04.27-02.33.38:099][897]LogWorld: UWorld::CleanupWorld for MotionControllerMap, bSessionEnded=true, bCleanupResources=true
[2020.04.27-02.33.38:113][897]LogPlayLevel: Display: Shutting down PIE online subsystems
[2020.04.27-02.33.38:113][897]LogBlueprintUserMessages: Late EndPlayMap Detection: Level '/Game/VirtualRealityBP/Maps/MotionControllerMap.MotionControllerMap:PersistentLevel' has LevelScriptBlueprint '/Game/VirtualRealityBP/Maps/MotionControllerMap.MotionControllerMap:PersistentLevel.MotionControllerMap' with GeneratedClass '/Game/VirtualRealityBP/Maps/MotionControllerMap.MotionControllerMap_C' with ClassGeneratedBy '/Game/VirtualRealityBP/Maps/MotionControllerMap.MotionControllerMap:PersistentLevel.MotionControllerMap'
[2020.04.27-02.33.38:179][897]LogUObjectHash: Compacting FUObjectHashTables data took   4.43ms
[2020.04.27-02.33.38:200][898]LogPlayLevel: Display: Destroying online subsystem :Context_7
[2020.04.27-02.34.05:319][102]LogTemp: Repeating last play command: VR Preview
[2020.04.27-02.34.05:335][102]LogBlueprintUserMessages: Early PlayInEditor Detection: Level '/Game/VirtualRealityBP/Maps/MotionControllerMap.MotionControllerMap:PersistentLevel' has LevelScriptBlueprint '/Game/VirtualRealityBP/Maps/MotionControllerMap.MotionControllerMap:PersistentLevel.MotionControllerMap' with GeneratedClass '/Game/VirtualRealityBP/Maps/MotionControllerMap.MotionControllerMap_C' with ClassGeneratedBy '/Game/VirtualRealityBP/Maps/MotionControllerMap.MotionControllerMap:PersistentLevel.MotionControllerMap'
[2020.04.27-02.34.05:336][102]BlueprintLog: New page: Pre-Play auto-recompile
[2020.04.27-02.34.05:345][102]LogPlayLevel: [PlayLevel] Compiling BP_MotionController before play...
[2020.04.27-02.34.05:697][102]LogSavePackage: Moving 'D:/1SCHOOL/Year 4/S2/Debugging/Final/VRDebugging/Saved/BP_MotionController37F5041949DCF5E0E03468AF91F17DC0.tmp' to 'D:/1SCHOOL/Year 4/S2/Debugging/Final/VRDebugging/Content/VirtualRealityBP/Blueprints/BP_MotionController.uasset'
[2020.04.27-02.34.05:741][102]LogUObjectHash: Compacting FUObjectHashTables data took   4.11ms
[2020.04.27-02.34.05:741][102]LogPlayLevel: PlayLevel: Blueprint regeneration took 405 ms (1 blueprints)
[2020.04.27-02.34.05:741][102]PIE: New page: PIE session: MotionControllerMap (Apr 26, 2020, 6:34:05 PM)
[2020.04.27-02.34.05:741][102]LogPlayLevel: Creating play world package: /Game/VirtualRealityBP/Maps/UEDPIE_0_MotionControllerMap
[2020.04.27-02.34.05:751][102]LogPlayLevel: PIE: StaticDuplicateObject took: (0.009369s)
[2020.04.27-02.34.05:752][102]LogAIModule: Creating AISystem for world MotionControllerMap
[2020.04.27-02.34.05:753][102]LogPlayLevel: PIE: World Init took: (0.001048s)
[2020.04.27-02.34.05:753][102]LogPlayLevel: PIE: Created PIE world by copying editor world from /Game/VirtualRealityBP/Maps/MotionControllerMap.MotionControllerMap to /Game/VirtualRealityBP/Maps/UEDPIE_0_MotionControllerMap.MotionControllerMap (0.011224s)
[2020.04.27-02.34.05:789][102]LogUObjectHash: Compacting FUObjectHashTables data took   2.37ms
[2020.04.27-02.34.05:852][102]LogInit: XAudio2 using 'Headphones (5- Arctis 7 Game)' : 2 channels at 48 kHz using 16 bits per sample (channel mask 0x3)
[2020.04.27-02.34.05:868][102]LogInit: FAudioDevice initialized.
[2020.04.27-02.34.05:877][102]LogSlate: Updating window title bar state: overlay mode, drag disabled, window buttons hidden, title bar hidden
[2020.04.27-02.34.05:902][102]LogLoad: Game class is 'GameModeBase'
[2020.04.27-02.34.05:904][102]LogWorld: Bringing World /Game/VirtualRealityBP/Maps/UEDPIE_0_MotionControllerMap.MotionControllerMap up for play (max tick rate 0) at 2020.04.26-22.34.05
[2020.04.27-02.34.05:905][102]LogWorld: Bringing up level for play took: 0.001829
[2020.04.27-02.34.05:905][102]LogOnline: OSS: Creating online subsystem instance for: :Context_9
[2020.04.27-02.34.05:911][102]LogGameMode: FindPlayerStart: PATHS NOT DEFINED or NO PLAYERSTART with positive rating
[2020.04.27-02.34.05:915][102]PIE: Play in editor start time for /Game/VirtualRealityBP/Maps/UEDPIE_0_MotionControllerMap 1.307
[2020.04.27-02.34.05:916][102]LogBlueprintUserMessages: Late PlayInEditor Detection: Level '/Game/VirtualRealityBP/Maps/MotionControllerMap.MotionControllerMap:PersistentLevel' has LevelScriptBlueprint '/Game/VirtualRealityBP/Maps/MotionControllerMap.MotionControllerMap:PersistentLevel.MotionControllerMap' with GeneratedClass '/Game/VirtualRealityBP/Maps/MotionControllerMap.MotionControllerMap_C' with ClassGeneratedBy '/Game/VirtualRealityBP/Maps/MotionControllerMap.MotionControllerMap:PersistentLevel.MotionControllerMap'
[2020.04.27-02.34.22:130][551]LogBlueprintUserMessages: Early EndPlayMap Detection: Level '/Game/VirtualRealityBP/Maps/MotionControllerMap.MotionControllerMap:PersistentLevel' has LevelScriptBlueprint '/Game/VirtualRealityBP/Maps/MotionControllerMap.MotionControllerMap:PersistentLevel.MotionControllerMap' with GeneratedClass '/Game/VirtualRealityBP/Maps/MotionControllerMap.MotionControllerMap_C' with ClassGeneratedBy '/Game/VirtualRealityBP/Maps/MotionControllerMap.MotionControllerMap:PersistentLevel.MotionControllerMap'
[2020.04.27-02.34.22:185][551]LogSlate: Updating window title bar state: overlay mode, drag disabled, window buttons hidden, title bar hidden
[2020.04.27-02.34.22:185][551]LogWorld: BeginTearingDown for /Game/VirtualRealityBP/Maps/UEDPIE_0_MotionControllerMap
[2020.04.27-02.34.22:230][551]LogSlate: Window 'VRDebugging Game Preview Standalone (64-bit/PCD3D_SM5)' being destroyed
[2020.04.27-02.34.22:235][551]LogWorld: UWorld::CleanupWorld for MotionControllerMap, bSessionEnded=true, bCleanupResources=true
[2020.04.27-02.34.22:251][551]LogPlayLevel: Display: Shutting down PIE online subsystems
[2020.04.27-02.34.22:252][551]LogBlueprintUserMessages: Late EndPlayMap Detection: Level '/Game/VirtualRealityBP/Maps/MotionControllerMap.MotionControllerMap:PersistentLevel' has LevelScriptBlueprint '/Game/VirtualRealityBP/Maps/MotionControllerMap.MotionControllerMap:PersistentLevel.MotionControllerMap' with GeneratedClass '/Game/VirtualRealityBP/Maps/MotionControllerMap.MotionControllerMap_C' with ClassGeneratedBy '/Game/VirtualRealityBP/Maps/MotionControllerMap.MotionControllerMap:PersistentLevel.MotionControllerMap'
[2020.04.27-02.34.22:300][551]LogUObjectHash: Compacting FUObjectHashTables data took   2.68ms
[2020.04.27-02.34.22:310][552]LogPlayLevel: Display: Destroying online subsystem :Context_9
[2020.04.27-02.34.27:859][208]BlueprintLog: New page: Compile BP_MotionController
[2020.04.27-02.34.28:060][208]LogUObjectHash: Compacting FUObjectHashTables data took   3.61ms
[2020.04.27-02.34.28:249][208]LogSavePackage: Moving 'D:/1SCHOOL/Year 4/S2/Debugging/Final/VRDebugging/Saved/BP_MotionController32CDAABB4B07C0433928009E1355A68B.tmp' to 'D:/1SCHOOL/Year 4/S2/Debugging/Final/VRDebugging/Content/VirtualRealityBP/Blueprints/BP_MotionController.uasset'
[2020.04.27-02.34.37:674][333]LogEditorTransaction: Undo Create Pin Link
[2020.04.27-02.34.38:023][368]LogEditorTransaction: Undo Break Pin Link
[2020.04.27-02.34.47:651][498]LogSavePackage: Moving 'D:/1SCHOOL/Year 4/S2/Debugging/Final/VRDebugging/Saved/BP_MotionController06D071D1437753C2AC7AE18EE5062CA2.tmp' to 'D:/1SCHOOL/Year 4/S2/Debugging/Final/VRDebugging/Content/VirtualRealityBP/Blueprints/BP_MotionController.uasset'
[2020.04.27-02.34.48:317][575]BlueprintLog: New page: Compile BP_MotionController
[2020.04.27-02.34.48:528][575]LogUObjectHash: Compacting FUObjectHashTables data took   3.77ms
[2020.04.27-02.35.00:612][965]BlueprintLog: New page: Compile BP_MotionController
[2020.04.27-02.35.00:818][965]LogUObjectHash: Compacting FUObjectHashTables data took   3.53ms
[2020.04.27-02.35.01:004][965]LogSavePackage: Moving 'D:/1SCHOOL/Year 4/S2/Debugging/Final/VRDebugging/Saved/BP_MotionControllerFE2936E242609BCABE13D68DDE82CE80.tmp' to 'D:/1SCHOOL/Year 4/S2/Debugging/Final/VRDebugging/Content/VirtualRealityBP/Blueprints/BP_MotionController.uasset'
[2020.04.27-02.35.01:224][986]LogTemp: Repeating last play command: VR Preview
[2020.04.27-02.35.01:240][986]LogBlueprintUserMessages: Early PlayInEditor Detection: Level '/Game/VirtualRealityBP/Maps/MotionControllerMap.MotionControllerMap:PersistentLevel' has LevelScriptBlueprint '/Game/VirtualRealityBP/Maps/MotionControllerMap.MotionControllerMap:PersistentLevel.MotionControllerMap' with GeneratedClass '/Game/VirtualRealityBP/Maps/MotionControllerMap.MotionControllerMap_C' with ClassGeneratedBy '/Game/VirtualRealityBP/Maps/MotionControllerMap.MotionControllerMap:PersistentLevel.MotionControllerMap'
[2020.04.27-02.35.01:241][986]LogPlayLevel: PlayLevel: No blueprints needed recompiling
[2020.04.27-02.35.01:241][986]PIE: New page: PIE session: MotionControllerMap (Apr 26, 2020, 6:35:01 PM)
[2020.04.27-02.35.01:241][986]LogPlayLevel: Creating play world package: /Game/VirtualRealityBP/Maps/UEDPIE_0_MotionControllerMap
[2020.04.27-02.35.01:251][986]LogPlayLevel: PIE: StaticDuplicateObject took: (0.009859s)
[2020.04.27-02.35.01:252][986]LogAIModule: Creating AISystem for world MotionControllerMap
[2020.04.27-02.35.01:252][986]LogPlayLevel: PIE: World Init took: (0.001197s)
[2020.04.27-02.35.01:253][986]LogPlayLevel: PIE: Created PIE world by copying editor world from /Game/VirtualRealityBP/Maps/MotionControllerMap.MotionControllerMap to /Game/VirtualRealityBP/Maps/UEDPIE_0_MotionControllerMap.MotionControllerMap (0.011744s)
[2020.04.27-02.35.01:292][986]LogUObjectHash: Compacting FUObjectHashTables data took   4.42ms
[2020.04.27-02.35.01:358][986]LogInit: XAudio2 using 'Headphones (5- Arctis 7 Game)' : 2 channels at 48 kHz using 16 bits per sample (channel mask 0x3)
[2020.04.27-02.35.01:374][986]LogInit: FAudioDevice initialized.
[2020.04.27-02.35.01:385][986]LogSlate: Updating window title bar state: overlay mode, drag disabled, window buttons hidden, title bar hidden
[2020.04.27-02.35.01:406][986]LogLoad: Game class is 'GameModeBase'
[2020.04.27-02.35.01:408][986]LogWorld: Bringing World /Game/VirtualRealityBP/Maps/UEDPIE_0_MotionControllerMap.MotionControllerMap up for play (max tick rate 0) at 2020.04.26-22.35.01
[2020.04.27-02.35.01:409][986]LogWorld: Bringing up level for play took: 0.002212
[2020.04.27-02.35.01:409][986]LogOnline: OSS: Creating online subsystem instance for: :Context_10
[2020.04.27-02.35.01:417][986]LogGameMode: FindPlayerStart: PATHS NOT DEFINED or NO PLAYERSTART with positive rating
[2020.04.27-02.35.01:424][986]PIE: Play in editor start time for /Game/VirtualRealityBP/Maps/UEDPIE_0_MotionControllerMap 0.817
[2020.04.27-02.35.01:425][986]LogBlueprintUserMessages: Late PlayInEditor Detection: Level '/Game/VirtualRealityBP/Maps/MotionControllerMap.MotionControllerMap:PersistentLevel' has LevelScriptBlueprint '/Game/VirtualRealityBP/Maps/MotionControllerMap.MotionControllerMap:PersistentLevel.MotionControllerMap' with GeneratedClass '/Game/VirtualRealityBP/Maps/MotionControllerMap.MotionControllerMap_C' with ClassGeneratedBy '/Game/VirtualRealityBP/Maps/MotionControllerMap.MotionControllerMap:PersistentLevel.MotionControllerMap'
[2020.04.27-02.35.09:466][704]LogTemp: I HAVE HIT THE FUNCTION
[2020.04.27-02.35.16:835][704]LogTemp: Name: UberGraphFrame
[2020.04.27-02.35.16:835][704]LogTemp: Let's Try To Get Grab: 
[2020.04.27-02.35.16:836][704]LogTemp: CPP Type: FPointerToUberGraphFrame
